#
# There is insufficient memory for the Java Runtime Environment to continue.
# Native memory allocation (malloc) failed to allocate 2294896 bytes. Error detail: Chunk::new
# Possible reasons:
#   The system is out of physical RAM or swap space
#   This process is running with CompressedOops enabled, and the Java Heap may be blocking the growth of the native heap
# Possible solutions:
#   Reduce memory load on the system
#   Increase physical memory or swap space
#   Check if swap backing store is full
#   Decrease Java heap size (-Xmx/-Xms)
#   Decrease number of Java threads
#   Decrease Java thread stack sizes (-Xss)
#   Set larger code cache with -XX:ReservedCodeCacheSize=
#   JVM is running with Unscaled Compressed Oops mode in which the Java heap is
#     placed in the first 4GB address space. The Java Heap base address is the
#     maximum limit for the native heap growth. Please use -XX:HeapBaseMinAddress
#     to set the Java Heap base and to place the Java Heap above 4GB virtual address.
# This output file may be truncated or incomplete.
#
#  Out of Memory Error (arena.cpp:191), pid=6280, tid=12164
#
# JRE version: OpenJDK Runtime Environment Temurin-17.0.12+7 (17.0.12+7) (build 17.0.12+7)
# Java VM: OpenJDK 64-Bit Server VM Temurin-17.0.12+7 (17.0.12+7, mixed mode, tiered, compressed oops, compressed class ptrs, parallel gc, windows-amd64)
# No core dump will be written. Minidumps are not enabled by default on client versions of Windows
#

---------------  S U M M A R Y ------------

Command Line: --add-modules=ALL-SYSTEM --add-opens=java.base/java.util=ALL-UNNAMED --add-opens=java.base/java.lang=ALL-UNNAMED --add-opens=java.base/sun.nio.fs=ALL-UNNAMED -Declipse.application=org.eclipse.jdt.ls.core.id1 -Dosgi.bundles.defaultStartLevel=4 -Declipse.product=org.eclipse.jdt.ls.core.product -Djava.import.generatesMetadataFilesAtProjectRoot=false -DDetectVMInstallationsJob.disabled=true -Dfile.encoding=utf8 -XX:+UseParallelGC -XX:GCTimeRatio=4 -XX:AdaptiveSizePolicyWeight=90 -Dsun.zip.disableMemoryMapping=true -Xmx1G -Xms100m -Xlog:disable -javaagent:c:\Users\PC\.vscode\extensions\redhat.java-1.35.0-win32-x64\lombok\lombok-1.18.33.jar -XX:+HeapDumpOnOutOfMemoryError -XX:HeapDumpPath=c:\Users\PC\AppData\Roaming\Code\User\workspaceStorage\9ab2f2c6fc39af6dc7adef449bfbfcff\redhat.java -Daether.dependencyCollector.impl=bf c:\Users\PC\.vscode\extensions\redhat.java-1.35.0-win32-x64\server\plugins\org.eclipse.equinox.launcher_1.6.900.v20240613-2009.jar -configuration c:\Users\PC\AppData\Roaming\Code\User\globalStorage\redhat.java\1.35.0\config_win -data c:\Users\PC\AppData\Roaming\Code\User\workspaceStorage\9ab2f2c6fc39af6dc7adef449bfbfcff\redhat.java\jdt_ws --pipe=\\.\pipe\lsp-fffe453124660336519ad32b1b29f0fd-sock

Host: 12th Gen Intel(R) Core(TM) i7-12700H, 20 cores, 15G,  Windows 11 , 64 bit Build 22621 (10.0.22621.3958)
Time: Sun Sep 29 00:31:57 2024 SE Asia Standard Time elapsed time: 14.763035 seconds (0d 0h 0m 14s)

---------------  T H R E A D  ---------------

Current thread (0x00000129fc1cc740):  JavaThread "C2 CompilerThread1" daemon [_thread_in_native, id=12164, stack(0x0000002363100000,0x0000002363200000)]


Current CompileTask:
C2:  14763 9267   !   4       org.eclipse.jdt.internal.core.search.indexing.BinaryIndexer::indexDocument (1157 bytes)

Stack: [0x0000002363100000,0x0000002363200000]
Native frames: (J=compiled Java code, j=interpreted, Vv=VM code, C=native code)
V  [jvm.dll+0x67f929]
V  [jvm.dll+0x8371ba]
V  [jvm.dll+0x838c7e]
V  [jvm.dll+0x8392e3]
V  [jvm.dll+0x24834f]
V  [jvm.dll+0xac9d4]
V  [jvm.dll+0xad01c]
V  [jvm.dll+0x367452]
V  [jvm.dll+0x1bd376]
V  [jvm.dll+0x21aa09]
V  [jvm.dll+0x219cf1]
V  [jvm.dll+0x1a58bd]
V  [jvm.dll+0x229a2d]
V  [jvm.dll+0x227bdc]
V  [jvm.dll+0x7ec1f7]
V  [jvm.dll+0x7e65dc]
V  [jvm.dll+0x67e7f7]
C  [ucrtbase.dll+0x29333]
C  [KERNEL32.DLL+0x1257d]
C  [ntdll.dll+0x5af08]


---------------  P R O C E S S  ---------------

Threads class SMR info:
_java_thread_list=0x000001298104bfa0, length=71, elements={
0x00000129e032b320, 0x00000129f41b5020, 0x00000129e03d8760, 0x00000129f41baeb0,
0x00000129f41bbd30, 0x00000129f41bd350, 0x00000129f936a010, 0x00000129f936cd20,
0x00000129f936df70, 0x00000129f9372db0, 0x00000129f409c460, 0x00000129f94dee60,
0x00000129fbb930e0, 0x00000129fbd0ac40, 0x00000129fbd0a220, 0x00000129fbd07490,
0x00000129fbd08de0, 0x00000129fbd09800, 0x00000129fbd083c0, 0x00000129fc1cc740,
0x00000129fbd092f0, 0x00000129fbd09d10, 0x00000129fcc33580, 0x00000129fcc358f0,
0x00000129fcc353e0, 0x00000129fcc33a90, 0x00000129fcc36310, 0x00000129fcc37240,
0x00000129fcc35e00, 0x00000129fcc38680, 0x00000129fcc344b0, 0x00000129fcc38b90,
0x00000129fcc31720, 0x00000129fcc390a0, 0x00000129fcc31c30, 0x00000129fcc36820,
0x00000129fcc32b60, 0x00000129fcc32140, 0x00000129fcc349c0, 0x00000129fcc36d30,
0x00000129fcc33070, 0x00000129fcc32650, 0x00000129fcc33fa0, 0x00000129fcc34ed0,
0x00000129fcc37750, 0x00000129fcc37c60, 0x00000129fcfe4ae0, 0x00000129fcfec460,
0x00000129fcfeb020, 0x00000129fcfe5500, 0x00000129fcfe87a0, 0x00000129fcfe91c0,
0x00000129fcfeb530, 0x00000129fcfeba40, 0x00000129fcfebf50, 0x00000129fcfe4ff0,
0x00000129fcfe8290, 0x00000129fcfe5a10, 0x00000129fcfe6430, 0x00000129fcfe6e50,
0x00000129fcfe7360, 0x00000129fcfe7870, 0x00000129fcfe8cb0, 0x00000129fcfe7d80,
0x00000129fcfe96d0, 0x00000129fcfea0f0, 0x00000129fcfea600, 0x00000129fbd07eb0,
0x00000129fc5e9a30, 0x00000129fc5ea450, 0x00000129fc5eeb30
}

Java Threads: ( => current thread )
  0x00000129e032b320 JavaThread "main" [_thread_blocked, id=24752, stack(0x0000002360d00000,0x0000002360e00000)]
  0x00000129f41b5020 JavaThread "Reference Handler" daemon [_thread_blocked, id=7784, stack(0x0000002361000000,0x0000002361100000)]
  0x00000129e03d8760 JavaThread "Finalizer" daemon [_thread_blocked, id=23220, stack(0x0000002361100000,0x0000002361200000)]
  0x00000129f41baeb0 JavaThread "Signal Dispatcher" daemon [_thread_blocked, id=24672, stack(0x0000002361200000,0x0000002361300000)]
  0x00000129f41bbd30 JavaThread "Attach Listener" daemon [_thread_blocked, id=25080, stack(0x0000002361300000,0x0000002361400000)]
  0x00000129f41bd350 JavaThread "Service Thread" daemon [_thread_blocked, id=19428, stack(0x0000002361400000,0x0000002361500000)]
  0x00000129f936a010 JavaThread "Monitor Deflation Thread" daemon [_thread_blocked, id=18384, stack(0x0000002361500000,0x0000002361600000)]
  0x00000129f936cd20 JavaThread "C2 CompilerThread0" daemon [_thread_blocked, id=17664, stack(0x0000002361600000,0x0000002361700000)]
  0x00000129f936df70 JavaThread "C1 CompilerThread0" daemon [_thread_blocked, id=12404, stack(0x0000002361700000,0x0000002361800000)]
  0x00000129f9372db0 JavaThread "Sweeper thread" daemon [_thread_blocked, id=6920, stack(0x0000002361800000,0x0000002361900000)]
  0x00000129f409c460 JavaThread "Common-Cleaner" daemon [_thread_blocked, id=20400, stack(0x0000002361900000,0x0000002361a00000)]
  0x00000129f94dee60 JavaThread "C1 CompilerThread1" daemon [_thread_blocked, id=16348, stack(0x0000002361a00000,0x0000002361b00000)]
  0x00000129fbb930e0 JavaThread "Notification Thread" daemon [_thread_blocked, id=18128, stack(0x0000002361f00000,0x0000002362000000)]
  0x00000129fbd0ac40 JavaThread "Active Thread: Equinox Container: 0d27de8d-2acc-4727-adbd-6c54578720e4" [_thread_blocked, id=17572, stack(0x0000002362700000,0x0000002362800000)]
  0x00000129fbd0a220 JavaThread "Framework Event Dispatcher: Equinox Container: 0d27de8d-2acc-4727-adbd-6c54578720e4" daemon [_thread_blocked, id=18000, stack(0x0000002361d00000,0x0000002361e00000)]
  0x00000129fbd07490 JavaThread "Start Level: Equinox Container: 0d27de8d-2acc-4727-adbd-6c54578720e4" daemon [_thread_blocked, id=19308, stack(0x0000002362600000,0x0000002362700000)]
  0x00000129fbd08de0 JavaThread "Bundle File Closer" daemon [_thread_blocked, id=24948, stack(0x0000002361c00000,0x0000002361d00000)]
  0x00000129fbd09800 JavaThread "SCR Component Actor" daemon [_thread_blocked, id=14768, stack(0x0000002362b00000,0x0000002362c00000)]
  0x00000129fbd083c0 JavaThread "Worker-JM" [_thread_blocked, id=20360, stack(0x0000002362f00000,0x0000002363000000)]
=>0x00000129fc1cc740 JavaThread "C2 CompilerThread1" daemon [_thread_in_native, id=12164, stack(0x0000002363100000,0x0000002363200000)]
  0x00000129fbd092f0 JavaThread "JNA Cleaner" daemon [_thread_blocked, id=5664, stack(0x0000002363200000,0x0000002363300000)]
  0x00000129fbd09d10 JavaThread "Worker-0" [_thread_blocked, id=25200, stack(0x0000002363300000,0x0000002363400000)]
  0x00000129fcc33580 JavaThread "Worker-1: Java indexing... " [_thread_blocked, id=22248, stack(0x0000002363400000,0x0000002363500000)]
  0x00000129fcc358f0 JavaThread "Java indexing" daemon [_thread_in_Java, id=18132, stack(0x0000002363a00000,0x0000002363b00000)]
  0x00000129fcc353e0 JavaThread "Thread-2" daemon [_thread_in_native, id=16108, stack(0x0000002363d00000,0x0000002363e00000)]
  0x00000129fcc33a90 JavaThread "Thread-3" daemon [_thread_in_native, id=18652, stack(0x0000002363e00000,0x0000002363f00000)]
  0x00000129fcc36310 JavaThread "Thread-4" daemon [_thread_in_native, id=17784, stack(0x0000002363f00000,0x0000002364000000)]
  0x00000129fcc37240 JavaThread "Thread-5" daemon [_thread_in_native, id=8752, stack(0x0000002364000000,0x0000002364100000)]
  0x00000129fcc35e00 JavaThread "Thread-6" daemon [_thread_in_native, id=17652, stack(0x0000002364100000,0x0000002364200000)]
  0x00000129fcc38680 JavaThread "Thread-7" daemon [_thread_in_native, id=19968, stack(0x0000002364200000,0x0000002364300000)]
  0x00000129fcc344b0 JavaThread "Thread-8" daemon [_thread_in_native, id=17760, stack(0x0000002364300000,0x0000002364400000)]
  0x00000129fcc38b90 JavaThread "Thread-9" daemon [_thread_in_native, id=17752, stack(0x0000002364400000,0x0000002364500000)]
  0x00000129fcc31720 JavaThread "Thread-10" daemon [_thread_in_native, id=17360, stack(0x0000002364500000,0x0000002364600000)]
  0x00000129fcc390a0 JavaThread "Thread-11" daemon [_thread_in_native, id=15844, stack(0x0000002364600000,0x0000002364700000)]
  0x00000129fcc31c30 JavaThread "Thread-12" daemon [_thread_in_native, id=7388, stack(0x0000002364700000,0x0000002364800000)]
  0x00000129fcc36820 JavaThread "Thread-13" daemon [_thread_in_native, id=17700, stack(0x0000002364800000,0x0000002364900000)]
  0x00000129fcc32b60 JavaThread "Thread-14" daemon [_thread_in_native, id=15804, stack(0x0000002364900000,0x0000002364a00000)]
  0x00000129fcc32140 JavaThread "Thread-15" daemon [_thread_in_native, id=17796, stack(0x0000002364a00000,0x0000002364b00000)]
  0x00000129fcc349c0 JavaThread "Thread-16" daemon [_thread_in_native, id=17996, stack(0x0000002364b00000,0x0000002364c00000)]
  0x00000129fcc36d30 JavaThread "Thread-17" daemon [_thread_in_native, id=17636, stack(0x0000002364c00000,0x0000002364d00000)]
  0x00000129fcc33070 JavaThread "Thread-18" daemon [_thread_in_native, id=10744, stack(0x0000002364d00000,0x0000002364e00000)]
  0x00000129fcc32650 JavaThread "Thread-19" daemon [_thread_in_native, id=23832, stack(0x0000002364e00000,0x0000002364f00000)]
  0x00000129fcc33fa0 JavaThread "Thread-20" daemon [_thread_in_native, id=17772, stack(0x0000002364f00000,0x0000002365000000)]
  0x00000129fcc34ed0 JavaThread "Thread-21" daemon [_thread_in_native, id=15888, stack(0x0000002365000000,0x0000002365100000)]
  0x00000129fcc37750 JavaThread "Thread-22" daemon [_thread_in_native, id=17632, stack(0x0000002365100000,0x0000002365200000)]
  0x00000129fcc37c60 JavaThread "pool-2-thread-1" [_thread_blocked, id=19416, stack(0x0000002365200000,0x0000002365300000)]
  0x00000129fcfe4ae0 JavaThread "WorkspaceEventsHandler" [_thread_blocked, id=17640, stack(0x0000002365300000,0x0000002365400000)]
  0x00000129fcfec460 JavaThread "pool-1-thread-1" [_thread_blocked, id=10400, stack(0x0000002365400000,0x0000002365500000)]
  0x00000129fcfeb020 JavaThread "Worker-2" [_thread_blocked, id=17704, stack(0x0000002365900000,0x0000002365a00000)]
  0x00000129fcfe5500 JavaThread "Worker-3" [_thread_blocked, id=21872, stack(0x0000002365a00000,0x0000002365b00000)]
  0x00000129fcfe87a0 JavaThread "Compiler Source File Reader" daemon [_thread_blocked, id=11364, stack(0x0000002365b00000,0x0000002365c00000)]
  0x00000129fcfe91c0 JavaThread "Compiler Source File Reader" daemon [_thread_blocked, id=6816, stack(0x0000002365c00000,0x0000002365d00000)]
  0x00000129fcfeb530 JavaThread "Compiler Source File Reader" daemon [_thread_blocked, id=8912, stack(0x0000002365d00000,0x0000002365e00000)]
  0x00000129fcfeba40 JavaThread "Compiler Source File Reader" daemon [_thread_blocked, id=23944, stack(0x0000002365e00000,0x0000002365f00000)]
  0x00000129fcfebf50 JavaThread "ForkJoinPool.commonPool-worker-1" daemon [_thread_blocked, id=18244, stack(0x0000002365f00000,0x0000002366000000)]
  0x00000129fcfe4ff0 JavaThread "Compiler Processing Task" daemon [_thread_blocked, id=8412, stack(0x0000002366000000,0x0000002366100000)]
  0x00000129fcfe8290 JavaThread "ForkJoinPool.commonPool-worker-2" daemon [_thread_blocked, id=3104, stack(0x0000002366100000,0x0000002366200000)]
  0x00000129fcfe5a10 JavaThread "Worker-4" [_thread_blocked, id=21212, stack(0x0000002366200000,0x0000002366300000)]
  0x00000129fcfe6430 JavaThread "ForkJoinPool.commonPool-worker-3" daemon [_thread_blocked, id=4036, stack(0x0000002366300000,0x0000002366400000)]
  0x00000129fcfe6e50 JavaThread "ForkJoinPool.commonPool-worker-4" daemon [_thread_blocked, id=16600, stack(0x0000002366400000,0x0000002366500000)]
  0x00000129fcfe7360 JavaThread "ForkJoinPool.commonPool-worker-5" daemon [_thread_blocked, id=18732, stack(0x0000002366500000,0x0000002366600000)]
  0x00000129fcfe7870 JavaThread "ForkJoinPool.commonPool-worker-6" daemon [_thread_blocked, id=18164, stack(0x0000002366600000,0x0000002366700000)]
  0x00000129fcfe8cb0 JavaThread "ForkJoinPool.commonPool-worker-7" daemon [_thread_blocked, id=17184, stack(0x0000002366700000,0x0000002366800000)]
  0x00000129fcfe7d80 JavaThread "ForkJoinPool.commonPool-worker-8" daemon [_thread_blocked, id=20476, stack(0x0000002366800000,0x0000002366900000)]
  0x00000129fcfe96d0 JavaThread "ForkJoinPool.commonPool-worker-9" daemon [_thread_blocked, id=23224, stack(0x0000002366900000,0x0000002366a00000)]
  0x00000129fcfea0f0 JavaThread "Worker-5" [_thread_blocked, id=17556, stack(0x0000002366b00000,0x0000002366c00000)]
  0x00000129fcfea600 JavaThread "Cleaner-0" daemon [_thread_blocked, id=17872, stack(0x0000002366c00000,0x0000002366d00000)]
  0x00000129fbd07eb0 JavaThread "Compiler Source File Reader" daemon [_thread_blocked, id=17108, stack(0x0000002366d00000,0x0000002366e00000)]
  0x00000129fc5e9a30 JavaThread "Compiler Source File Reader" daemon [_thread_blocked, id=24224, stack(0x0000002366e00000,0x0000002366f00000)]
  0x00000129fc5ea450 JavaThread "Compiler Source File Reader" daemon [_thread_blocked, id=23872, stack(0x0000002366f00000,0x0000002367000000)]
  0x00000129fc5eeb30 JavaThread "Compiler Source File Reader" daemon [_thread_blocked, id=3172, stack(0x0000002367000000,0x0000002367100000)]

Other Threads:
  0x00000129f9344510 VMThread "VM Thread" [stack: 0x0000002360f00000,0x0000002361000000] [id=25496]
  0x00000129fbb935c0 WatcherThread [stack: 0x0000002362000000,0x0000002362100000] [id=19760]
  0x00000129e0340ef0 GCTaskThread "GC Thread#0" [stack: 0x0000002360e00000,0x0000002360f00000] [id=17104]
  0x00000129fc51bd10 GCTaskThread "GC Thread#1" [stack: 0x0000002362100000,0x0000002362200000] [id=21172]
  0x00000129fc51adb0 GCTaskThread "GC Thread#2" [stack: 0x0000002362200000,0x0000002362300000] [id=1408]
  0x00000129fc0b0700 GCTaskThread "GC Thread#3" [stack: 0x0000002362300000,0x0000002362400000] [id=20272]
  0x00000129fc0b0dd0 GCTaskThread "GC Thread#4" [stack: 0x0000002362400000,0x0000002362500000] [id=16520]
  0x00000129fc0b1090 GCTaskThread "GC Thread#5" [stack: 0x0000002362500000,0x0000002362600000] [id=23856]
  0x00000129fc4b6e70 GCTaskThread "GC Thread#6" [stack: 0x0000002362800000,0x0000002362900000] [id=6988]
  0x00000129fc507210 GCTaskThread "GC Thread#7" [stack: 0x0000002362900000,0x0000002362a00000] [id=24268]
  0x00000129fc8b0720 GCTaskThread "GC Thread#8" [stack: 0x0000002362a00000,0x0000002362b00000] [id=16024]
  0x00000129fca5abc0 GCTaskThread "GC Thread#9" [stack: 0x0000002362d00000,0x0000002362e00000] [id=17992]
  0x00000129fcbcd030 GCTaskThread "GC Thread#10" [stack: 0x0000002362e00000,0x0000002362f00000] [id=20424]
  0x00000129fbbf6410 GCTaskThread "GC Thread#11" [stack: 0x0000002363000000,0x0000002363100000] [id=18224]
  0x00000129fcb6a480 GCTaskThread "GC Thread#12" [stack: 0x0000002363500000,0x0000002363600000] [id=17564]
  0x00000129fc53bbf0 GCTaskThread "GC Thread#13" [stack: 0x0000002363600000,0x0000002363700000] [id=448]
  0x00000129fc53a800 GCTaskThread "GC Thread#14" [stack: 0x0000002363700000,0x0000002363800000] [id=22164]

Threads with active compile tasks:
C2 CompilerThread1    14785 9267   !   4       org.eclipse.jdt.internal.core.search.indexing.BinaryIndexer::indexDocument (1157 bytes)

VM state: not at safepoint (normal execution)

VM Mutex/Monitor currently owned by a thread: None

Heap address: 0x00000000c0000000, size: 1024 MB, Compressed Oops mode: 32-bit

CDS archive(s) not mapped
Compressed class space mapped at: 0x0000000100000000-0x0000000140000000, reserved size: 1073741824
Narrow klass base: 0x0000000000000000, Narrow klass shift: 3, Narrow klass range: 0x140000000

GC Precious Log:
 CPUs: 20 total, 20 available
 Memory: 16004M
 Large Page Support: Disabled
 NUMA Support: Disabled
 Compressed Oops: Enabled (32-bit)
 Alignments: Space 512K, Generation 512K, Heap 2M
 Heap Min Capacity: 100M
 Heap Initial Capacity: 100M
 Heap Max Capacity: 1G
 Pre-touch: Disabled
 Parallel Workers: 15

Heap:
 PSYoungGen      total 11776K, used 5887K [0x00000000eab00000, 0x00000000ec280000, 0x0000000100000000)
  eden space 7680K, 23% used [0x00000000eab00000,0x00000000eacc2a18,0x00000000eb280000)
  from space 4096K, 99% used [0x00000000eb980000,0x00000000ebd7d268,0x00000000ebd80000)
  to   space 7168K, 0% used [0x00000000eb280000,0x00000000eb280000,0x00000000eb980000)
 ParOldGen       total 237056K, used 213636K [0x00000000c0000000, 0x00000000ce780000, 0x00000000eab00000)
  object space 237056K, 90% used [0x00000000c0000000,0x00000000cd0a11b0,0x00000000ce780000)
 Metaspace       used 69160K, committed 70400K, reserved 1114112K
  class space    used 7284K, committed 7808K, reserved 1048576K

Card table byte_map: [0x00000129dfcf0000,0x00000129dff00000] _byte_map_base: 0x00000129df6f0000

Marking Bits: (ParMarkBitMap*) 0x00007ff81caa58b0
 Begin Bits: [0x00000129f1fc0000, 0x00000129f2fc0000)
 End Bits:   [0x00000129f2fc0000, 0x00000129f3fc0000)

Polling page: 0x00000129dfae0000

Metaspace:

Usage:
  Non-class:     60.43 MB used.
      Class:      7.11 MB used.
       Both:     67.54 MB used.

Virtual space:
  Non-class space:       64.00 MB reserved,      61.12 MB ( 96%) committed,  1 nodes.
      Class space:        1.00 GB reserved,       7.62 MB ( <1%) committed,  1 nodes.
             Both:        1.06 GB reserved,      68.75 MB (  6%) committed. 

Chunk freelists:
   Non-Class:  2.41 MB
       Class:  8.34 MB
        Both:  10.75 MB

MaxMetaspaceSize: unlimited
CompressedClassSpaceSize: 1.00 GB
Initial GC threshold: 21.00 MB
Current GC threshold: 114.62 MB
CDS: off
MetaspaceReclaimPolicy: balanced
 - commit_granule_bytes: 65536.
 - commit_granule_words: 8192.
 - virtual_space_node_default_size: 8388608.
 - enlarge_chunks_in_place: 1.
 - new_chunks_are_fully_committed: 0.
 - uncommit_free_chunks: 1.
 - use_allocation_guard: 0.
 - handle_deallocations: 1.


Internal statistics:

num_allocs_failed_limit: 9.
num_arena_births: 716.
num_arena_deaths: 14.
num_vsnodes_births: 2.
num_vsnodes_deaths: 0.
num_space_committed: 1100.
num_space_uncommitted: 0.
num_chunks_returned_to_freelist: 23.
num_chunks_taken_from_freelist: 3469.
num_chunk_merges: 9.
num_chunk_splits: 2206.
num_chunks_enlarged: 1370.
num_inconsistent_stats: 0.

CodeHeap 'non-profiled nmethods': size=119168Kb used=6286Kb max_used=6286Kb free=112881Kb
 bounds [0x00000129eab60000, 0x00000129eb190000, 0x00000129f1fc0000]
CodeHeap 'profiled nmethods': size=119104Kb used=16568Kb max_used=16568Kb free=102535Kb
 bounds [0x00000129e2fc0000, 0x00000129e4000000, 0x00000129ea410000]
CodeHeap 'non-nmethods': size=7488Kb used=1952Kb max_used=3200Kb free=5535Kb
 bounds [0x00000129ea410000, 0x00000129ea740000, 0x00000129eab60000]
 total_blobs=8665 nmethods=7925 adapters=650
 compilation: enabled
              stopped_count=0, restarted_count=0
 full_count=0

Compilation events (20 events):
Event: 14.059 Thread 0x00000129f94dee60 9266       3       org.eclipse.jdt.internal.compiler.parser.Scanner::internalScanIdentifierOrKeyword (4945 bytes)
Event: 14.073 Thread 0x00000129fc1cc740 9267   !   4       org.eclipse.jdt.internal.core.search.indexing.BinaryIndexer::indexDocument (1157 bytes)
Event: 14.081 Thread 0x00000129f936cd20 nmethod 9265 0x00000129eb178290 code [0x00000129eb1784a0, 0x00000129eb1797d8]
Event: 14.082 Thread 0x00000129f94dee60 nmethod 9266 0x00000129e3fd5d90 code [0x00000129e3fd6ba0, 0x00000129e3fe27b8]
Event: 14.083 Thread 0x00000129fc992580 nmethod 9261 0x00000129eb17a590 code [0x00000129eb17a8a0, 0x00000129eb17ce08]
Event: 14.091 Thread 0x00000129fc991840 nmethod 9264 0x00000129eb17e910 code [0x00000129eb17ebe0, 0x00000129eb181168]
Event: 14.143 Thread 0x00000129f94dee60 9268   !   3       java.util.concurrent.ConcurrentHashMap::transfer (850 bytes)
Event: 14.146 Thread 0x00000129f94dee60 nmethod 9268 0x00000129e3fe4890 code [0x00000129e3fe4ca0, 0x00000129e3fe6fd8]
Event: 14.465 Thread 0x00000129f94dee60 9269       3       org.eclipse.jdt.internal.core.search.indexing.AbstractIndexer::addEnumDeclaration (114 bytes)
Event: 14.467 Thread 0x00000129f94dee60 nmethod 9269 0x00000129e3fe8690 code [0x00000129e3fe89c0, 0x00000129e3fe9f08]
Event: 14.529 Thread 0x00000129f936cd20 9270       4       java.util.stream.ReferencePipeline$2$1::begin (13 bytes)
Event: 14.529 Thread 0x00000129f936cd20 nmethod 9270 0x00000129eb182f90 code [0x00000129eb183100, 0x00000129eb1831b8]
Event: 14.534 Thread 0x00000129f936cd20 9271       4       java.util.stream.ReferencePipeline$2::opWrapSink (10 bytes)
Event: 14.535 Thread 0x00000129f936cd20 nmethod 9271 0x00000129eb183290 code [0x00000129eb183420, 0x00000129eb183598]
Event: 14.659 Thread 0x00000129f936cd20 9272       4       java.util.stream.Sink$ChainedReference::end (10 bytes)
Event: 14.659 Thread 0x00000129f936cd20 nmethod 9272 0x00000129eb183710 code [0x00000129eb183880, 0x00000129eb183918]
Event: 14.711 Thread 0x00000129f94dee60 9273       3       org.eclipse.jdt.internal.compiler.classfmt.MethodInfo::createMethod (710 bytes)
Event: 14.713 Thread 0x00000129f936df70 9274       3       org.eclipse.jdt.internal.compiler.classfmt.FieldInfo::createField (450 bytes)
Event: 14.713 Thread 0x00000129f94dee60 nmethod 9273 0x00000129e3fea810 code [0x00000129e3feace0, 0x00000129e3fed938]
Event: 14.714 Thread 0x00000129f936df70 nmethod 9274 0x00000129e3feea10 code [0x00000129e3feedc0, 0x00000129e3ff0b28]

GC Heap History (20 events):
Event: 14.474 GC heap before
{Heap before GC invocations=111 (full 8):
 PSYoungGen      total 11776K, used 11552K [0x00000000eab00000, 0x00000000ebd80000, 0x0000000100000000)
  eden space 7680K, 100% used [0x00000000eab00000,0x00000000eb280000,0x00000000eb280000)
  from space 4096K, 94% used [0x00000000eb280000,0x00000000eb6480f8,0x00000000eb680000)
  to   space 5120K, 0% used [0x00000000eb880000,0x00000000eb880000,0x00000000ebd80000)
 ParOldGen       total 237056K, used 191515K [0x00000000c0000000, 0x00000000ce780000, 0x00000000eab00000)
  object space 237056K, 80% used [0x00000000c0000000,0x00000000cbb06e30,0x00000000ce780000)
 Metaspace       used 69160K, committed 70400K, reserved 1114112K
  class space    used 7284K, committed 7808K, reserved 1048576K
}
Event: 14.476 GC heap after
{Heap after GC invocations=111 (full 8):
 PSYoungGen      total 12800K, used 5111K [0x00000000eab00000, 0x00000000ebf80000, 0x0000000100000000)
  eden space 7680K, 0% used [0x00000000eab00000,0x00000000eab00000,0x00000000eb280000)
  from space 5120K, 99% used [0x00000000eb880000,0x00000000ebd7dc88,0x00000000ebd80000)
  to   space 6144K, 0% used [0x00000000eb280000,0x00000000eb280000,0x00000000eb880000)
 ParOldGen       total 237056K, used 192087K [0x00000000c0000000, 0x00000000ce780000, 0x00000000eab00000)
  object space 237056K, 81% used [0x00000000c0000000,0x00000000cbb95f78,0x00000000ce780000)
 Metaspace       used 69160K, committed 70400K, reserved 1114112K
  class space    used 7284K, committed 7808K, reserved 1048576K
}
Event: 14.498 GC heap before
{Heap before GC invocations=112 (full 8):
 PSYoungGen      total 12800K, used 12791K [0x00000000eab00000, 0x00000000ebf80000, 0x0000000100000000)
  eden space 7680K, 100% used [0x00000000eab00000,0x00000000eb280000,0x00000000eb280000)
  from space 5120K, 99% used [0x00000000eb880000,0x00000000ebd7dc88,0x00000000ebd80000)
  to   space 6144K, 0% used [0x00000000eb280000,0x00000000eb280000,0x00000000eb880000)
 ParOldGen       total 237056K, used 192087K [0x00000000c0000000, 0x00000000ce780000, 0x00000000eab00000)
  object space 237056K, 81% used [0x00000000c0000000,0x00000000cbb95f78,0x00000000ce780000)
 Metaspace       used 69160K, committed 70400K, reserved 1114112K
  class space    used 7284K, committed 7808K, reserved 1048576K
}
Event: 14.501 GC heap after
{Heap after GC invocations=112 (full 8):
 PSYoungGen      total 11776K, used 3769K [0x00000000eab00000, 0x00000000ebc80000, 0x0000000100000000)
  eden space 7680K, 0% used [0x00000000eab00000,0x00000000eab00000,0x00000000eb280000)
  from space 4096K, 92% used [0x00000000eb280000,0x00000000eb62e7c0,0x00000000eb680000)
  to   space 4608K, 0% used [0x00000000eb800000,0x00000000eb800000,0x00000000ebc80000)
 ParOldGen       total 237056K, used 195413K [0x00000000c0000000, 0x00000000ce780000, 0x00000000eab00000)
  object space 237056K, 82% used [0x00000000c0000000,0x00000000cbed5768,0x00000000ce780000)
 Metaspace       used 69160K, committed 70400K, reserved 1114112K
  class space    used 7284K, committed 7808K, reserved 1048576K
}
Event: 14.521 GC heap before
{Heap before GC invocations=113 (full 8):
 PSYoungGen      total 11776K, used 11449K [0x00000000eab00000, 0x00000000ebc80000, 0x0000000100000000)
  eden space 7680K, 100% used [0x00000000eab00000,0x00000000eb280000,0x00000000eb280000)
  from space 4096K, 92% used [0x00000000eb280000,0x00000000eb62e7c0,0x00000000eb680000)
  to   space 4608K, 0% used [0x00000000eb800000,0x00000000eb800000,0x00000000ebc80000)
 ParOldGen       total 237056K, used 195413K [0x00000000c0000000, 0x00000000ce780000, 0x00000000eab00000)
  object space 237056K, 82% used [0x00000000c0000000,0x00000000cbed5768,0x00000000ce780000)
 Metaspace       used 69160K, committed 70400K, reserved 1114112K
  class space    used 7284K, committed 7808K, reserved 1048576K
}
Event: 14.523 GC heap after
{Heap after GC invocations=113 (full 8):
 PSYoungGen      total 11776K, used 4603K [0x00000000eab00000, 0x00000000ebf80000, 0x0000000100000000)
  eden space 7168K, 0% used [0x00000000eab00000,0x00000000eab00000,0x00000000eb200000)
  from space 4608K, 99% used [0x00000000eb800000,0x00000000ebc7ed80,0x00000000ebc80000)
  to   space 6144K, 0% used [0x00000000eb200000,0x00000000eb200000,0x00000000eb800000)
 ParOldGen       total 237056K, used 196290K [0x00000000c0000000, 0x00000000ce780000, 0x00000000eab00000)
  object space 237056K, 82% used [0x00000000c0000000,0x00000000cbfb0870,0x00000000ce780000)
 Metaspace       used 69160K, committed 70400K, reserved 1114112K
  class space    used 7284K, committed 7808K, reserved 1048576K
}
Event: 14.545 GC heap before
{Heap before GC invocations=114 (full 8):
 PSYoungGen      total 11776K, used 11771K [0x00000000eab00000, 0x00000000ebf80000, 0x0000000100000000)
  eden space 7168K, 100% used [0x00000000eab00000,0x00000000eb200000,0x00000000eb200000)
  from space 4608K, 99% used [0x00000000eb800000,0x00000000ebc7ed80,0x00000000ebc80000)
  to   space 6144K, 0% used [0x00000000eb200000,0x00000000eb200000,0x00000000eb800000)
 ParOldGen       total 237056K, used 196290K [0x00000000c0000000, 0x00000000ce780000, 0x00000000eab00000)
  object space 237056K, 82% used [0x00000000c0000000,0x00000000cbfb0870,0x00000000ce780000)
 Metaspace       used 69160K, committed 70400K, reserved 1114112K
  class space    used 7284K, committed 7808K, reserved 1048576K
}
Event: 14.548 GC heap after
{Heap after GC invocations=114 (full 8):
 PSYoungGen      total 10752K, used 3416K [0x00000000eab00000, 0x00000000ebc00000, 0x0000000100000000)
  eden space 7168K, 0% used [0x00000000eab00000,0x00000000eab00000,0x00000000eb200000)
  from space 3584K, 95% used [0x00000000eb200000,0x00000000eb556008,0x00000000eb580000)
  to   space 4608K, 0% used [0x00000000eb780000,0x00000000eb780000,0x00000000ebc00000)
 ParOldGen       total 237056K, used 199281K [0x00000000c0000000, 0x00000000ce780000, 0x00000000eab00000)
  object space 237056K, 84% used [0x00000000c0000000,0x00000000cc29c7d0,0x00000000ce780000)
 Metaspace       used 69160K, committed 70400K, reserved 1114112K
  class space    used 7284K, committed 7808K, reserved 1048576K
}
Event: 14.572 GC heap before
{Heap before GC invocations=115 (full 8):
 PSYoungGen      total 10752K, used 10584K [0x00000000eab00000, 0x00000000ebc00000, 0x0000000100000000)
  eden space 7168K, 100% used [0x00000000eab00000,0x00000000eb200000,0x00000000eb200000)
  from space 3584K, 95% used [0x00000000eb200000,0x00000000eb556008,0x00000000eb580000)
  to   space 4608K, 0% used [0x00000000eb780000,0x00000000eb780000,0x00000000ebc00000)
 ParOldGen       total 237056K, used 199281K [0x00000000c0000000, 0x00000000ce780000, 0x00000000eab00000)
  object space 237056K, 84% used [0x00000000c0000000,0x00000000cc29c7d0,0x00000000ce780000)
 Metaspace       used 69160K, committed 70400K, reserved 1114112K
  class space    used 7284K, committed 7808K, reserved 1048576K
}
Event: 14.574 GC heap after
{Heap after GC invocations=115 (full 8):
 PSYoungGen      total 11776K, used 4596K [0x00000000eab00000, 0x00000000ebe00000, 0x0000000100000000)
  eden space 7168K, 0% used [0x00000000eab00000,0x00000000eab00000,0x00000000eb200000)
  from space 4608K, 99% used [0x00000000eb780000,0x00000000ebbfd310,0x00000000ebc00000)
  to   space 5632K, 0% used [0x00000000eb200000,0x00000000eb200000,0x00000000eb780000)
 ParOldGen       total 237056K, used 199620K [0x00000000c0000000, 0x00000000ce780000, 0x00000000eab00000)
  object space 237056K, 84% used [0x00000000c0000000,0x00000000cc2f1368,0x00000000ce780000)
 Metaspace       used 69160K, committed 70400K, reserved 1114112K
  class space    used 7284K, committed 7808K, reserved 1048576K
}
Event: 14.593 GC heap before
{Heap before GC invocations=116 (full 8):
 PSYoungGen      total 11776K, used 10780K [0x00000000eab00000, 0x00000000ebe00000, 0x0000000100000000)
  eden space 7168K, 86% used [0x00000000eab00000,0x00000000eb10a0e0,0x00000000eb200000)
  from space 4608K, 99% used [0x00000000eb780000,0x00000000ebbfd310,0x00000000ebc00000)
  to   space 5632K, 0% used [0x00000000eb200000,0x00000000eb200000,0x00000000eb780000)
 ParOldGen       total 237056K, used 199620K [0x00000000c0000000, 0x00000000ce780000, 0x00000000eab00000)
  object space 237056K, 84% used [0x00000000c0000000,0x00000000cc2f1368,0x00000000ce780000)
 Metaspace       used 69160K, committed 70400K, reserved 1114112K
  class space    used 7284K, committed 7808K, reserved 1048576K
}
Event: 14.596 GC heap after
{Heap after GC invocations=116 (full 8):
 PSYoungGen      total 10752K, used 3211K [0x00000000eab00000, 0x00000000ebb00000, 0x0000000100000000)
  eden space 7168K, 0% used [0x00000000eab00000,0x00000000eab00000,0x00000000eb200000)
  from space 3584K, 89% used [0x00000000eb200000,0x00000000eb522c08,0x00000000eb580000)
  to   space 4096K, 0% used [0x00000000eb700000,0x00000000eb700000,0x00000000ebb00000)
 ParOldGen       total 237056K, used 202690K [0x00000000c0000000, 0x00000000ce780000, 0x00000000eab00000)
  object space 237056K, 85% used [0x00000000c0000000,0x00000000cc5f0b10,0x00000000ce780000)
 Metaspace       used 69160K, committed 70400K, reserved 1114112K
  class space    used 7284K, committed 7808K, reserved 1048576K
}
Event: 14.660 GC heap before
{Heap before GC invocations=117 (full 8):
 PSYoungGen      total 10752K, used 10379K [0x00000000eab00000, 0x00000000ebb00000, 0x0000000100000000)
  eden space 7168K, 100% used [0x00000000eab00000,0x00000000eb200000,0x00000000eb200000)
  from space 3584K, 89% used [0x00000000eb200000,0x00000000eb522c08,0x00000000eb580000)
  to   space 4096K, 0% used [0x00000000eb700000,0x00000000eb700000,0x00000000ebb00000)
 ParOldGen       total 237056K, used 202690K [0x00000000c0000000, 0x00000000ce780000, 0x00000000eab00000)
  object space 237056K, 85% used [0x00000000c0000000,0x00000000cc5f0b10,0x00000000ce780000)
 Metaspace       used 69160K, committed 70400K, reserved 1114112K
  class space    used 7284K, committed 7808K, reserved 1048576K
}
Event: 14.667 GC heap after
{Heap after GC invocations=117 (full 8):
 PSYoungGen      total 11776K, used 4063K [0x00000000eab00000, 0x00000000ebc00000, 0x0000000100000000)
  eden space 7680K, 0% used [0x00000000eab00000,0x00000000eab00000,0x00000000eb280000)
  from space 4096K, 99% used [0x00000000eb700000,0x00000000ebaf7ea8,0x00000000ebb00000)
  to   space 4608K, 0% used [0x00000000eb280000,0x00000000eb280000,0x00000000eb700000)
 ParOldGen       total 237056K, used 206146K [0x00000000c0000000, 0x00000000ce780000, 0x00000000eab00000)
  object space 237056K, 86% used [0x00000000c0000000,0x00000000cc950b18,0x00000000ce780000)
 Metaspace       used 69160K, committed 70400K, reserved 1114112K
  class space    used 7284K, committed 7808K, reserved 1048576K
}
Event: 14.692 GC heap before
{Heap before GC invocations=118 (full 8):
 PSYoungGen      total 11776K, used 11743K [0x00000000eab00000, 0x00000000ebc00000, 0x0000000100000000)
  eden space 7680K, 100% used [0x00000000eab00000,0x00000000eb280000,0x00000000eb280000)
  from space 4096K, 99% used [0x00000000eb700000,0x00000000ebaf7ea8,0x00000000ebb00000)
  to   space 4608K, 0% used [0x00000000eb280000,0x00000000eb280000,0x00000000eb700000)
 ParOldGen       total 237056K, used 206146K [0x00000000c0000000, 0x00000000ce780000, 0x00000000eab00000)
  object space 237056K, 86% used [0x00000000c0000000,0x00000000cc950b18,0x00000000ce780000)
 Metaspace       used 69160K, committed 70400K, reserved 1114112K
  class space    used 7284K, committed 7808K, reserved 1048576K
}
Event: 14.695 GC heap after
{Heap after GC invocations=118 (full 8):
 PSYoungGen      total 12288K, used 4600K [0x00000000eab00000, 0x00000000ebf80000, 0x0000000100000000)
  eden space 7680K, 0% used [0x00000000eab00000,0x00000000eab00000,0x00000000eb280000)
  from space 4608K, 99% used [0x00000000eb280000,0x00000000eb6fe258,0x00000000eb700000)
  to   space 6144K, 0% used [0x00000000eb980000,0x00000000eb980000,0x00000000ebf80000)
 ParOldGen       total 237056K, used 206928K [0x00000000c0000000, 0x00000000ce780000, 0x00000000eab00000)
  object space 237056K, 87% used [0x00000000c0000000,0x00000000cca143e0,0x00000000ce780000)
 Metaspace       used 69160K, committed 70400K, reserved 1114112K
  class space    used 7284K, committed 7808K, reserved 1048576K
}
Event: 14.724 GC heap before
{Heap before GC invocations=119 (full 8):
 PSYoungGen      total 12288K, used 12280K [0x00000000eab00000, 0x00000000ebf80000, 0x0000000100000000)
  eden space 7680K, 100% used [0x00000000eab00000,0x00000000eb280000,0x00000000eb280000)
  from space 4608K, 99% used [0x00000000eb280000,0x00000000eb6fe258,0x00000000eb700000)
  to   space 6144K, 0% used [0x00000000eb980000,0x00000000eb980000,0x00000000ebf80000)
 ParOldGen       total 237056K, used 206928K [0x00000000c0000000, 0x00000000ce780000, 0x00000000eab00000)
  object space 237056K, 87% used [0x00000000c0000000,0x00000000cca143e0,0x00000000ce780000)
 Metaspace       used 69160K, committed 70400K, reserved 1114112K
  class space    used 7284K, committed 7808K, reserved 1048576K
}
Event: 14.727 GC heap after
{Heap after GC invocations=119 (full 8):
 PSYoungGen      total 12800K, used 4061K [0x00000000eab00000, 0x00000000ebd80000, 0x0000000100000000)
  eden space 8704K, 0% used [0x00000000eab00000,0x00000000eab00000,0x00000000eb380000)
  from space 4096K, 99% used [0x00000000eb980000,0x00000000ebd77520,0x00000000ebd80000)
  to   space 4608K, 0% used [0x00000000eb480000,0x00000000eb480000,0x00000000eb900000)
 ParOldGen       total 237056K, used 209560K [0x00000000c0000000, 0x00000000ce780000, 0x00000000eab00000)
  object space 237056K, 88% used [0x00000000c0000000,0x00000000ccca62b8,0x00000000ce780000)
 Metaspace       used 69160K, committed 70400K, reserved 1114112K
  class space    used 7284K, committed 7808K, reserved 1048576K
}
Event: 14.754 GC heap before
{Heap before GC invocations=120 (full 8):
 PSYoungGen      total 12800K, used 12765K [0x00000000eab00000, 0x00000000ebd80000, 0x0000000100000000)
  eden space 8704K, 100% used [0x00000000eab00000,0x00000000eb380000,0x00000000eb380000)
  from space 4096K, 99% used [0x00000000eb980000,0x00000000ebd77520,0x00000000ebd80000)
  to   space 4608K, 0% used [0x00000000eb480000,0x00000000eb480000,0x00000000eb900000)
 ParOldGen       total 237056K, used 209560K [0x00000000c0000000, 0x00000000ce780000, 0x00000000eab00000)
  object space 237056K, 88% used [0x00000000c0000000,0x00000000ccca62b8,0x00000000ce780000)
 Metaspace       used 69160K, committed 70400K, reserved 1114112K
  class space    used 7284K, committed 7808K, reserved 1048576K
}
Event: 14.757 GC heap after
{Heap after GC invocations=120 (full 8):
 PSYoungGen      total 13312K, used 4598K [0x00000000eab00000, 0x00000000ebd80000, 0x0000000100000000)
  eden space 8704K, 0% used [0x00000000eab00000,0x00000000eab00000,0x00000000eb380000)
  from space 4608K, 99% used [0x00000000eb480000,0x00000000eb8fd960,0x00000000eb900000)
  to   space 4096K, 0% used [0x00000000eb980000,0x00000000eb980000,0x00000000ebd80000)
 ParOldGen       total 237056K, used 210821K [0x00000000c0000000, 0x00000000ce780000, 0x00000000eab00000)
  object space 237056K, 88% used [0x00000000c0000000,0x00000000ccde16f0,0x00000000ce780000)
 Metaspace       used 69160K, committed 70400K, reserved 1114112K
  class space    used 7284K, committed 7808K, reserved 1048576K
}

Dll operation events (10 events):
Event: 0.016 Loaded shared library c:\Users\PC\.vscode\extensions\redhat.java-1.35.0-win32-x64\jre\17.0.12-win32-x86_64\bin\java.dll
Event: 0.080 Loaded shared library c:\Users\PC\.vscode\extensions\redhat.java-1.35.0-win32-x64\jre\17.0.12-win32-x86_64\bin\zip.dll
Event: 0.082 Loaded shared library C:\Users\PC\.vscode\extensions\redhat.java-1.35.0-win32-x64\jre\17.0.12-win32-x86_64\bin\instrument.dll
Event: 0.087 Loaded shared library C:\Users\PC\.vscode\extensions\redhat.java-1.35.0-win32-x64\jre\17.0.12-win32-x86_64\bin\net.dll
Event: 0.088 Loaded shared library C:\Users\PC\.vscode\extensions\redhat.java-1.35.0-win32-x64\jre\17.0.12-win32-x86_64\bin\nio.dll
Event: 0.091 Loaded shared library C:\Users\PC\.vscode\extensions\redhat.java-1.35.0-win32-x64\jre\17.0.12-win32-x86_64\bin\zip.dll
Event: 0.099 Loaded shared library C:\Users\PC\.vscode\extensions\redhat.java-1.35.0-win32-x64\jre\17.0.12-win32-x86_64\bin\jimage.dll
Event: 0.123 Loaded shared library c:\Users\PC\.vscode\extensions\redhat.java-1.35.0-win32-x64\jre\17.0.12-win32-x86_64\bin\verify.dll
Event: 2.739 Loaded shared library C:\Users\PC\AppData\Roaming\Code\User\globalStorage\redhat.java\1.35.0\config_win\org.eclipse.equinox.launcher\org.eclipse.equinox.launcher.win32.win32.x86_64_1.2.1100.v20240722-2106\eclipse_11904.dll
Event: 7.600 Loaded shared library C:\Users\PC\AppData\Local\Temp\jna-2547\jna11850440569279631917.dll

Deoptimization events (20 events):
Event: 13.912 Thread 0x00000129fcc358f0 Uncommon trap: trap_request=0xffffff45 fr.pc=0x00000129eb0bcc30 relative=0x0000000000005470
Event: 13.912 Thread 0x00000129fcc358f0 Uncommon trap: reason=unstable_if action=reinterpret pc=0x00000129eb0bcc30 method=org.eclipse.jdt.internal.core.search.indexing.BinaryIndexer.indexDocument()V @ 55 c2
Event: 13.912 Thread 0x00000129fcc358f0 DEOPT PACKING pc=0x00000129eb0bcc30 sp=0x0000002363aff050
Event: 13.912 Thread 0x00000129fcc358f0 DEOPT UNPACKING pc=0x00000129ea4666a3 sp=0x0000002363afefc0 mode 2
Event: 14.048 Thread 0x00000129fcc358f0 Uncommon trap: trap_request=0xffffff45 fr.pc=0x00000129eb10156c relative=0x000000000000088c
Event: 14.048 Thread 0x00000129fcc358f0 Uncommon trap: reason=unstable_if action=reinterpret pc=0x00000129eb10156c method=org.eclipse.jdt.internal.compiler.parser.Scanner.internalScanIdentifierOrKeyword(II[C)I @ 3443 c2
Event: 14.048 Thread 0x00000129fcc358f0 DEOPT PACKING pc=0x00000129eb10156c sp=0x0000002363aff110
Event: 14.048 Thread 0x00000129fcc358f0 DEOPT UNPACKING pc=0x00000129ea4666a3 sp=0x0000002363aff098 mode 2
Event: 14.143 Thread 0x00000129fcc358f0 Uncommon trap: trap_request=0xffffff45 fr.pc=0x00000129eacb44b8 relative=0x0000000000000b78
Event: 14.143 Thread 0x00000129fcc358f0 Uncommon trap: reason=unstable_if action=reinterpret pc=0x00000129eacb44b8 method=java.util.concurrent.ConcurrentHashMap.transfer([Ljava/util/concurrent/ConcurrentHashMap$Node;[Ljava/util/concurrent/ConcurrentHashMap$Node;)V @ 26 c2
Event: 14.143 Thread 0x00000129fcc358f0 DEOPT PACKING pc=0x00000129eacb44b8 sp=0x0000002363aff090
Event: 14.143 Thread 0x00000129fcc358f0 DEOPT UNPACKING pc=0x00000129ea4666a3 sp=0x0000002363aff000 mode 2
Event: 14.710 Thread 0x00000129fcc358f0 Uncommon trap: trap_request=0xffffff45 fr.pc=0x00000129eb0ed4d0 relative=0x0000000000001530
Event: 14.710 Thread 0x00000129fcc358f0 Uncommon trap: reason=unstable_if action=reinterpret pc=0x00000129eb0ed4d0 method=org.eclipse.jdt.internal.compiler.classfmt.MethodInfo.createMethod([B[IIJ)Lorg/eclipse/jdt/internal/compiler/classfmt/MethodInfo; @ 217 c2
Event: 14.710 Thread 0x00000129fcc358f0 DEOPT PACKING pc=0x00000129eb0ed4d0 sp=0x0000002363afed50
Event: 14.710 Thread 0x00000129fcc358f0 DEOPT UNPACKING pc=0x00000129ea4666a3 sp=0x0000002363afec90 mode 2
Event: 14.712 Thread 0x00000129fcc358f0 Uncommon trap: trap_request=0xffffff45 fr.pc=0x00000129eae3df14 relative=0x0000000000000d34
Event: 14.712 Thread 0x00000129fcc358f0 Uncommon trap: reason=unstable_if action=reinterpret pc=0x00000129eae3df14 method=org.eclipse.jdt.internal.compiler.classfmt.FieldInfo.createField([B[IIJ)Lorg/eclipse/jdt/internal/compiler/classfmt/FieldInfo; @ 167 c2
Event: 14.712 Thread 0x00000129fcc358f0 DEOPT PACKING pc=0x00000129eae3df14 sp=0x0000002363afed50
Event: 14.712 Thread 0x00000129fcc358f0 DEOPT UNPACKING pc=0x00000129ea4666a3 sp=0x0000002363afecb8 mode 2

Classes loaded (20 events):
Event: 11.890 Loading class java/util/zip/CheckedInputStream
Event: 11.890 Loading class java/util/zip/CheckedInputStream done
Event: 11.907 Loading class jdk/internal/ref/CleanerImpl$InnocuousThreadFactory
Event: 11.907 Loading class jdk/internal/ref/CleanerImpl$InnocuousThreadFactory done
Event: 11.962 Loading class java/util/LinkedList$LLSpliterator
Event: 11.963 Loading class java/util/LinkedList$LLSpliterator done
Event: 11.989 Loading class java/util/zip/GZIPInputStream$1
Event: 11.990 Loading class java/util/zip/GZIPInputStream$1 done
Event: 12.024 Loading class javax/xml/transform/TransformerConfigurationException
Event: 12.024 Loading class javax/xml/transform/TransformerConfigurationException done
Event: 12.249 Loading class java/util/stream/ReduceOps$5
Event: 12.250 Loading class java/util/stream/ReduceOps$5 done
Event: 12.250 Loading class java/util/stream/ReduceOps$CountingSink$OfRef
Event: 12.250 Loading class java/util/stream/ReduceOps$CountingSink
Event: 12.250 Loading class java/util/stream/ReduceOps$CountingSink done
Event: 12.251 Loading class java/util/stream/ReduceOps$CountingSink$OfRef done
Event: 12.324 Loading class java/util/stream/ReduceOps$1
Event: 12.324 Loading class java/util/stream/ReduceOps$1 done
Event: 12.326 Loading class java/util/stream/ReduceOps$1ReducingSink
Event: 12.326 Loading class java/util/stream/ReduceOps$1ReducingSink done

Classes unloaded (7 events):
Event: 8.250 Thread 0x00000129f9344510 Unloading class 0x000000010024a400 'java/lang/invoke/LambdaForm$MH+0x000000010024a400'
Event: 8.250 Thread 0x00000129f9344510 Unloading class 0x000000010024a000 'java/lang/invoke/LambdaForm$MH+0x000000010024a000'
Event: 8.250 Thread 0x00000129f9344510 Unloading class 0x0000000100249c00 'java/lang/invoke/LambdaForm$MH+0x0000000100249c00'
Event: 8.250 Thread 0x00000129f9344510 Unloading class 0x0000000100249800 'java/lang/invoke/LambdaForm$MH+0x0000000100249800'
Event: 8.250 Thread 0x00000129f9344510 Unloading class 0x0000000100249400 'java/lang/invoke/LambdaForm$BMH+0x0000000100249400'
Event: 8.250 Thread 0x00000129f9344510 Unloading class 0x0000000100249000 'java/lang/invoke/LambdaForm$DMH+0x0000000100249000'
Event: 8.250 Thread 0x00000129f9344510 Unloading class 0x0000000100244400 'java/lang/invoke/LambdaForm$DMH+0x0000000100244400'

Classes redefined (0 events):
No events

Internal exceptions (20 events):
Event: 11.690 Thread 0x00000129fcfe6430 Exception <a 'sun/nio/fs/WindowsException'{0x00000000eace0bc8}> (0x00000000eace0bc8) 
thrown [s\src\hotspot\share\prims\jni.cpp, line 516]
Event: 11.690 Thread 0x00000129fcfe6430 Exception <a 'sun/nio/fs/WindowsException'{0x00000000ead1eb38}> (0x00000000ead1eb38) 
thrown [s\src\hotspot\share\prims\jni.cpp, line 516]
Event: 11.690 Thread 0x00000129fcfe6430 Exception <a 'sun/nio/fs/WindowsException'{0x00000000ead1f418}> (0x00000000ead1f418) 
thrown [s\src\hotspot\share\prims\jni.cpp, line 516]
Event: 11.727 Thread 0x00000129fcfe9be0 Exception <a 'sun/nio/fs/WindowsException'{0x00000000eb6fa278}> (0x00000000eb6fa278) 
thrown [s\src\hotspot\share\prims\jni.cpp, line 516]
Event: 11.929 Thread 0x00000129fcfe7360 Exception <a 'sun/nio/fs/WindowsException'{0x00000000eb1ebb98}> (0x00000000eb1ebb98) 
thrown [s\src\hotspot\share\prims\jni.cpp, line 516]
Event: 11.929 Thread 0x00000129fcfe7360 Exception <a 'sun/nio/fs/WindowsException'{0x00000000eb1ec498}> (0x00000000eb1ec498) 
thrown [s\src\hotspot\share\prims\jni.cpp, line 516]
Event: 11.930 Thread 0x00000129fcfe7360 Exception <a 'sun/nio/fs/WindowsException'{0x00000000eb1ed3c8}> (0x00000000eb1ed3c8) 
thrown [s\src\hotspot\share\prims\jni.cpp, line 516]
Event: 11.930 Thread 0x00000129fcfe7360 Exception <a 'sun/nio/fs/WindowsException'{0x00000000eb1edef0}> (0x00000000eb1edef0) 
thrown [s\src\hotspot\share\prims\jni.cpp, line 516]
Event: 11.931 Thread 0x00000129fcfe7360 Exception <a 'sun/nio/fs/WindowsException'{0x00000000eb1f48b0}> (0x00000000eb1f48b0) 
thrown [s\src\hotspot\share\prims\jni.cpp, line 516]
Event: 11.931 Thread 0x00000129fcfe7360 Exception <a 'sun/nio/fs/WindowsException'{0x00000000eb1f5190}> (0x00000000eb1f5190) 
thrown [s\src\hotspot\share\prims\jni.cpp, line 516]
Event: 11.967 Thread 0x00000129fcfe5500 Exception <a 'sun/nio/fs/WindowsException'{0x00000000eb3bf840}> (0x00000000eb3bf840) 
thrown [s\src\hotspot\share\prims\jni.cpp, line 516]
Event: 11.969 Thread 0x00000129fcfe5500 Exception <a 'sun/nio/fs/WindowsException'{0x00000000eb3e9b48}> (0x00000000eb3e9b48) 
thrown [s\src\hotspot\share\prims\jni.cpp, line 516]
Event: 11.970 Thread 0x00000129fcfe5500 Exception <a 'sun/nio/fs/WindowsException'{0x00000000eb40db10}> (0x00000000eb40db10) 
thrown [s\src\hotspot\share\prims\jni.cpp, line 516]
Event: 11.984 Thread 0x00000129fcc358f0 Implicit null exception at 0x00000129eb01f0c0 to 0x00000129eb0225b8
Event: 12.045 Thread 0x00000129fcfe5500 Exception <a 'sun/nio/fs/WindowsException'{0x00000000eb79f478}> (0x00000000eb79f478) 
thrown [s\src\hotspot\share\prims\jni.cpp, line 516]
Event: 12.045 Thread 0x00000129fcfe5500 Exception <a 'sun/nio/fs/WindowsException'{0x00000000eb79fab0}> (0x00000000eb79fab0) 
thrown [s\src\hotspot\share\prims\jni.cpp, line 516]
Event: 12.276 Thread 0x00000129fcfeb020 Exception <a 'sun/nio/fs/WindowsException'{0x00000000ead74eb0}> (0x00000000ead74eb0) 
thrown [s\src\hotspot\share\prims\jni.cpp, line 516]
Event: 12.276 Thread 0x00000129fcfeb020 Exception <a 'sun/nio/fs/WindowsException'{0x00000000ead75480}> (0x00000000ead75480) 
thrown [s\src\hotspot\share\prims\jni.cpp, line 516]
Event: 12.318 Thread 0x00000129fcfe7d80 Implicit null exception at 0x00000129eae197b8 to 0x00000129eae1c4b8
Event: 12.729 Thread 0x00000129fcfe7d80 Exception <a 'java/lang/ArrayIndexOutOfBoundsException'{0x00000000eacecd88}> (0x00000000eacecd88) 
thrown [s\src\hotspot\share\runtime\sharedRuntime.cpp, line 631]

VM Operations (20 events):
Event: 14.474 Executing VM operation: ParallelGCFailedAllocation
Event: 14.476 Executing VM operation: ParallelGCFailedAllocation done
Event: 14.498 Executing VM operation: ParallelGCFailedAllocation
Event: 14.501 Executing VM operation: ParallelGCFailedAllocation done
Event: 14.520 Executing VM operation: ParallelGCFailedAllocation
Event: 14.523 Executing VM operation: ParallelGCFailedAllocation done
Event: 14.545 Executing VM operation: ParallelGCFailedAllocation
Event: 14.548 Executing VM operation: ParallelGCFailedAllocation done
Event: 14.572 Executing VM operation: ParallelGCFailedAllocation
Event: 14.574 Executing VM operation: ParallelGCFailedAllocation done
Event: 14.593 Executing VM operation: ParallelGCFailedAllocation
Event: 14.596 Executing VM operation: ParallelGCFailedAllocation done
Event: 14.660 Executing VM operation: ParallelGCFailedAllocation
Event: 14.667 Executing VM operation: ParallelGCFailedAllocation done
Event: 14.692 Executing VM operation: ParallelGCFailedAllocation
Event: 14.695 Executing VM operation: ParallelGCFailedAllocation done
Event: 14.723 Executing VM operation: ParallelGCFailedAllocation
Event: 14.727 Executing VM operation: ParallelGCFailedAllocation done
Event: 14.754 Executing VM operation: ParallelGCFailedAllocation
Event: 14.757 Executing VM operation: ParallelGCFailedAllocation done

Events (20 events):
Event: 11.684 Thread 0x00000129fcfe9be0 Thread added: 0x00000129fcfe9be0
Event: 11.742 Thread 0x00000129fcfea0f0 Thread added: 0x00000129fcfea0f0
Event: 11.908 Thread 0x00000129fcfea600 Thread added: 0x00000129fcfea600
Event: 11.976 Thread 0x00000129fbd07eb0 Thread added: 0x00000129fbd07eb0
Event: 11.976 Thread 0x00000129fc5e9a30 Thread added: 0x00000129fc5e9a30
Event: 11.976 Thread 0x00000129fc5ea450 Thread added: 0x00000129fc5ea450
Event: 11.977 Thread 0x00000129fc5eeb30 Thread added: 0x00000129fc5eeb30
Event: 12.340 Thread 0x00000129fcfe9be0 Thread exited: 0x00000129fcfe9be0
Event: 12.925 Thread 0x00000129f9372db0 flushing nmethod 0x00000129eaff3410
Event: 12.943 Thread 0x00000129fbd079a0 Thread exited: 0x00000129fbd079a0
Event: 12.949 Thread 0x00000129f9372db0 flushing nmethod 0x00000129e3d32810
Event: 12.949 Thread 0x00000129f9372db0 flushing nmethod 0x00000129e3d38890
Event: 13.531 Thread 0x00000129fbac9e20 Thread exited: 0x00000129fbac9e20
Event: 13.835 Thread 0x00000129823d36d0 Thread exited: 0x00000129823d36d0
Event: 13.916 Thread 0x00000129fc502cd0 Thread exited: 0x00000129fc502cd0
Event: 13.949 Thread 0x00000129fc501ce0 Thread exited: 0x00000129fc501ce0
Event: 13.949 Thread 0x00000129fea63e50 Thread exited: 0x00000129fea63e50
Event: 14.465 Thread 0x00000129f94df520 Thread exited: 0x00000129f94df520
Event: 14.466 Thread 0x00000129fc992580 Thread exited: 0x00000129fc992580
Event: 14.529 Thread 0x00000129fc991840 Thread exited: 0x00000129fc991840


Dynamic libraries:
0x00007ff6b72b0000 - 0x00007ff6b72be000 	c:\Users\PC\.vscode\extensions\redhat.java-1.35.0-win32-x64\jre\17.0.12-win32-x86_64\bin\java.exe
0x00007ff8713b0000 - 0x00007ff8715c7000 	C:\WINDOWS\SYSTEM32\ntdll.dll
0x00007ff8702d0000 - 0x00007ff870394000 	C:\WINDOWS\System32\KERNEL32.DLL
0x00007ff86eca0000 - 0x00007ff86f057000 	C:\WINDOWS\System32\KERNELBASE.dll
0x00007ff86e990000 - 0x00007ff86eaa1000 	C:\WINDOWS\System32\ucrtbase.dll
0x00007ff86b0a0000 - 0x00007ff86b0b7000 	c:\Users\PC\.vscode\extensions\redhat.java-1.35.0-win32-x64\jre\17.0.12-win32-x86_64\bin\jli.dll
0x00007ff86b080000 - 0x00007ff86b09b000 	c:\Users\PC\.vscode\extensions\redhat.java-1.35.0-win32-x64\jre\17.0.12-win32-x86_64\bin\VCRUNTIME140.dll
0x00007ff870110000 - 0x00007ff8702bf000 	C:\WINDOWS\System32\USER32.dll
0x00007ff86ebd0000 - 0x00007ff86ebf6000 	C:\WINDOWS\System32\win32u.dll
0x00007ff866410000 - 0x00007ff8666a3000 	C:\WINDOWS\WinSxS\amd64_microsoft.windows.common-controls_6595b64144ccf1df_6.0.22621.3672_none_2713b9d173822955\COMCTL32.dll
0x00007ff8712d0000 - 0x00007ff8712f9000 	C:\WINDOWS\System32\GDI32.dll
0x00007ff871050000 - 0x00007ff8710f7000 	C:\WINDOWS\System32\msvcrt.dll
0x00007ff86eab0000 - 0x00007ff86ebc8000 	C:\WINDOWS\System32\gdi32full.dll
0x00007ff86ec00000 - 0x00007ff86ec9a000 	C:\WINDOWS\System32\msvcp_win.dll
0x00007ff871100000 - 0x00007ff871131000 	C:\WINDOWS\System32\IMM32.DLL
0x00007ff86b070000 - 0x00007ff86b07c000 	c:\Users\PC\.vscode\extensions\redhat.java-1.35.0-win32-x64\jre\17.0.12-win32-x86_64\bin\vcruntime140_1.dll
0x00007ff854980000 - 0x00007ff854a0d000 	c:\Users\PC\.vscode\extensions\redhat.java-1.35.0-win32-x64\jre\17.0.12-win32-x86_64\bin\msvcp140.dll
0x00007ff81bf00000 - 0x00007ff81cb6a000 	c:\Users\PC\.vscode\extensions\redhat.java-1.35.0-win32-x64\jre\17.0.12-win32-x86_64\bin\server\jvm.dll
0x00007ff871140000 - 0x00007ff8711f2000 	C:\WINDOWS\System32\ADVAPI32.dll
0x00007ff86ff70000 - 0x00007ff870018000 	C:\WINDOWS\System32\sechost.dll
0x00007ff86e960000 - 0x00007ff86e988000 	C:\WINDOWS\System32\bcrypt.dll
0x00007ff86fe50000 - 0x00007ff86ff64000 	C:\WINDOWS\System32\RPCRT4.dll
0x00007ff870080000 - 0x00007ff8700f1000 	C:\WINDOWS\System32\WS2_32.dll
0x00007ff865f60000 - 0x00007ff865f94000 	C:\WINDOWS\SYSTEM32\WINMM.dll
0x00007ff866400000 - 0x00007ff86640a000 	C:\WINDOWS\SYSTEM32\VERSION.dll
0x00007ff86d570000 - 0x00007ff86d5bd000 	C:\WINDOWS\SYSTEM32\POWRPROF.dll
0x00007ff86d550000 - 0x00007ff86d563000 	C:\WINDOWS\SYSTEM32\UMPDC.dll
0x00007ff86d7a0000 - 0x00007ff86d7b8000 	C:\WINDOWS\SYSTEM32\kernel.appcore.dll
0x00007ff86b050000 - 0x00007ff86b05a000 	c:\Users\PC\.vscode\extensions\redhat.java-1.35.0-win32-x64\jre\17.0.12-win32-x86_64\bin\jimage.dll
0x00007ff86b660000 - 0x00007ff86b892000 	C:\WINDOWS\SYSTEM32\DBGHELP.DLL
0x00007ff870b40000 - 0x00007ff870ece000 	C:\WINDOWS\System32\combase.dll
0x00007ff86fd70000 - 0x00007ff86fe47000 	C:\WINDOWS\System32\OLEAUT32.dll
0x00007ff85e5c0000 - 0x00007ff85e5f2000 	C:\WINDOWS\SYSTEM32\dbgcore.DLL
0x00007ff86f060000 - 0x00007ff86f0db000 	C:\WINDOWS\System32\bcryptPrimitives.dll
0x00007ff86b040000 - 0x00007ff86b04e000 	c:\Users\PC\.vscode\extensions\redhat.java-1.35.0-win32-x64\jre\17.0.12-win32-x86_64\bin\instrument.dll
0x00007ff854950000 - 0x00007ff854975000 	c:\Users\PC\.vscode\extensions\redhat.java-1.35.0-win32-x64\jre\17.0.12-win32-x86_64\bin\java.dll
0x00007ff86b020000 - 0x00007ff86b038000 	c:\Users\PC\.vscode\extensions\redhat.java-1.35.0-win32-x64\jre\17.0.12-win32-x86_64\bin\zip.dll
0x00007ff86f100000 - 0x00007ff86f969000 	C:\WINDOWS\System32\SHELL32.dll
0x00007ff86c640000 - 0x00007ff86cf3f000 	C:\WINDOWS\SYSTEM32\windows.storage.dll
0x00007ff86c500000 - 0x00007ff86c63f000 	C:\WINDOWS\SYSTEM32\wintypes.dll
0x00007ff870f50000 - 0x00007ff871049000 	C:\WINDOWS\System32\SHCORE.dll
0x00007ff870ed0000 - 0x00007ff870f2e000 	C:\WINDOWS\System32\shlwapi.dll
0x00007ff86e5f0000 - 0x00007ff86e617000 	C:\WINDOWS\SYSTEM32\profapi.dll
0x00007ff854930000 - 0x00007ff854949000 	C:\Users\PC\.vscode\extensions\redhat.java-1.35.0-win32-x64\jre\17.0.12-win32-x86_64\bin\net.dll
0x00007ff867720000 - 0x00007ff867856000 	C:\WINDOWS\SYSTEM32\WINHTTP.dll
0x00007ff86dc70000 - 0x00007ff86dcd9000 	C:\WINDOWS\system32\mswsock.dll
0x00007ff854910000 - 0x00007ff854926000 	C:\Users\PC\.vscode\extensions\redhat.java-1.35.0-win32-x64\jre\17.0.12-win32-x86_64\bin\nio.dll
0x00007ff86ae40000 - 0x00007ff86ae50000 	c:\Users\PC\.vscode\extensions\redhat.java-1.35.0-win32-x64\jre\17.0.12-win32-x86_64\bin\verify.dll
0x00007ff854870000 - 0x00007ff8548b5000 	C:\Users\PC\AppData\Roaming\Code\User\globalStorage\redhat.java\1.35.0\config_win\org.eclipse.equinox.launcher\org.eclipse.equinox.launcher.win32.win32.x86_64_1.2.1100.v20240722-2106\eclipse_11904.dll
0x00007ff86fbc0000 - 0x00007ff86fd65000 	C:\WINDOWS\System32\ole32.dll
0x00007ff86dec0000 - 0x00007ff86dedb000 	C:\WINDOWS\SYSTEM32\CRYPTSP.dll
0x00007ff86d760000 - 0x00007ff86d795000 	C:\WINDOWS\system32\rsaenh.dll
0x00007ff86dd60000 - 0x00007ff86dd88000 	C:\WINDOWS\SYSTEM32\USERENV.dll
0x00007ff86dee0000 - 0x00007ff86deec000 	C:\WINDOWS\SYSTEM32\CRYPTBASE.dll
0x00007ff86d190000 - 0x00007ff86d1bd000 	C:\WINDOWS\SYSTEM32\IPHLPAPI.DLL
0x00007ff870b30000 - 0x00007ff870b39000 	C:\WINDOWS\System32\NSI.dll
0x00007ff867430000 - 0x00007ff867449000 	C:\WINDOWS\SYSTEM32\dhcpcsvc6.DLL
0x00007ff867410000 - 0x00007ff86742f000 	C:\WINDOWS\SYSTEM32\dhcpcsvc.DLL
0x00007ff86d1c0000 - 0x00007ff86d2c2000 	C:\WINDOWS\SYSTEM32\DNSAPI.dll
0x00007ff81cfe0000 - 0x00007ff81d029000 	C:\Users\PC\AppData\Local\Temp\jna-2547\jna11850440569279631917.dll
0x00007ff870100000 - 0x00007ff870108000 	C:\WINDOWS\System32\PSAPI.DLL

dbghelp: loaded successfully - version: 4.0.5 - missing functions: none
symbol engine: initialized successfully - sym options: 0x614 - pdb path: .;c:\Users\PC\.vscode\extensions\redhat.java-1.35.0-win32-x64\jre\17.0.12-win32-x86_64\bin;C:\WINDOWS\SYSTEM32;C:\WINDOWS\WinSxS\amd64_microsoft.windows.common-controls_6595b64144ccf1df_6.0.22621.3672_none_2713b9d173822955;c:\Users\PC\.vscode\extensions\redhat.java-1.35.0-win32-x64\jre\17.0.12-win32-x86_64\bin\server;C:\Users\PC\AppData\Roaming\Code\User\globalStorage\redhat.java\1.35.0\config_win\org.eclipse.equinox.launcher\org.eclipse.equinox.launcher.win32.win32.x86_64_1.2.1100.v20240722-2106;C:\Users\PC\AppData\Local\Temp\jna-2547

VM Arguments:
jvm_args: --add-modules=ALL-SYSTEM --add-opens=java.base/java.util=ALL-UNNAMED --add-opens=java.base/java.lang=ALL-UNNAMED --add-opens=java.base/sun.nio.fs=ALL-UNNAMED -Declipse.application=org.eclipse.jdt.ls.core.id1 -Dosgi.bundles.defaultStartLevel=4 -Declipse.product=org.eclipse.jdt.ls.core.product -Djava.import.generatesMetadataFilesAtProjectRoot=false -DDetectVMInstallationsJob.disabled=true -Dfile.encoding=utf8 -XX:+UseParallelGC -XX:GCTimeRatio=4 -XX:AdaptiveSizePolicyWeight=90 -Dsun.zip.disableMemoryMapping=true -Xmx1G -Xms100m -Xlog:disable -javaagent:c:\Users\PC\.vscode\extensions\redhat.java-1.35.0-win32-x64\lombok\lombok-1.18.33.jar -XX:+HeapDumpOnOutOfMemoryError -XX:HeapDumpPath=c:\Users\PC\AppData\Roaming\Code\User\workspaceStorage\9ab2f2c6fc39af6dc7adef449bfbfcff\redhat.java -Daether.dependencyCollector.impl=bf 
java_command: c:\Users\PC\.vscode\extensions\redhat.java-1.35.0-win32-x64\server\plugins\org.eclipse.equinox.launcher_1.6.900.v20240613-2009.jar -configuration c:\Users\PC\AppData\Roaming\Code\User\globalStorage\redhat.java\1.35.0\config_win -data c:\Users\PC\AppData\Roaming\Code\User\workspaceStorage\9ab2f2c6fc39af6dc7adef449bfbfcff\redhat.java\jdt_ws --pipe=\\.\pipe\lsp-fffe453124660336519ad32b1b29f0fd-sock
java_class_path (initial): c:\Users\PC\.vscode\extensions\redhat.java-1.35.0-win32-x64\server\plugins\org.eclipse.equinox.launcher_1.6.900.v20240613-2009.jar
Launcher Type: SUN_STANDARD

[Global flags]
    uintx AdaptiveSizePolicyWeight                 = 90                                        {product} {command line}
     intx CICompilerCount                          = 12                                        {product} {ergonomic}
    uintx GCTimeRatio                              = 4                                         {product} {command line}
     bool HeapDumpOnOutOfMemoryError               = true                                   {manageable} {command line}
    ccstr HeapDumpPath                             = c:\Users\PC\AppData\Roaming\Code\User\workspaceStorage\9ab2f2c6fc39af6dc7adef449bfbfcff\redhat.java         {manageable} {command line}
   size_t InitialHeapSize                          = 104857600                                 {product} {command line}
   size_t MaxHeapSize                              = 1073741824                                {product} {command line}
   size_t MaxNewSize                               = 357564416                                 {product} {ergonomic}
   size_t MinHeapDeltaBytes                        = 524288                                    {product} {ergonomic}
   size_t MinHeapSize                              = 104857600                                 {product} {command line}
   size_t NewSize                                  = 34603008                                  {product} {ergonomic}
    uintx NonNMethodCodeHeapSize                   = 7602480                                {pd product} {ergonomic}
    uintx NonProfiledCodeHeapSize                  = 122027880                              {pd product} {ergonomic}
   size_t OldSize                                  = 70254592                                  {product} {ergonomic}
    uintx ProfiledCodeHeapSize                     = 122027880                              {pd product} {ergonomic}
    uintx ReservedCodeCacheSize                    = 251658240                              {pd product} {ergonomic}
     bool SegmentedCodeCache                       = true                                      {product} {ergonomic}
   size_t SoftMaxHeapSize                          = 1073741824                             {manageable} {ergonomic}
     bool UseCompressedClassPointers               = true                           {product lp64_product} {ergonomic}
     bool UseCompressedOops                        = true                           {product lp64_product} {ergonomic}
     bool UseLargePagesIndividualAllocation        = false                                  {pd product} {ergonomic}
     bool UseParallelGC                            = true                                      {product} {command line}

Logging:
Log output configuration:
 #0: stdout all=off uptime,level,tags
 #1: stderr all=off uptime,level,tags

Environment Variables:
PATH=C:\Program Files\Common Files\Oracle\Java\javapath;C:\Program Files (x86)\Common Files\Intel\Shared Libraries\redist\intel64\compiler;C:\Program Files (x86)\Common Files\Oracle\Java\javapath;C:\Windows\system32;C:\Windows;C:\Windows\System32\Wbem;C:\Windows\System32\WindowsPowerShell\v1.0\;C:\Windows\System32\OpenSSH\;C:\Program Files (x86)\NVIDIA Corporation\PhysX\Common;C:\Program Files\dotnet\;C:\WINDOWS\system32;C:\WINDOWS;C:\WINDOWS\System32\Wbem;C:\WINDOWS\System32\WindowsPowerShell\v1.0\;C:\WINDOWS\System32\OpenSSH\;C:\msys64\mingw64\bin;C:\Program Files (x86)\Microsoft SQL Server\160\Tools\Binn\;C:\Program Files\Microsoft SQL Server\160\Tools\Binn\;C:\Program Files\Microsoft SQL Server\Client SDK\ODBC\170\Tools\Binn\;C:\Program Files\Microsoft SQL Server\160\DTS\Binn\;C:\Program Files (x86)\Microsoft SQL Server\160\DTS\Binn\;C:\Program Files\Azure Data Studio\bin;C:\Program Files\Cloudflare\Cloudflare WARP\;C:\Program Files\Git\cmd;C:\Program Files\NVIDIA Corporation\NVIDIA app\NvDLISR;C:\Users\PC\AppData\Local\Programs\Python\Launcher\;C:\Users\PC\AppData\Local\Microsoft\WindowsApps;C:\Users\PC\AppData\Local\Programs\Microsoft VS Code\bin;C:\Users\PC\AppData\Local\GitHubDesktop\bin;C:\Program Files\Azure Data Studio\bin;;C:\Program Files\Azure Data Studio\bin;C:\Program Files\Azure Data Studio\bin
USERNAME=PC
OS=Windows_NT
PROCESSOR_IDENTIFIER=Intel64 Family 6 Model 154 Stepping 3, GenuineIntel
TMP=C:\Users\PC\AppData\Local\Temp
TEMP=C:\Users\PC\AppData\Local\Temp



Periodic native trim disabled


---------------  S Y S T E M  ---------------

OS:
 Windows 11 , 64 bit Build 22621 (10.0.22621.3958)
OS uptime: 0 days 3:39 hours

CPU: total 20 (initial active 20) (10 cores per cpu, 2 threads per core) family 6 model 154 stepping 3 microcode 0x429, cx8, cmov, fxsr, ht, mmx, 3dnowpref, sse, sse2, sse3, ssse3, sse4.1, sse4.2, popcnt, lzcnt, tsc, tscinvbit, avx, avx2, aes, erms, clmul, bmi1, bmi2, adx, sha, fma, vzeroupper, clflush, clflushopt, clwb
Processor Information for all 20 processors :
  Max Mhz: 2300, Current Mhz: 2300, Mhz Limit: 2300

Memory: 4k page, system-wide physical 16004M (4688M free)
TotalPageFile size 16004M (AvailPageFile size 57M)
current process WorkingSet (physical memory assigned to process): 557M, peak: 557M
current process commit charge ("private bytes"): 581M, peak: 584M

vm_info: OpenJDK 64-Bit Server VM (17.0.12+7) for windows-amd64 JRE (17.0.12+7), built on Jul 16 2024 22:08:24 by "admin" with MS VC++ 16.10 / 16.11 (VS2019)

END.
