#
# There is insufficient memory for the Java Runtime Environment to continue.
# Native memory allocation (malloc) failed to allocate 1800144 bytes. Error detail: Chunk::new
# Possible reasons:
#   The system is out of physical RAM or swap space
#   This process is running with CompressedOops enabled, and the Java Heap may be blocking the growth of the native heap
# Possible solutions:
#   Reduce memory load on the system
#   Increase physical memory or swap space
#   Check if swap backing store is full
#   Decrease Java heap size (-Xmx/-Xms)
#   Decrease number of Java threads
#   Decrease Java thread stack sizes (-Xss)
#   Set larger code cache with -XX:ReservedCodeCacheSize=
#   JVM is running with Unscaled Compressed Oops mode in which the Java heap is
#     placed in the first 4GB address space. The Java Heap base address is the
#     maximum limit for the native heap growth. Please use -XX:HeapBaseMinAddress
#     to set the Java Heap base and to place the Java Heap above 4GB virtual address.
# This output file may be truncated or incomplete.
#
#  Out of Memory Error (arena.cpp:191), pid=14620, tid=25072
#
# JRE version: OpenJDK Runtime Environment Temurin-17.0.12+7 (17.0.12+7) (build 17.0.12+7)
# Java VM: OpenJDK 64-Bit Server VM Temurin-17.0.12+7 (17.0.12+7, mixed mode, tiered, compressed oops, compressed class ptrs, parallel gc, windows-amd64)
# No core dump will be written. Minidumps are not enabled by default on client versions of Windows
#

---------------  S U M M A R Y ------------

Command Line: --add-modules=ALL-SYSTEM --add-opens=java.base/java.util=ALL-UNNAMED --add-opens=java.base/java.lang=ALL-UNNAMED --add-opens=java.base/sun.nio.fs=ALL-UNNAMED -Declipse.application=org.eclipse.jdt.ls.core.id1 -Dosgi.bundles.defaultStartLevel=4 -Declipse.product=org.eclipse.jdt.ls.core.product -Djava.import.generatesMetadataFilesAtProjectRoot=false -DDetectVMInstallationsJob.disabled=true -Dfile.encoding=utf8 -XX:+UseParallelGC -XX:GCTimeRatio=4 -XX:AdaptiveSizePolicyWeight=90 -Dsun.zip.disableMemoryMapping=true -Xmx1G -Xms100m -Xlog:disable -javaagent:c:\Users\PC\.vscode\extensions\redhat.java-1.35.1-win32-x64\lombok\lombok-1.18.33.jar c:\Users\PC\.vscode\extensions\redhat.java-1.35.1-win32-x64\server\plugins\org.eclipse.equinox.launcher_1.6.900.v20240613-2009.jar -configuration c:\Users\PC\AppData\Roaming\Code\User\globalStorage\redhat.java\1.35.1\config_ss_win -data c:\Users\PC\AppData\Roaming\Code\User\workspaceStorage\3abd4cffeeb0713efb1474071e056597\redhat.java\ss_ws --pipe=\\.\pipe\lsp-4e890d81a65041672dda9babe814e9eb-sock

Host: 12th Gen Intel(R) Core(TM) i7-12700H, 20 cores, 15G,  Windows 11 , 64 bit Build 22621 (10.0.22621.3958)
Time: Thu Oct  3 22:28:43 2024 SE Asia Standard Time elapsed time: 2.879095 seconds (0d 0h 0m 2s)

---------------  T H R E A D  ---------------

Current thread (0x0000017223ff2130):  JavaThread "C2 CompilerThread5" daemon [_thread_in_native, id=25072, stack(0x000000700c600000,0x000000700c700000)]


Current CompileTask:
C2:   2879 4475 %     4       org.lombokweb.asm.SymbolTable::<init> @ 98 (536 bytes)

Stack: [0x000000700c600000,0x000000700c700000]
Native frames: (J=compiled Java code, j=interpreted, Vv=VM code, C=native code)
V  [jvm.dll+0x67f929]
V  [jvm.dll+0x8371ba]
V  [jvm.dll+0x838c7e]
V  [jvm.dll+0x8392e3]
V  [jvm.dll+0x24834f]
V  [jvm.dll+0xac9d4]
V  [jvm.dll+0xad01c]
V  [jvm.dll+0x3674a7]
V  [jvm.dll+0x1bd562]
V  [jvm.dll+0x21aa09]
V  [jvm.dll+0x219cf1]
V  [jvm.dll+0x1a58bd]
V  [jvm.dll+0x229a2d]
V  [jvm.dll+0x227bdc]
V  [jvm.dll+0x7ec1f7]
V  [jvm.dll+0x7e65dc]
V  [jvm.dll+0x67e7f7]
C  [ucrtbase.dll+0x29333]
C  [KERNEL32.DLL+0x1257d]
C  [ntdll.dll+0x5af08]


---------------  P R O C E S S  ---------------

Threads class SMR info:
_java_thread_list=0x0000017225d59db0, length=54, elements={
0x00000172088aa780, 0x000001721c7399d0, 0x000001721c73bcb0, 0x0000017221ad5f30,
0x0000017221ad6cc0, 0x0000017221ad96f0, 0x0000017221add7e0, 0x0000017221ae30f0,
0x0000017221ae7860, 0x0000017221ae7e70, 0x000001720890c9f0, 0x0000017221c81d80,
0x0000017221c7f020, 0x0000017221c80d10, 0x0000017221c816e0, 0x0000017223ff4110,
0x0000017224129320, 0x0000017223ff2bd0, 0x00000172244c5dd0, 0x0000017224d92950,
0x0000017224a5ff40, 0x0000017224a5cfd0, 0x00000172248b8ae0, 0x0000017224cf3440,
0x0000017224df5150, 0x0000017224df5b70, 0x0000017224df4220, 0x0000017224df6aa0,
0x0000017224df5660, 0x0000017224df4730, 0x0000017224df3d10, 0x0000017224df6590,
0x0000017224df6fb0, 0x0000017224df74c0, 0x0000017224df4c40, 0x00000172251dad30,
0x00000172251db750, 0x00000172251d89c0, 0x00000172251dbc60, 0x00000172251dd5b0,
0x00000172251dc170, 0x00000172251da310, 0x00000172251dc680, 0x00000172251db240,
0x00000172251d7fa0, 0x00000172251d84b0, 0x00000172251d98f0, 0x00000172251da820,
0x00000172251dcb90, 0x00000172251ddac0, 0x00000172251ddfd0, 0x0000017223ff4660,
0x0000017223ff2130, 0x0000017223ff3bc0
}

Java Threads: ( => current thread )
  0x00000172088aa780 JavaThread "main" [_thread_blocked, id=20392, stack(0x0000007007f00000,0x0000007008000000)]
  0x000001721c7399d0 JavaThread "Reference Handler" daemon [_thread_blocked, id=9924, stack(0x0000007008200000,0x0000007008300000)]
  0x000001721c73bcb0 JavaThread "Finalizer" daemon [_thread_blocked, id=23056, stack(0x0000007008300000,0x0000007008400000)]
  0x0000017221ad5f30 JavaThread "Signal Dispatcher" daemon [_thread_blocked, id=24968, stack(0x0000007008400000,0x0000007008500000)]
  0x0000017221ad6cc0 JavaThread "Attach Listener" daemon [_thread_blocked, id=10968, stack(0x0000007008500000,0x0000007008600000)]
  0x0000017221ad96f0 JavaThread "Service Thread" daemon [_thread_blocked, id=1852, stack(0x0000007008600000,0x0000007008700000)]
  0x0000017221add7e0 JavaThread "Monitor Deflation Thread" daemon [_thread_blocked, id=3420, stack(0x0000007008700000,0x0000007008800000)]
  0x0000017221ae30f0 JavaThread "C2 CompilerThread0" daemon [_thread_blocked, id=26392, stack(0x0000007008800000,0x0000007008900000)]
  0x0000017221ae7860 JavaThread "C1 CompilerThread0" daemon [_thread_blocked, id=14176, stack(0x0000007008900000,0x0000007008a00000)]
  0x0000017221ae7e70 JavaThread "Sweeper thread" daemon [_thread_blocked, id=24308, stack(0x0000007008a00000,0x0000007008b00000)]
  0x000001720890c9f0 JavaThread "Common-Cleaner" daemon [_thread_blocked, id=25696, stack(0x0000007008b00000,0x0000007008c00000)]
  0x0000017221c81d80 JavaThread "C1 CompilerThread1" daemon [_thread_blocked, id=21688, stack(0x0000007008c00000,0x0000007008d00000)]
  0x0000017221c7f020 JavaThread "C1 CompilerThread2" daemon [_thread_blocked, id=10028, stack(0x0000007008d00000,0x0000007008e00000)]
  0x0000017221c80d10 JavaThread "C2 CompilerThread1" daemon [_thread_in_native, id=18032, stack(0x0000007008e00000,0x0000007008f00000)]
  0x0000017221c816e0 JavaThread "C2 CompilerThread2" daemon [_thread_in_native, id=1188, stack(0x0000007008f00000,0x0000007009000000)]
  0x0000017223ff4110 JavaThread "C1 CompilerThread3" daemon [_thread_blocked, id=1608, stack(0x0000007009000000,0x0000007009100000)]
  0x0000017224129320 JavaThread "Notification Thread" daemon [_thread_blocked, id=3684, stack(0x0000007009100000,0x0000007009200000)]
  0x0000017223ff2bd0 JavaThread "C2 CompilerThread3" daemon [_thread_in_native, id=26504, stack(0x0000007009300000,0x0000007009400000)]
  0x00000172244c5dd0 JavaThread "Active Thread: Equinox Container: 48fbedd5-646b-4c66-905b-8f5c10a1de2c" [_thread_blocked, id=8960, stack(0x0000007009a00000,0x0000007009b00000)]
  0x0000017224d92950 JavaThread "Framework Event Dispatcher: Equinox Container: 48fbedd5-646b-4c66-905b-8f5c10a1de2c" daemon [_thread_blocked, id=3300, stack(0x0000007009b00000,0x0000007009c00000)]
  0x0000017224a5ff40 JavaThread "Start Level: Equinox Container: 48fbedd5-646b-4c66-905b-8f5c10a1de2c" daemon [_thread_blocked, id=18876, stack(0x0000007009c00000,0x0000007009d00000)]
  0x0000017224a5cfd0 JavaThread "SCR Component Actor" daemon [_thread_blocked, id=25788, stack(0x0000007009d00000,0x0000007009e00000)]
  0x00000172248b8ae0 JavaThread "SCR Component Registry" daemon [_thread_blocked, id=3396, stack(0x000000700a000000,0x000000700a100000)]
  0x0000017224cf3440 JavaThread "Worker-JM" [_thread_blocked, id=12020, stack(0x000000700a100000,0x000000700a200000)]
  0x0000017224df5150 JavaThread "JNA Cleaner" daemon [_thread_blocked, id=12380, stack(0x0000007009400000,0x0000007009500000)]
  0x0000017224df5b70 JavaThread "Worker-0" [_thread_blocked, id=1124, stack(0x000000700a500000,0x000000700a600000)]
  0x0000017224df4220 JavaThread "Worker-1" [_thread_blocked, id=15764, stack(0x000000700a600000,0x000000700a700000)]
  0x0000017224df6aa0 JavaThread "Thread-2" daemon [_thread_in_native, id=11568, stack(0x000000700ad00000,0x000000700ae00000)]
  0x0000017224df5660 JavaThread "Thread-3" daemon [_thread_in_native, id=24728, stack(0x000000700ae00000,0x000000700af00000)]
  0x0000017224df4730 JavaThread "Thread-4" daemon [_thread_in_native, id=2184, stack(0x000000700af00000,0x000000700b000000)]
  0x0000017224df3d10 JavaThread "Thread-5" daemon [_thread_in_native, id=10736, stack(0x000000700b000000,0x000000700b100000)]
  0x0000017224df6590 JavaThread "Thread-6" daemon [_thread_in_native, id=26056, stack(0x000000700b100000,0x000000700b200000)]
  0x0000017224df6fb0 JavaThread "Thread-7" daemon [_thread_in_native, id=21136, stack(0x000000700b200000,0x000000700b300000)]
  0x0000017224df74c0 JavaThread "Thread-8" daemon [_thread_in_native, id=18884, stack(0x000000700b300000,0x000000700b400000)]
  0x0000017224df4c40 JavaThread "Thread-9" daemon [_thread_in_native, id=6148, stack(0x000000700b400000,0x000000700b500000)]
  0x00000172251dad30 JavaThread "Thread-10" daemon [_thread_in_native, id=26368, stack(0x000000700b500000,0x000000700b600000)]
  0x00000172251db750 JavaThread "Thread-11" daemon [_thread_in_native, id=4536, stack(0x000000700b600000,0x000000700b700000)]
  0x00000172251d89c0 JavaThread "Thread-12" daemon [_thread_in_native, id=18232, stack(0x000000700b700000,0x000000700b800000)]
  0x00000172251dbc60 JavaThread "Thread-13" daemon [_thread_in_native, id=13752, stack(0x000000700b800000,0x000000700b900000)]
  0x00000172251dd5b0 JavaThread "Thread-14" daemon [_thread_in_native, id=7256, stack(0x000000700b900000,0x000000700ba00000)]
  0x00000172251dc170 JavaThread "Thread-15" daemon [_thread_in_native, id=16860, stack(0x000000700ba00000,0x000000700bb00000)]
  0x00000172251da310 JavaThread "Thread-16" daemon [_thread_in_native, id=10228, stack(0x000000700bb00000,0x000000700bc00000)]
  0x00000172251dc680 JavaThread "Thread-17" daemon [_thread_in_native, id=16856, stack(0x000000700bc00000,0x000000700bd00000)]
  0x00000172251db240 JavaThread "Thread-18" daemon [_thread_in_native, id=20344, stack(0x000000700bd00000,0x000000700be00000)]
  0x00000172251d7fa0 JavaThread "Thread-19" daemon [_thread_in_native, id=19820, stack(0x000000700be00000,0x000000700bf00000)]
  0x00000172251d84b0 JavaThread "Thread-20" daemon [_thread_in_native, id=21108, stack(0x000000700bf00000,0x000000700c000000)]
  0x00000172251d98f0 JavaThread "Thread-21" daemon [_thread_in_native, id=9980, stack(0x000000700c000000,0x000000700c100000)]
  0x00000172251da820 JavaThread "Thread-22" daemon [_thread_in_native, id=13344, stack(0x000000700c100000,0x000000700c200000)]
  0x00000172251dcb90 JavaThread "pool-2-thread-1" [_thread_blocked, id=16024, stack(0x000000700c200000,0x000000700c300000)]
  0x00000172251ddac0 JavaThread "WorkspaceEventsHandler" [_thread_blocked, id=16632, stack(0x000000700c300000,0x000000700c400000)]
  0x00000172251ddfd0 JavaThread "pool-1-thread-1" [_thread_in_native, id=25288, stack(0x000000700c400000,0x000000700c500000)]
  0x0000017223ff4660 JavaThread "C2 CompilerThread4" daemon [_thread_in_native, id=13256, stack(0x000000700c500000,0x000000700c600000)]
=>0x0000017223ff2130 JavaThread "C2 CompilerThread5" daemon [_thread_in_native, id=25072, stack(0x000000700c600000,0x000000700c700000)]
  0x0000017223ff3bc0 JavaThread "C2 CompilerThread6" daemon [_thread_blocked, id=8528, stack(0x000000700c700000,0x000000700c800000)]

Other Threads:
  0x0000017221a98b90 VMThread "VM Thread" [stack: 0x0000007008100000,0x0000007008200000] [id=10720]
  0x0000017224118cf0 WatcherThread [stack: 0x0000007009200000,0x0000007009300000] [id=21796]
  0x00000172088bfee0 GCTaskThread "GC Thread#0" [stack: 0x0000007008000000,0x0000007008100000] [id=3832]
  0x00000172245fb410 GCTaskThread "GC Thread#1" [stack: 0x0000007009500000,0x0000007009600000] [id=24716]
  0x00000172247bbd20 GCTaskThread "GC Thread#2" [stack: 0x0000007009600000,0x0000007009700000] [id=25528]
  0x00000172247bbfe0 GCTaskThread "GC Thread#3" [stack: 0x0000007009700000,0x0000007009800000] [id=1404]
  0x00000172247bc2a0 GCTaskThread "GC Thread#4" [stack: 0x0000007009800000,0x0000007009900000] [id=12232]
  0x00000172247bc560 GCTaskThread "GC Thread#5" [stack: 0x0000007009900000,0x0000007009a00000] [id=11432]
  0x00000172248b96a0 GCTaskThread "GC Thread#6" [stack: 0x0000007009e00000,0x0000007009f00000] [id=10456]
  0x0000017224b4eb10 GCTaskThread "GC Thread#7" [stack: 0x0000007009f00000,0x000000700a000000] [id=21400]
  0x0000017224cdb2e0 GCTaskThread "GC Thread#8" [stack: 0x000000700a200000,0x000000700a300000] [id=25888]
  0x0000017224cdb5a0 GCTaskThread "GC Thread#9" [stack: 0x000000700a300000,0x000000700a400000] [id=5408]
  0x0000017224e13ab0 GCTaskThread "GC Thread#10" [stack: 0x000000700a400000,0x000000700a500000] [id=13528]
  0x0000017224ece5f0 GCTaskThread "GC Thread#11" [stack: 0x000000700a700000,0x000000700a800000] [id=10096]
  0x00000172252d7880 GCTaskThread "GC Thread#12" [stack: 0x000000700a800000,0x000000700a900000] [id=19776]
  0x00000172268814b0 GCTaskThread "GC Thread#13" [stack: 0x000000700a900000,0x000000700aa00000] [id=14780]
  0x0000017226a1d390 GCTaskThread "GC Thread#14" [stack: 0x000000700aa00000,0x000000700ab00000] [id=3828]

Threads with active compile tasks:
C2 CompilerThread1     2891 4534 %     4       org.lombokweb.asm.ClassReader::readCode @ 2187 (5117 bytes)
C2 CompilerThread2     2891 4573       4       org.eclipse.osgi.internal.loader.BundleLoader::searchHooks (192 bytes)
C2 CompilerThread3     2891 4429   !   4       org.eclipse.osgi.internal.loader.classpath.ClasspathManager::findLocalClass (210 bytes)
C2 CompilerThread4     2891 4509       4       org.lombokweb.asm.ClassReader::readMethod (1070 bytes)
C2 CompilerThread5     2891 4475 %     4       org.lombokweb.asm.SymbolTable::<init> @ 98 (536 bytes)

VM state: not at safepoint (normal execution)

VM Mutex/Monitor currently owned by a thread: None

Heap address: 0x00000000c0000000, size: 1024 MB, Compressed Oops mode: 32-bit

CDS archive(s) not mapped
Compressed class space mapped at: 0x0000000100000000-0x0000000140000000, reserved size: 1073741824
Narrow klass base: 0x0000000000000000, Narrow klass shift: 3, Narrow klass range: 0x140000000

GC Precious Log:
 CPUs: 20 total, 20 available
 Memory: 16004M
 Large Page Support: Disabled
 NUMA Support: Disabled
 Compressed Oops: Enabled (32-bit)
 Alignments: Space 512K, Generation 512K, Heap 2M
 Heap Min Capacity: 100M
 Heap Initial Capacity: 100M
 Heap Max Capacity: 1G
 Pre-touch: Disabled
 Parallel Workers: 15

Heap:
 PSYoungGen      total 22016K, used 3221K [0x00000000eab00000, 0x00000000ec300000, 0x0000000100000000)
  eden space 21504K, 12% used [0x00000000eab00000,0x00000000eadad640,0x00000000ec000000)
  from space 512K, 93% used [0x00000000ec280000,0x00000000ec2f8000,0x00000000ec300000)
  to   space 1024K, 0% used [0x00000000ec100000,0x00000000ec100000,0x00000000ec200000)
 ParOldGen       total 68608K, used 20507K [0x00000000c0000000, 0x00000000c4300000, 0x00000000eab00000)
  object space 68608K, 29% used [0x00000000c0000000,0x00000000c1406ed8,0x00000000c4300000)
 Metaspace       used 44318K, committed 45120K, reserved 1114112K
  class space    used 4468K, committed 4800K, reserved 1048576K

Card table byte_map: [0x0000017208270000,0x0000017208480000] _byte_map_base: 0x0000017207c70000

Marking Bits: (ParMarkBitMap*) 0x00007ffb14e158b0
 Begin Bits: [0x000001721a540000, 0x000001721b540000)
 End Bits:   [0x000001721b540000, 0x000001721c540000)

Polling page: 0x0000017208060000

Metaspace:

Usage:
  Non-class:     38.92 MB used.
      Class:      4.36 MB used.
       Both:     43.28 MB used.

Virtual space:
  Non-class space:       64.00 MB reserved,      39.38 MB ( 62%) committed,  1 nodes.
      Class space:        1.00 GB reserved,       4.69 MB ( <1%) committed,  1 nodes.
             Both:        1.06 GB reserved,      44.06 MB (  4%) committed. 

Chunk freelists:
   Non-Class:  8.16 MB
       Class:  11.22 MB
        Both:  19.38 MB

MaxMetaspaceSize: unlimited
CompressedClassSpaceSize: 1.00 GB
Initial GC threshold: 21.00 MB
Current GC threshold: 58.38 MB
CDS: off
MetaspaceReclaimPolicy: balanced
 - commit_granule_bytes: 65536.
 - commit_granule_words: 8192.
 - virtual_space_node_default_size: 8388608.
 - enlarge_chunks_in_place: 1.
 - new_chunks_are_fully_committed: 0.
 - uncommit_free_chunks: 1.
 - use_allocation_guard: 0.
 - handle_deallocations: 1.


Internal statistics:

num_allocs_failed_limit: 8.
num_arena_births: 462.
num_arena_deaths: 14.
num_vsnodes_births: 2.
num_vsnodes_deaths: 0.
num_space_committed: 705.
num_space_uncommitted: 0.
num_chunks_returned_to_freelist: 22.
num_chunks_taken_from_freelist: 1914.
num_chunk_merges: 13.
num_chunk_splits: 1271.
num_chunks_enlarged: 846.
num_inconsistent_stats: 0.

CodeHeap 'non-profiled nmethods': size=119168Kb used=2423Kb max_used=2423Kb free=116744Kb
 bounds [0x00000172130e0000, 0x0000017213350000, 0x000001721a540000]
CodeHeap 'profiled nmethods': size=119104Kb used=9845Kb max_used=9845Kb free=109258Kb
 bounds [0x000001720b540000, 0x000001720bee0000, 0x0000017212990000]
CodeHeap 'non-nmethods': size=7488Kb used=3008Kb max_used=3041Kb free=4479Kb
 bounds [0x0000017212990000, 0x0000017212c90000, 0x00000172130e0000]
 total_blobs=5226 nmethods=4569 adapters=567
 compilation: enabled
              stopped_count=0, restarted_count=0
 full_count=0

Compilation events (20 events):
Event: 2.837 Thread 0x0000017221ae7860 4567       3       lombok.core.LombokImmutableList::size (6 bytes)
Event: 2.837 Thread 0x0000017221ae7860 nmethod 4567 0x000001720bed0d90 code [0x000001720bed0f20, 0x000001720bed1038]
Event: 2.837 Thread 0x0000017221c7f020 nmethod 4566 0x000001720bed1110 code [0x000001720bed12e0, 0x000001720bed17a8]
Event: 2.837 Thread 0x0000017221c81d80 nmethod 4563 0x000001720bed1a10 code [0x000001720bed1c20, 0x000001720bed22e8]
Event: 2.840 Thread 0x0000017223ff4110 nmethod 4564 0x000001720bed2590 code [0x000001720bed2e00, 0x000001720beda988]
Event: 2.840 Thread 0x0000017221ae7860 4568       3       org.eclipse.jdt.internal.core.JavaModelManager$10::put (13 bytes)
Event: 2.840 Thread 0x0000017223ff4110 4569       3       org.eclipse.jdt.internal.core.JavaModelManager$10::put (10 bytes)
Event: 2.840 Thread 0x0000017223ff4110 nmethod 4569 0x000001720bedbf90 code [0x000001720bedc140, 0x000001720bedc388]
Event: 2.841 Thread 0x0000017221ae7860 nmethod 4568 0x000001720bedc490 code [0x000001720bedc660, 0x000001720bedcb08]
Event: 2.845 Thread 0x0000017223ff4110 4570  s    1       java.util.Vector::size (5 bytes)
Event: 2.845 Thread 0x0000017221ae7860 4571       3       org.eclipse.jdt.core.compiler.CharOperation::hashCode (11 bytes)
Event: 2.845 Thread 0x0000017223ff4110 nmethod 4570 0x000001721333ce10 code [0x000001721333cfa0, 0x000001721333d118]
Event: 2.845 Thread 0x0000017221ae7860 nmethod 4571 0x000001720bedcc10 code [0x000001720bedcda0, 0x000001720bedcec8]
Event: 2.850 Thread 0x0000017223ff4110 4572       1       org.eclipse.jdt.internal.core.OpenableElementInfo::getChildren (5 bytes)
Event: 2.850 Thread 0x0000017223ff4110 nmethod 4572 0x000001721333d190 code [0x000001721333d320, 0x000001721333d3f8]
Event: 2.851 Thread 0x0000017221c816e0 4573       4       org.eclipse.osgi.internal.loader.BundleLoader::searchHooks (192 bytes)
Event: 2.857 Thread 0x0000017221ae30f0 4574       4       java.util.HashMap::removeNode (291 bytes)
Event: 2.864 Thread 0x0000017221ae30f0 nmethod 4574 0x000001721333d490 code [0x000001721333d640, 0x000001721333dac8]
Event: 2.873 Thread 0x0000017221c7f020 4575       3       lombok.launch.ShadowClassLoader::partOfShadow (46 bytes)
Event: 2.873 Thread 0x0000017221c7f020 nmethod 4575 0x000001720bedcf90 code [0x000001720bedd180, 0x000001720bedd598]

GC Heap History (20 events):
Event: 1.766 GC heap before
{Heap before GC invocations=9 (full 1):
 PSYoungGen      total 27136K, used 27123K [0x00000000eab00000, 0x00000000ecb80000, 0x0000000100000000)
  eden space 24064K, 100% used [0x00000000eab00000,0x00000000ec280000,0x00000000ec280000)
  from space 3072K, 99% used [0x00000000ec480000,0x00000000ec77cc90,0x00000000ec780000)
  to   space 4096K, 0% used [0x00000000ec780000,0x00000000ec780000,0x00000000ecb80000)
 ParOldGen       total 68608K, used 8451K [0x00000000c0000000, 0x00000000c4300000, 0x00000000eab00000)
  object space 68608K, 12% used [0x00000000c0000000,0x00000000c0840da8,0x00000000c4300000)
 Metaspace       used 34070K, committed 34624K, reserved 1114112K
  class space    used 3382K, committed 3584K, reserved 1048576K
}
Event: 1.768 GC heap after
{Heap after GC invocations=9 (full 1):
 PSYoungGen      total 27648K, used 4073K [0x00000000eab00000, 0x00000000ecb80000, 0x0000000100000000)
  eden space 23552K, 0% used [0x00000000eab00000,0x00000000eab00000,0x00000000ec200000)
  from space 4096K, 99% used [0x00000000ec780000,0x00000000ecb7a6d0,0x00000000ecb80000)
  to   space 4608K, 0% used [0x00000000ec280000,0x00000000ec280000,0x00000000ec700000)
 ParOldGen       total 68608K, used 8502K [0x00000000c0000000, 0x00000000c4300000, 0x00000000eab00000)
  object space 68608K, 12% used [0x00000000c0000000,0x00000000c084db78,0x00000000c4300000)
 Metaspace       used 34070K, committed 34624K, reserved 1114112K
  class space    used 3382K, committed 3584K, reserved 1048576K
}
Event: 1.847 GC heap before
{Heap before GC invocations=10 (full 1):
 PSYoungGen      total 27648K, used 11751K [0x00000000eab00000, 0x00000000ecb80000, 0x0000000100000000)
  eden space 23552K, 32% used [0x00000000eab00000,0x00000000eb27f770,0x00000000ec200000)
  from space 4096K, 99% used [0x00000000ec780000,0x00000000ecb7a6d0,0x00000000ecb80000)
  to   space 4608K, 0% used [0x00000000ec280000,0x00000000ec280000,0x00000000ec700000)
 ParOldGen       total 68608K, used 8502K [0x00000000c0000000, 0x00000000c4300000, 0x00000000eab00000)
  object space 68608K, 12% used [0x00000000c0000000,0x00000000c084db78,0x00000000c4300000)
 Metaspace       used 35189K, committed 35840K, reserved 1114112K
  class space    used 3507K, committed 3776K, reserved 1048576K
}
Event: 1.849 GC heap after
{Heap after GC invocations=10 (full 1):
 PSYoungGen      total 26624K, used 2980K [0x00000000eab00000, 0x00000000ec900000, 0x0000000100000000)
  eden space 23552K, 0% used [0x00000000eab00000,0x00000000eab00000,0x00000000ec200000)
  from space 3072K, 97% used [0x00000000ec280000,0x00000000ec5691a0,0x00000000ec580000)
  to   space 3584K, 0% used [0x00000000ec580000,0x00000000ec580000,0x00000000ec900000)
 ParOldGen       total 68608K, used 10314K [0x00000000c0000000, 0x00000000c4300000, 0x00000000eab00000)
  object space 68608K, 15% used [0x00000000c0000000,0x00000000c0a12bf0,0x00000000c4300000)
 Metaspace       used 35189K, committed 35840K, reserved 1114112K
  class space    used 3507K, committed 3776K, reserved 1048576K
}
Event: 1.849 GC heap before
{Heap before GC invocations=11 (full 2):
 PSYoungGen      total 26624K, used 2980K [0x00000000eab00000, 0x00000000ec900000, 0x0000000100000000)
  eden space 23552K, 0% used [0x00000000eab00000,0x00000000eab00000,0x00000000ec200000)
  from space 3072K, 97% used [0x00000000ec280000,0x00000000ec5691a0,0x00000000ec580000)
  to   space 3584K, 0% used [0x00000000ec580000,0x00000000ec580000,0x00000000ec900000)
 ParOldGen       total 68608K, used 10314K [0x00000000c0000000, 0x00000000c4300000, 0x00000000eab00000)
  object space 68608K, 15% used [0x00000000c0000000,0x00000000c0a12bf0,0x00000000c4300000)
 Metaspace       used 35189K, committed 35840K, reserved 1114112K
  class space    used 3507K, committed 3776K, reserved 1048576K
}
Event: 1.862 GC heap after
{Heap after GC invocations=11 (full 2):
 PSYoungGen      total 26624K, used 0K [0x00000000eab00000, 0x00000000ec900000, 0x0000000100000000)
  eden space 23552K, 0% used [0x00000000eab00000,0x00000000eab00000,0x00000000ec200000)
  from space 3072K, 0% used [0x00000000ec280000,0x00000000ec280000,0x00000000ec580000)
  to   space 3584K, 0% used [0x00000000ec580000,0x00000000ec580000,0x00000000ec900000)
 ParOldGen       total 68608K, used 12841K [0x00000000c0000000, 0x00000000c4300000, 0x00000000eab00000)
  object space 68608K, 18% used [0x00000000c0000000,0x00000000c0c8a5e0,0x00000000c4300000)
 Metaspace       used 35189K, committed 35840K, reserved 1114112K
  class space    used 3507K, committed 3776K, reserved 1048576K
}
Event: 2.135 GC heap before
{Heap before GC invocations=12 (full 2):
 PSYoungGen      total 26624K, used 23552K [0x00000000eab00000, 0x00000000ec900000, 0x0000000100000000)
  eden space 23552K, 100% used [0x00000000eab00000,0x00000000ec200000,0x00000000ec200000)
  from space 3072K, 0% used [0x00000000ec280000,0x00000000ec280000,0x00000000ec580000)
  to   space 3584K, 0% used [0x00000000ec580000,0x00000000ec580000,0x00000000ec900000)
 ParOldGen       total 68608K, used 12841K [0x00000000c0000000, 0x00000000c4300000, 0x00000000eab00000)
  object space 68608K, 18% used [0x00000000c0000000,0x00000000c0c8a5e0,0x00000000c4300000)
 Metaspace       used 38176K, committed 38912K, reserved 1114112K
  class space    used 3832K, committed 4160K, reserved 1048576K
}
Event: 2.136 GC heap after
{Heap after GC invocations=12 (full 2):
 PSYoungGen      total 25088K, used 1986K [0x00000000eab00000, 0x00000000ec780000, 0x0000000100000000)
  eden space 23040K, 0% used [0x00000000eab00000,0x00000000eab00000,0x00000000ec180000)
  from space 2048K, 97% used [0x00000000ec580000,0x00000000ec770a70,0x00000000ec780000)
  to   space 2560K, 0% used [0x00000000ec280000,0x00000000ec280000,0x00000000ec500000)
 ParOldGen       total 68608K, used 12849K [0x00000000c0000000, 0x00000000c4300000, 0x00000000eab00000)
  object space 68608K, 18% used [0x00000000c0000000,0x00000000c0c8c5e0,0x00000000c4300000)
 Metaspace       used 38176K, committed 38912K, reserved 1114112K
  class space    used 3832K, committed 4160K, reserved 1048576K
}
Event: 2.204 GC heap before
{Heap before GC invocations=13 (full 2):
 PSYoungGen      total 25088K, used 25026K [0x00000000eab00000, 0x00000000ec780000, 0x0000000100000000)
  eden space 23040K, 100% used [0x00000000eab00000,0x00000000ec180000,0x00000000ec180000)
  from space 2048K, 97% used [0x00000000ec580000,0x00000000ec770a70,0x00000000ec780000)
  to   space 2560K, 0% used [0x00000000ec280000,0x00000000ec280000,0x00000000ec500000)
 ParOldGen       total 68608K, used 12849K [0x00000000c0000000, 0x00000000c4300000, 0x00000000eab00000)
  object space 68608K, 18% used [0x00000000c0000000,0x00000000c0c8c5e0,0x00000000c4300000)
 Metaspace       used 38419K, committed 39168K, reserved 1114112K
  class space    used 3862K, committed 4160K, reserved 1048576K
}
Event: 2.206 GC heap after
{Heap after GC invocations=13 (full 2):
 PSYoungGen      total 25088K, used 2545K [0x00000000eab00000, 0x00000000ec700000, 0x0000000100000000)
  eden space 22528K, 0% used [0x00000000eab00000,0x00000000eab00000,0x00000000ec100000)
  from space 2560K, 99% used [0x00000000ec280000,0x00000000ec4fc420,0x00000000ec500000)
  to   space 2048K, 0% used [0x00000000ec500000,0x00000000ec500000,0x00000000ec700000)
 ParOldGen       total 68608K, used 14618K [0x00000000c0000000, 0x00000000c4300000, 0x00000000eab00000)
  object space 68608K, 21% used [0x00000000c0000000,0x00000000c0e46900,0x00000000c4300000)
 Metaspace       used 38419K, committed 39168K, reserved 1114112K
  class space    used 3862K, committed 4160K, reserved 1048576K
}
Event: 2.254 GC heap before
{Heap before GC invocations=14 (full 2):
 PSYoungGen      total 25088K, used 25073K [0x00000000eab00000, 0x00000000ec700000, 0x0000000100000000)
  eden space 22528K, 100% used [0x00000000eab00000,0x00000000ec100000,0x00000000ec100000)
  from space 2560K, 99% used [0x00000000ec280000,0x00000000ec4fc420,0x00000000ec500000)
  to   space 2048K, 0% used [0x00000000ec500000,0x00000000ec500000,0x00000000ec700000)
 ParOldGen       total 68608K, used 14618K [0x00000000c0000000, 0x00000000c4300000, 0x00000000eab00000)
  object space 68608K, 21% used [0x00000000c0000000,0x00000000c0e46900,0x00000000c4300000)
 Metaspace       used 38468K, committed 39232K, reserved 1114112K
  class space    used 3862K, committed 4160K, reserved 1048576K
}
Event: 2.255 GC heap after
{Heap after GC invocations=14 (full 2):
 PSYoungGen      total 23552K, used 2018K [0x00000000eab00000, 0x00000000eca80000, 0x0000000100000000)
  eden space 21504K, 0% used [0x00000000eab00000,0x00000000eab00000,0x00000000ec000000)
  from space 2048K, 98% used [0x00000000ec500000,0x00000000ec6f8800,0x00000000ec700000)
  to   space 5120K, 0% used [0x00000000ec000000,0x00000000ec000000,0x00000000ec500000)
 ParOldGen       total 68608K, used 17168K [0x00000000c0000000, 0x00000000c4300000, 0x00000000eab00000)
  object space 68608K, 25% used [0x00000000c0000000,0x00000000c10c41a0,0x00000000c4300000)
 Metaspace       used 38468K, committed 39232K, reserved 1114112K
  class space    used 3862K, committed 4160K, reserved 1048576K
}
Event: 2.504 GC heap before
{Heap before GC invocations=15 (full 2):
 PSYoungGen      total 23552K, used 23522K [0x00000000eab00000, 0x00000000eca80000, 0x0000000100000000)
  eden space 21504K, 100% used [0x00000000eab00000,0x00000000ec000000,0x00000000ec000000)
  from space 2048K, 98% used [0x00000000ec500000,0x00000000ec6f8800,0x00000000ec700000)
  to   space 5120K, 0% used [0x00000000ec000000,0x00000000ec000000,0x00000000ec500000)
 ParOldGen       total 68608K, used 17168K [0x00000000c0000000, 0x00000000c4300000, 0x00000000eab00000)
  object space 68608K, 25% used [0x00000000c0000000,0x00000000c10c41a0,0x00000000c4300000)
 Metaspace       used 40532K, committed 41344K, reserved 1114112K
  class space    used 4150K, committed 4480K, reserved 1048576K
}
Event: 2.505 GC heap after
{Heap after GC invocations=15 (full 2):
 PSYoungGen      total 22528K, used 982K [0x00000000eab00000, 0x00000000ec580000, 0x0000000100000000)
  eden space 21504K, 0% used [0x00000000eab00000,0x00000000eab00000,0x00000000ec000000)
  from space 1024K, 95% used [0x00000000ec000000,0x00000000ec0f5a78,0x00000000ec100000)
  to   space 2560K, 0% used [0x00000000ec300000,0x00000000ec300000,0x00000000ec580000)
 ParOldGen       total 68608K, used 19226K [0x00000000c0000000, 0x00000000c4300000, 0x00000000eab00000)
  object space 68608K, 28% used [0x00000000c0000000,0x00000000c12c69a0,0x00000000c4300000)
 Metaspace       used 40532K, committed 41344K, reserved 1114112K
  class space    used 4150K, committed 4480K, reserved 1048576K
}
Event: 2.667 GC heap before
{Heap before GC invocations=16 (full 2):
 PSYoungGen      total 22528K, used 22486K [0x00000000eab00000, 0x00000000ec580000, 0x0000000100000000)
  eden space 21504K, 100% used [0x00000000eab00000,0x00000000ec000000,0x00000000ec000000)
  from space 1024K, 95% used [0x00000000ec000000,0x00000000ec0f5a78,0x00000000ec100000)
  to   space 2560K, 0% used [0x00000000ec300000,0x00000000ec300000,0x00000000ec580000)
 ParOldGen       total 68608K, used 19226K [0x00000000c0000000, 0x00000000c4300000, 0x00000000eab00000)
  object space 68608K, 28% used [0x00000000c0000000,0x00000000c12c69a0,0x00000000c4300000)
 Metaspace       used 41717K, committed 42432K, reserved 1114112K
  class space    used 4265K, committed 4544K, reserved 1048576K
}
Event: 2.668 GC heap after
{Heap after GC invocations=16 (full 2):
 PSYoungGen      total 22016K, used 512K [0x00000000eab00000, 0x00000000ec380000, 0x0000000100000000)
  eden space 21504K, 0% used [0x00000000eab00000,0x00000000eab00000,0x00000000ec000000)
  from space 512K, 100% used [0x00000000ec300000,0x00000000ec380000,0x00000000ec380000)
  to   space 1024K, 0% used [0x00000000ec180000,0x00000000ec180000,0x00000000ec280000)
 ParOldGen       total 68608K, used 19987K [0x00000000c0000000, 0x00000000c4300000, 0x00000000eab00000)
  object space 68608K, 29% used [0x00000000c0000000,0x00000000c1384ed8,0x00000000c4300000)
 Metaspace       used 41717K, committed 42432K, reserved 1114112K
  class space    used 4265K, committed 4544K, reserved 1048576K
}
Event: 2.735 GC heap before
{Heap before GC invocations=17 (full 2):
 PSYoungGen      total 22016K, used 22016K [0x00000000eab00000, 0x00000000ec380000, 0x0000000100000000)
  eden space 21504K, 100% used [0x00000000eab00000,0x00000000ec000000,0x00000000ec000000)
  from space 512K, 100% used [0x00000000ec300000,0x00000000ec380000,0x00000000ec380000)
  to   space 1024K, 0% used [0x00000000ec180000,0x00000000ec180000,0x00000000ec280000)
 ParOldGen       total 68608K, used 19987K [0x00000000c0000000, 0x00000000c4300000, 0x00000000eab00000)
  object space 68608K, 29% used [0x00000000c0000000,0x00000000c1384ed8,0x00000000c4300000)
 Metaspace       used 42518K, committed 43264K, reserved 1114112K
  class space    used 4307K, committed 4608K, reserved 1048576K
}
Event: 2.736 GC heap after
{Heap after GC invocations=17 (full 2):
 PSYoungGen      total 22528K, used 992K [0x00000000eab00000, 0x00000000ec380000, 0x0000000100000000)
  eden space 21504K, 0% used [0x00000000eab00000,0x00000000eab00000,0x00000000ec000000)
  from space 1024K, 96% used [0x00000000ec180000,0x00000000ec278300,0x00000000ec280000)
  to   space 1024K, 0% used [0x00000000ec280000,0x00000000ec280000,0x00000000ec380000)
 ParOldGen       total 68608K, used 20339K [0x00000000c0000000, 0x00000000c4300000, 0x00000000eab00000)
  object space 68608K, 29% used [0x00000000c0000000,0x00000000c13dced8,0x00000000c4300000)
 Metaspace       used 42518K, committed 43264K, reserved 1114112K
  class space    used 4307K, committed 4608K, reserved 1048576K
}
Event: 2.846 GC heap before
{Heap before GC invocations=18 (full 2):
 PSYoungGen      total 22528K, used 22496K [0x00000000eab00000, 0x00000000ec380000, 0x0000000100000000)
  eden space 21504K, 100% used [0x00000000eab00000,0x00000000ec000000,0x00000000ec000000)
  from space 1024K, 96% used [0x00000000ec180000,0x00000000ec278300,0x00000000ec280000)
  to   space 1024K, 0% used [0x00000000ec280000,0x00000000ec280000,0x00000000ec380000)
 ParOldGen       total 68608K, used 20339K [0x00000000c0000000, 0x00000000c4300000, 0x00000000eab00000)
  object space 68608K, 29% used [0x00000000c0000000,0x00000000c13dced8,0x00000000c4300000)
 Metaspace       used 43886K, committed 44672K, reserved 1114112K
  class space    used 4445K, committed 4736K, reserved 1048576K
}
Event: 2.847 GC heap after
{Heap after GC invocations=18 (full 2):
 PSYoungGen      total 22016K, used 480K [0x00000000eab00000, 0x00000000ec300000, 0x0000000100000000)
  eden space 21504K, 0% used [0x00000000eab00000,0x00000000eab00000,0x00000000ec000000)
  from space 512K, 93% used [0x00000000ec280000,0x00000000ec2f8000,0x00000000ec300000)
  to   space 1024K, 0% used [0x00000000ec100000,0x00000000ec100000,0x00000000ec200000)
 ParOldGen       total 68608K, used 20507K [0x00000000c0000000, 0x00000000c4300000, 0x00000000eab00000)
  object space 68608K, 29% used [0x00000000c0000000,0x00000000c1406ed8,0x00000000c4300000)
 Metaspace       used 43886K, committed 44672K, reserved 1114112K
  class space    used 4445K, committed 4736K, reserved 1048576K
}

Dll operation events (10 events):
Event: 0.005 Loaded shared library c:\Users\PC\.vscode\extensions\redhat.java-1.35.1-win32-x64\jre\17.0.12-win32-x86_64\bin\java.dll
Event: 0.079 Loaded shared library c:\Users\PC\.vscode\extensions\redhat.java-1.35.1-win32-x64\jre\17.0.12-win32-x86_64\bin\zip.dll
Event: 0.080 Loaded shared library C:\Users\PC\.vscode\extensions\redhat.java-1.35.1-win32-x64\jre\17.0.12-win32-x86_64\bin\instrument.dll
Event: 0.086 Loaded shared library C:\Users\PC\.vscode\extensions\redhat.java-1.35.1-win32-x64\jre\17.0.12-win32-x86_64\bin\net.dll
Event: 0.087 Loaded shared library C:\Users\PC\.vscode\extensions\redhat.java-1.35.1-win32-x64\jre\17.0.12-win32-x86_64\bin\nio.dll
Event: 0.091 Loaded shared library C:\Users\PC\.vscode\extensions\redhat.java-1.35.1-win32-x64\jre\17.0.12-win32-x86_64\bin\zip.dll
Event: 0.101 Loaded shared library C:\Users\PC\.vscode\extensions\redhat.java-1.35.1-win32-x64\jre\17.0.12-win32-x86_64\bin\jimage.dll
Event: 0.141 Loaded shared library c:\Users\PC\.vscode\extensions\redhat.java-1.35.1-win32-x64\jre\17.0.12-win32-x86_64\bin\verify.dll
Event: 0.704 Loaded shared library C:\Users\PC\AppData\Roaming\Code\User\globalStorage\redhat.java\1.35.1\config_ss_win\org.eclipse.equinox.launcher\org.eclipse.equinox.launcher.win32.win32.x86_64_1.2.1100.v20240722-2106\eclipse_11904.dll
Event: 1.150 Loaded shared library C:\Users\PC\AppData\Local\Temp\jna-2547\jna8236202469241152111.dll

Deoptimization events (20 events):
Event: 2.717 Thread 0x00000172251ddfd0 Uncommon trap: trap_request=0xffffffde fr.pc=0x0000017213232fdc relative=0x00000000000080fc
Event: 2.718 Thread 0x00000172251ddfd0 Uncommon trap: reason=class_check action=maybe_recompile pc=0x0000017213232fdc method=lombok.patcher.PatchScript$MethodPatcher.visitMethod(ILjava/lang/String;Ljava/lang/String;Ljava/lang/String;[Ljava/lang/String;)Lorg/lombokweb/asm/MethodVisitor; @ 101 c
Event: 2.718 Thread 0x00000172251ddfd0 DEOPT PACKING pc=0x0000017213232fdc sp=0x000000700c4f8660
Event: 2.718 Thread 0x00000172251ddfd0 DEOPT UNPACKING pc=0x00000172129e66a3 sp=0x000000700c4f8608 mode 2
Event: 2.718 Thread 0x00000172251ddfd0 Uncommon trap: trap_request=0xffffffde fr.pc=0x0000017213232fdc relative=0x00000000000080fc
Event: 2.718 Thread 0x00000172251ddfd0 Uncommon trap: reason=class_check action=maybe_recompile pc=0x0000017213232fdc method=lombok.patcher.PatchScript$MethodPatcher.visitMethod(ILjava/lang/String;Ljava/lang/String;Ljava/lang/String;[Ljava/lang/String;)Lorg/lombokweb/asm/MethodVisitor; @ 101 c
Event: 2.718 Thread 0x00000172251ddfd0 DEOPT PACKING pc=0x0000017213232fdc sp=0x000000700c4f8660
Event: 2.718 Thread 0x00000172251ddfd0 DEOPT UNPACKING pc=0x00000172129e66a3 sp=0x000000700c4f8608 mode 2
Event: 2.718 Thread 0x00000172251ddfd0 Uncommon trap: trap_request=0xffffffde fr.pc=0x00000172131f4f08 relative=0x00000000000010e8
Event: 2.718 Thread 0x00000172251ddfd0 Uncommon trap: reason=class_check action=maybe_recompile pc=0x00000172131f4f08 method=lombok.patcher.PatchScript$MethodPatcher.visitMethod(ILjava/lang/String;Ljava/lang/String;Ljava/lang/String;[Ljava/lang/String;)Lorg/lombokweb/asm/MethodVisitor; @ 101 c
Event: 2.718 Thread 0x00000172251ddfd0 DEOPT PACKING pc=0x00000172131f4f08 sp=0x000000700c4f8610
Event: 2.718 Thread 0x00000172251ddfd0 DEOPT UNPACKING pc=0x00000172129e66a3 sp=0x000000700c4f8608 mode 2
Event: 2.756 Thread 0x00000172251ddfd0 Uncommon trap: trap_request=0xffffff6e fr.pc=0x000001721332ac10 relative=0x00000000000003b0
Event: 2.756 Thread 0x00000172251ddfd0 Uncommon trap: reason=loop_limit_check action=maybe_recompile pc=0x000001721332ac10 method=java.util.regex.Pattern$StartS.match(Ljava/util/regex/Matcher;ILjava/lang/CharSequence;)Z @ 34 c2
Event: 2.756 Thread 0x00000172251ddfd0 DEOPT PACKING pc=0x000001721332ac10 sp=0x000000700c4f83d0
Event: 2.756 Thread 0x00000172251ddfd0 DEOPT UNPACKING pc=0x00000172129e66a3 sp=0x000000700c4f8300 mode 2
Event: 2.823 Thread 0x00000172251ddfd0 Uncommon trap: trap_request=0xffffffcc fr.pc=0x000001721333377c relative=0x000000000000191c
Event: 2.823 Thread 0x00000172251ddfd0 Uncommon trap: reason=intrinsic_or_type_checked_inlining action=make_not_entrant pc=0x000001721333377c method=java.util.ArrayList$SubList.toArray([Ljava/lang/Object;)[Ljava/lang/Object; @ 58 c2
Event: 2.823 Thread 0x00000172251ddfd0 DEOPT PACKING pc=0x000001721333377c sp=0x000000700c4fbf10
Event: 2.823 Thread 0x00000172251ddfd0 DEOPT UNPACKING pc=0x00000172129e66a3 sp=0x000000700c4fbe48 mode 2

Classes loaded (20 events):
Event: 2.140 Loading class java/nio/channels/NonWritableChannelException
Event: 2.140 Loading class java/nio/channels/NonWritableChannelException done
Event: 2.267 Loading class sun/nio/cs/ThreadLocalCoders
Event: 2.267 Loading class sun/nio/cs/ThreadLocalCoders done
Event: 2.267 Loading class sun/nio/cs/ThreadLocalCoders$1
Event: 2.267 Loading class sun/nio/cs/ThreadLocalCoders$Cache
Event: 2.267 Loading class sun/nio/cs/ThreadLocalCoders$Cache done
Event: 2.267 Loading class sun/nio/cs/ThreadLocalCoders$1 done
Event: 2.267 Loading class sun/nio/cs/ThreadLocalCoders$2
Event: 2.267 Loading class sun/nio/cs/ThreadLocalCoders$2 done
Event: 2.293 Loading class java/lang/ExceptionInInitializerError
Event: 2.293 Loading class java/lang/ExceptionInInitializerError done
Event: 2.535 Loading class java/util/Vector$1
Event: 2.535 Loading class java/util/Vector$1 done
Event: 2.653 Loading class java/util/regex/Pattern$Caret
Event: 2.653 Loading class java/util/regex/Pattern$Caret done
Event: 2.671 Loading class java/util/regex/Pattern$LazyLoop
Event: 2.671 Loading class java/util/regex/Pattern$LazyLoop done
Event: 2.850 Loading class java/util/Hashtable$ValueCollection
Event: 2.850 Loading class java/util/Hashtable$ValueCollection done

Classes unloaded (7 events):
Event: 1.065 Thread 0x0000017221a98b90 Unloading class 0x000000010021bc00 'java/lang/invoke/LambdaForm$MH+0x000000010021bc00'
Event: 1.065 Thread 0x0000017221a98b90 Unloading class 0x000000010021b800 'java/lang/invoke/LambdaForm$MH+0x000000010021b800'
Event: 1.065 Thread 0x0000017221a98b90 Unloading class 0x000000010021b400 'java/lang/invoke/LambdaForm$MH+0x000000010021b400'
Event: 1.065 Thread 0x0000017221a98b90 Unloading class 0x000000010021b000 'java/lang/invoke/LambdaForm$MH+0x000000010021b000'
Event: 1.065 Thread 0x0000017221a98b90 Unloading class 0x000000010021ac00 'java/lang/invoke/LambdaForm$BMH+0x000000010021ac00'
Event: 1.065 Thread 0x0000017221a98b90 Unloading class 0x000000010021a800 'java/lang/invoke/LambdaForm$DMH+0x000000010021a800'
Event: 1.065 Thread 0x0000017221a98b90 Unloading class 0x0000000100211400 'java/lang/invoke/LambdaForm$DMH+0x0000000100211400'

Classes redefined (0 events):
No events

Internal exceptions (20 events):
Event: 2.014 Thread 0x00000172251ddfd0 Exception <a 'sun/nio/fs/WindowsException'{0x00000000eb76de10}> (0x00000000eb76de10) 
thrown [s\src\hotspot\share\prims\jni.cpp, line 516]
Event: 2.014 Thread 0x00000172251ddfd0 Exception <a 'sun/nio/fs/WindowsException'{0x00000000eb76e6f0}> (0x00000000eb76e6f0) 
thrown [s\src\hotspot\share\prims\jni.cpp, line 516]
Event: 2.014 Thread 0x00000172251ddfd0 Exception <a 'sun/nio/fs/WindowsException'{0x00000000eb76f330}> (0x00000000eb76f330) 
thrown [s\src\hotspot\share\prims\jni.cpp, line 516]
Event: 2.014 Thread 0x00000172251ddfd0 Exception <a 'sun/nio/fs/WindowsException'{0x00000000eb76fc10}> (0x00000000eb76fc10) 
thrown [s\src\hotspot\share\prims\jni.cpp, line 516]
Event: 2.014 Thread 0x00000172251ddfd0 Exception <a 'sun/nio/fs/WindowsException'{0x00000000eb7715e0}> (0x00000000eb7715e0) 
thrown [s\src\hotspot\share\prims\jni.cpp, line 516]
Event: 2.014 Thread 0x00000172251ddfd0 Exception <a 'sun/nio/fs/WindowsException'{0x00000000eb771ec0}> (0x00000000eb771ec0) 
thrown [s\src\hotspot\share\prims\jni.cpp, line 516]
Event: 2.016 Thread 0x00000172251ddfd0 Exception <a 'java/lang/NoSuchMethodError'{0x00000000eb786a50}: 'void java.lang.invoke.DirectMethodHandle$Holder.invokeVirtual(java.lang.Object, java.lang.Object, java.lang.Object, java.lang.Object)'> (0x00000000eb786a50) 
thrown [s\src\hotspot\share\interpreter\linkResolver.cpp, line 759]
Event: 2.045 Thread 0x00000172251ddfd0 Exception <a 'java/lang/NoSuchMethodError'{0x00000000eb9bfd38}: 'java.lang.Object java.lang.invoke.Invokers$Holder.invoke_MT(java.lang.Object, java.lang.Object, java.lang.Object)'> (0x00000000eb9bfd38) 
thrown [s\src\hotspot\share\interpreter\linkResolver.cpp, line 759]
Event: 2.106 Thread 0x00000172251ddfd0 Exception <a 'java/lang/NoSuchMethodError'{0x00000000ebf4f080}: 'java.lang.Object java.lang.invoke.DirectMethodHandle$Holder.invokeStaticInit(java.lang.Object, java.lang.Object, java.lang.Object, java.lang.Object, java.lang.Object, java.lang.Object, java.lang.Object)'> (0x00000000ebf4f080) 
thrown [s\src\hotspot\share\interpreter\linkResolver.cpp, line 759]
Event: 2.108 Thread 0x00000172251ddfd0 Exception <a 'java/lang/NoSuchMethodError'{0x00000000ebf585a8}: 'java.lang.Object java.lang.invoke.DirectMethodHandle$Holder.invokeSpecial(java.lang.Object, java.lang.Object, java.lang.Object, java.lang.Object, java.lang.Object, java.lang.Object, java.lang.Object, java.lang.Object, java.lang.Object, java.lang.Object)'> (0x00000000ebf585a8) 
thrown [s\src\hotspot\share\interpreter\linkResolver.cpp, line 759]
Event: 2.108 Thread 0x00000172251ddfd0 Exception <a 'java/lang/NoSuchMethodError'{0x00000000ebf5d080}: 'java.lang.Object java.lang.invoke.Invokers$Holder.invoke_MT(java.lang.Object, java.lang.Object, java.lang.Object, java.lang.Object, java.lang.Object, java.lang.Object, java.lang.Object, java.lang.Object, java.lang.Object, java.lang.Object)'> (0x00000000ebf5d080) 
thrown [s\src\hotspot\share\interpreter\linkResolver.cpp, line 759]
Event: 2.112 Thread 0x00000172251ddfd0 Exception <a 'java/lang/NoSuchMethodError'{0x00000000ebfa4b48}: 'int java.lang.invoke.DirectMethodHandle$Holder.invokeVirtual(java.lang.Object, java.lang.Object, java.lang.Object)'> (0x00000000ebfa4b48) 
thrown [s\src\hotspot\share\interpreter\linkResolver.cpp, line 759]
Event: 2.112 Thread 0x00000172251ddfd0 Exception <a 'java/lang/NoSuchMethodError'{0x00000000ebfa86a8}: 'int java.lang.invoke.DirectMethodHandle$Holder.invokeVirtual(java.lang.Object, java.lang.Object)'> (0x00000000ebfa86a8) 
thrown [s\src\hotspot\share\interpreter\linkResolver.cpp, line 759]
Event: 2.113 Thread 0x00000172251ddfd0 Exception <a 'java/lang/NoSuchMethodError'{0x00000000ebfacf58}: 'int java.lang.invoke.DirectMethodHandle$Holder.invokeStaticInit(java.lang.Object, int, int)'> (0x00000000ebfacf58) 
thrown [s\src\hotspot\share\interpreter\linkResolver.cpp, line 759]
Event: 2.113 Thread 0x00000172251ddfd0 Exception <a 'java/lang/NoSuchMethodError'{0x00000000ebfb4c70}: 'int java.lang.invoke.DirectMethodHandle$Holder.invokeStaticInit(java.lang.Object, long, long)'> (0x00000000ebfb4c70) 
thrown [s\src\hotspot\share\interpreter\linkResolver.cpp, line 759]
Event: 2.114 Thread 0x00000172251ddfd0 Exception <a 'java/lang/NoSuchMethodError'{0x00000000ebfbc130}: 'int java.lang.invoke.DirectMethodHandle$Holder.invokeStaticInit(java.lang.Object, float, float)'> (0x00000000ebfbc130) 
thrown [s\src\hotspot\share\interpreter\linkResolver.cpp, line 759]
Event: 2.114 Thread 0x00000172251ddfd0 Exception <a 'java/lang/NoSuchMethodError'{0x00000000ebfc3470}: 'int java.lang.invoke.DirectMethodHandle$Holder.invokeStaticInit(java.lang.Object, double, double)'> (0x00000000ebfc3470) 
thrown [s\src\hotspot\share\interpreter\linkResolver.cpp, line 759]
Event: 2.114 Thread 0x00000172251ddfd0 Exception <a 'java/lang/NoSuchMethodError'{0x00000000ebfc7d20}: 'int java.lang.invoke.DirectMethodHandle$Holder.invokeStatic(java.lang.Object, long)'> (0x00000000ebfc7d20) 
thrown [s\src\hotspot\share\interpreter\linkResolver.cpp, line 759]
Event: 2.117 Thread 0x00000172251ddfd0 Exception <a 'java/lang/NoSuchMethodError'{0x00000000ebff0520}: 'int java.lang.invoke.Invokers$Holder.linkToTargetMethod(java.lang.Object, java.lang.Object)'> (0x00000000ebff0520) 
thrown [s\src\hotspot\share\interpreter\linkResolver.cpp, line 759]
Event: 2.415 Thread 0x0000017224df4220 Exception <a 'java/lang/NoSuchMethodError'{0x00000000eb722ae0}: 'java.lang.Object java.lang.invoke.DirectMethodHandle$Holder.newInvokeSpecial(java.lang.Object, java.lang.Object, java.lang.Object, java.lang.Object, java.lang.Object, java.lang.Object)'> (0x00000000eb722ae0) 
thrown [s\src\hotspot\share\interpreter\linkResolver.cpp, line 759]

VM Operations (20 events):
Event: 2.054 Executing VM operation: HandshakeAllThreads
Event: 2.054 Executing VM operation: HandshakeAllThreads done
Event: 2.135 Executing VM operation: ParallelGCFailedAllocation
Event: 2.136 Executing VM operation: ParallelGCFailedAllocation done
Event: 2.140 Executing VM operation: HandshakeAllThreads
Event: 2.140 Executing VM operation: HandshakeAllThreads done
Event: 2.204 Executing VM operation: ParallelGCFailedAllocation
Event: 2.206 Executing VM operation: ParallelGCFailedAllocation done
Event: 2.254 Executing VM operation: ParallelGCFailedAllocation
Event: 2.255 Executing VM operation: ParallelGCFailedAllocation done
Event: 2.410 Executing VM operation: HandshakeAllThreads
Event: 2.410 Executing VM operation: HandshakeAllThreads done
Event: 2.504 Executing VM operation: ParallelGCFailedAllocation
Event: 2.505 Executing VM operation: ParallelGCFailedAllocation done
Event: 2.667 Executing VM operation: ParallelGCFailedAllocation
Event: 2.668 Executing VM operation: ParallelGCFailedAllocation done
Event: 2.734 Executing VM operation: ParallelGCFailedAllocation
Event: 2.736 Executing VM operation: ParallelGCFailedAllocation done
Event: 2.846 Executing VM operation: ParallelGCFailedAllocation
Event: 2.847 Executing VM operation: ParallelGCFailedAllocation done

Events (20 events):
Event: 1.689 Thread 0x00000172251db750 Thread added: 0x00000172251db750
Event: 1.689 Thread 0x00000172251d89c0 Thread added: 0x00000172251d89c0
Event: 1.689 Thread 0x00000172251dbc60 Thread added: 0x00000172251dbc60
Event: 1.689 Thread 0x00000172251dd5b0 Thread added: 0x00000172251dd5b0
Event: 1.689 Thread 0x00000172251dc170 Thread added: 0x00000172251dc170
Event: 1.689 Thread 0x00000172251da310 Thread added: 0x00000172251da310
Event: 1.689 Thread 0x00000172251dc680 Thread added: 0x00000172251dc680
Event: 1.689 Thread 0x00000172251db240 Thread added: 0x00000172251db240
Event: 1.689 Thread 0x00000172251d7fa0 Thread added: 0x00000172251d7fa0
Event: 1.689 Thread 0x00000172251d84b0 Thread added: 0x00000172251d84b0
Event: 1.689 Thread 0x00000172251d98f0 Thread added: 0x00000172251d98f0
Event: 1.689 Thread 0x00000172251da820 Thread added: 0x00000172251da820
Event: 1.700 Thread 0x00000172251dcb90 Thread added: 0x00000172251dcb90
Event: 1.789 Thread 0x00000172251ddac0 Thread added: 0x00000172251ddac0
Event: 1.789 Thread 0x00000172251ddfd0 Thread added: 0x00000172251ddfd0
Event: 2.192 Thread 0x0000017223ff4660 Thread added: 0x0000017223ff4660
Event: 2.198 Thread 0x0000017223ff2130 Thread added: 0x0000017223ff2130
Event: 2.198 Thread 0x0000017223ff3bc0 Thread added: 0x0000017223ff3bc0
Event: 2.198 Thread 0x0000017223ff4bb0 Thread added: 0x0000017223ff4bb0
Event: 2.540 Thread 0x0000017223ff4bb0 Thread exited: 0x0000017223ff4bb0


Dynamic libraries:
0x00007ff75d090000 - 0x00007ff75d09e000 	c:\Users\PC\.vscode\extensions\redhat.java-1.35.1-win32-x64\jre\17.0.12-win32-x86_64\bin\java.exe
0x00007ffb62a90000 - 0x00007ffb62ca7000 	C:\WINDOWS\SYSTEM32\ntdll.dll
0x00007ffb61500000 - 0x00007ffb615c4000 	C:\WINDOWS\System32\KERNEL32.DLL
0x00007ffb60100000 - 0x00007ffb604b7000 	C:\WINDOWS\System32\KERNELBASE.dll
0x00007ffb5ffe0000 - 0x00007ffb600f1000 	C:\WINDOWS\System32\ucrtbase.dll
0x00007ffb5a860000 - 0x00007ffb5a87b000 	c:\Users\PC\.vscode\extensions\redhat.java-1.35.1-win32-x64\jre\17.0.12-win32-x86_64\bin\VCRUNTIME140.dll
0x00007ffb5c360000 - 0x00007ffb5c377000 	c:\Users\PC\.vscode\extensions\redhat.java-1.35.1-win32-x64\jre\17.0.12-win32-x86_64\bin\jli.dll
0x00007ffb607c0000 - 0x00007ffb6096f000 	C:\WINDOWS\System32\USER32.dll
0x00007ffb5fe60000 - 0x00007ffb5fe86000 	C:\WINDOWS\System32\win32u.dll
0x00007ffb57940000 - 0x00007ffb57bd3000 	C:\WINDOWS\WinSxS\amd64_microsoft.windows.common-controls_6595b64144ccf1df_6.0.22621.3672_none_2713b9d173822955\COMCTL32.dll
0x00007ffb615d0000 - 0x00007ffb615f9000 	C:\WINDOWS\System32\GDI32.dll
0x00007ffb62510000 - 0x00007ffb625b7000 	C:\WINDOWS\System32\msvcrt.dll
0x00007ffb5fec0000 - 0x00007ffb5ffd8000 	C:\WINDOWS\System32\gdi32full.dll
0x00007ffb606a0000 - 0x00007ffb6073a000 	C:\WINDOWS\System32\msvcp_win.dll
0x00007ffb61440000 - 0x00007ffb61471000 	C:\WINDOWS\System32\IMM32.DLL
0x00007ffb5a810000 - 0x00007ffb5a81c000 	c:\Users\PC\.vscode\extensions\redhat.java-1.35.1-win32-x64\jre\17.0.12-win32-x86_64\bin\vcruntime140_1.dll
0x00007ffb4c190000 - 0x00007ffb4c21d000 	c:\Users\PC\.vscode\extensions\redhat.java-1.35.1-win32-x64\jre\17.0.12-win32-x86_64\bin\msvcp140.dll
0x00007ffb14270000 - 0x00007ffb14eda000 	c:\Users\PC\.vscode\extensions\redhat.java-1.35.1-win32-x64\jre\17.0.12-win32-x86_64\bin\server\jvm.dll
0x00007ffb61680000 - 0x00007ffb61732000 	C:\WINDOWS\System32\ADVAPI32.dll
0x00007ffb60970000 - 0x00007ffb60a18000 	C:\WINDOWS\System32\sechost.dll
0x00007ffb5fe90000 - 0x00007ffb5feb8000 	C:\WINDOWS\System32\bcrypt.dll
0x00007ffb62340000 - 0x00007ffb62454000 	C:\WINDOWS\System32\RPCRT4.dll
0x00007ffb61350000 - 0x00007ffb613c1000 	C:\WINDOWS\System32\WS2_32.dll
0x00007ffb5f5e0000 - 0x00007ffb5f62d000 	C:\WINDOWS\SYSTEM32\POWRPROF.dll
0x00007ffb57800000 - 0x00007ffb57834000 	C:\WINDOWS\SYSTEM32\WINMM.dll
0x00007ffb56ed0000 - 0x00007ffb56eda000 	C:\WINDOWS\SYSTEM32\VERSION.dll
0x00007ffb5f560000 - 0x00007ffb5f573000 	C:\WINDOWS\SYSTEM32\UMPDC.dll
0x00007ffb5edb0000 - 0x00007ffb5edc8000 	C:\WINDOWS\SYSTEM32\kernel.appcore.dll
0x00007ffb595c0000 - 0x00007ffb595ca000 	c:\Users\PC\.vscode\extensions\redhat.java-1.35.1-win32-x64\jre\17.0.12-win32-x86_64\bin\jimage.dll
0x00007ffb5ccf0000 - 0x00007ffb5cf22000 	C:\WINDOWS\SYSTEM32\DBGHELP.DLL
0x00007ffb61fb0000 - 0x00007ffb6233e000 	C:\WINDOWS\System32\combase.dll
0x00007ffb625c0000 - 0x00007ffb62697000 	C:\WINDOWS\System32\OLEAUT32.dll
0x00007ffb550c0000 - 0x00007ffb550f2000 	C:\WINDOWS\SYSTEM32\dbgcore.DLL
0x00007ffb60740000 - 0x00007ffb607bb000 	C:\WINDOWS\System32\bcryptPrimitives.dll
0x00007ffb57850000 - 0x00007ffb5785e000 	c:\Users\PC\.vscode\extensions\redhat.java-1.35.1-win32-x64\jre\17.0.12-win32-x86_64\bin\instrument.dll
0x00007ffb56990000 - 0x00007ffb569b5000 	c:\Users\PC\.vscode\extensions\redhat.java-1.35.1-win32-x64\jre\17.0.12-win32-x86_64\bin\java.dll
0x00007ffb56a40000 - 0x00007ffb56a58000 	c:\Users\PC\.vscode\extensions\redhat.java-1.35.1-win32-x64\jre\17.0.12-win32-x86_64\bin\zip.dll
0x00007ffb61740000 - 0x00007ffb61fa9000 	C:\WINDOWS\System32\SHELL32.dll
0x00007ffb5dcc0000 - 0x00007ffb5e5bf000 	C:\WINDOWS\SYSTEM32\windows.storage.dll
0x00007ffb5db80000 - 0x00007ffb5dcbf000 	C:\WINDOWS\SYSTEM32\wintypes.dll
0x00007ffb61000000 - 0x00007ffb610f9000 	C:\WINDOWS\System32\SHCORE.dll
0x00007ffb626d0000 - 0x00007ffb6272e000 	C:\WINDOWS\System32\shlwapi.dll
0x00007ffb5fcd0000 - 0x00007ffb5fcf7000 	C:\WINDOWS\SYSTEM32\profapi.dll
0x00007ffb56970000 - 0x00007ffb56989000 	C:\Users\PC\.vscode\extensions\redhat.java-1.35.1-win32-x64\jre\17.0.12-win32-x86_64\bin\net.dll
0x00007ffb595f0000 - 0x00007ffb59726000 	C:\WINDOWS\SYSTEM32\WINHTTP.dll
0x00007ffb5f210000 - 0x00007ffb5f279000 	C:\WINDOWS\system32\mswsock.dll
0x00007ffb4cd50000 - 0x00007ffb4cd66000 	C:\Users\PC\.vscode\extensions\redhat.java-1.35.1-win32-x64\jre\17.0.12-win32-x86_64\bin\nio.dll
0x00007ffb57540000 - 0x00007ffb57550000 	c:\Users\PC\.vscode\extensions\redhat.java-1.35.1-win32-x64\jre\17.0.12-win32-x86_64\bin\verify.dll
0x00007ffb420c0000 - 0x00007ffb42105000 	C:\Users\PC\AppData\Roaming\Code\User\globalStorage\redhat.java\1.35.1\config_ss_win\org.eclipse.equinox.launcher\org.eclipse.equinox.launcher.win32.win32.x86_64_1.2.1100.v20240722-2106\eclipse_11904.dll
0x00007ffb61100000 - 0x00007ffb612a5000 	C:\WINDOWS\System32\ole32.dll
0x00007ffb5f650000 - 0x00007ffb5f66b000 	C:\WINDOWS\SYSTEM32\CRYPTSP.dll
0x00007ffb5ed10000 - 0x00007ffb5ed45000 	C:\WINDOWS\system32\rsaenh.dll
0x00007ffb5f2b0000 - 0x00007ffb5f2d8000 	C:\WINDOWS\SYSTEM32\USERENV.dll
0x00007ffb5f630000 - 0x00007ffb5f63c000 	C:\WINDOWS\SYSTEM32\CRYPTBASE.dll
0x00007ffb5e820000 - 0x00007ffb5e84d000 	C:\WINDOWS\SYSTEM32\IPHLPAPI.DLL
0x00007ffb61670000 - 0x00007ffb61679000 	C:\WINDOWS\System32\NSI.dll
0x00007ffb59330000 - 0x00007ffb59349000 	C:\WINDOWS\SYSTEM32\dhcpcsvc6.DLL
0x00007ffb59310000 - 0x00007ffb5932f000 	C:\WINDOWS\SYSTEM32\dhcpcsvc.DLL
0x00007ffb5e850000 - 0x00007ffb5e952000 	C:\WINDOWS\SYSTEM32\DNSAPI.dll
0x00007ffb42020000 - 0x00007ffb42069000 	C:\Users\PC\AppData\Local\Temp\jna-2547\jna8236202469241152111.dll
0x00007ffb61660000 - 0x00007ffb61668000 	C:\WINDOWS\System32\PSAPI.DLL

dbghelp: loaded successfully - version: 4.0.5 - missing functions: none
symbol engine: initialized successfully - sym options: 0x614 - pdb path: .;c:\Users\PC\.vscode\extensions\redhat.java-1.35.1-win32-x64\jre\17.0.12-win32-x86_64\bin;C:\WINDOWS\SYSTEM32;C:\WINDOWS\WinSxS\amd64_microsoft.windows.common-controls_6595b64144ccf1df_6.0.22621.3672_none_2713b9d173822955;c:\Users\PC\.vscode\extensions\redhat.java-1.35.1-win32-x64\jre\17.0.12-win32-x86_64\bin\server;C:\Users\PC\AppData\Roaming\Code\User\globalStorage\redhat.java\1.35.1\config_ss_win\org.eclipse.equinox.launcher\org.eclipse.equinox.launcher.win32.win32.x86_64_1.2.1100.v20240722-2106;C:\Users\PC\AppData\Local\Temp\jna-2547

VM Arguments:
jvm_args: --add-modules=ALL-SYSTEM --add-opens=java.base/java.util=ALL-UNNAMED --add-opens=java.base/java.lang=ALL-UNNAMED --add-opens=java.base/sun.nio.fs=ALL-UNNAMED -Declipse.application=org.eclipse.jdt.ls.core.id1 -Dosgi.bundles.defaultStartLevel=4 -Declipse.product=org.eclipse.jdt.ls.core.product -Djava.import.generatesMetadataFilesAtProjectRoot=false -DDetectVMInstallationsJob.disabled=true -Dfile.encoding=utf8 -XX:+UseParallelGC -XX:GCTimeRatio=4 -XX:AdaptiveSizePolicyWeight=90 -Dsun.zip.disableMemoryMapping=true -Xmx1G -Xms100m -Xlog:disable -javaagent:c:\Users\PC\.vscode\extensions\redhat.java-1.35.1-win32-x64\lombok\lombok-1.18.33.jar 
java_command: c:\Users\PC\.vscode\extensions\redhat.java-1.35.1-win32-x64\server\plugins\org.eclipse.equinox.launcher_1.6.900.v20240613-2009.jar -configuration c:\Users\PC\AppData\Roaming\Code\User\globalStorage\redhat.java\1.35.1\config_ss_win -data c:\Users\PC\AppData\Roaming\Code\User\workspaceStorage\3abd4cffeeb0713efb1474071e056597\redhat.java\ss_ws --pipe=\\.\pipe\lsp-4e890d81a65041672dda9babe814e9eb-sock
java_class_path (initial): c:\Users\PC\.vscode\extensions\redhat.java-1.35.1-win32-x64\server\plugins\org.eclipse.equinox.launcher_1.6.900.v20240613-2009.jar
Launcher Type: SUN_STANDARD

[Global flags]
    uintx AdaptiveSizePolicyWeight                 = 90                                        {product} {command line}
     intx CICompilerCount                          = 12                                        {product} {ergonomic}
    uintx GCTimeRatio                              = 4                                         {product} {command line}
   size_t InitialHeapSize                          = 104857600                                 {product} {command line}
   size_t MaxHeapSize                              = 1073741824                                {product} {command line}
   size_t MaxNewSize                               = 357564416                                 {product} {ergonomic}
   size_t MinHeapDeltaBytes                        = 524288                                    {product} {ergonomic}
   size_t MinHeapSize                              = 104857600                                 {product} {command line}
   size_t NewSize                                  = 34603008                                  {product} {ergonomic}
    uintx NonNMethodCodeHeapSize                   = 7602480                                {pd product} {ergonomic}
    uintx NonProfiledCodeHeapSize                  = 122027880                              {pd product} {ergonomic}
   size_t OldSize                                  = 70254592                                  {product} {ergonomic}
    uintx ProfiledCodeHeapSize                     = 122027880                              {pd product} {ergonomic}
    uintx ReservedCodeCacheSize                    = 251658240                              {pd product} {ergonomic}
     bool SegmentedCodeCache                       = true                                      {product} {ergonomic}
   size_t SoftMaxHeapSize                          = 1073741824                             {manageable} {ergonomic}
     bool UseCompressedClassPointers               = true                           {product lp64_product} {ergonomic}
     bool UseCompressedOops                        = true                           {product lp64_product} {ergonomic}
     bool UseLargePagesIndividualAllocation        = false                                  {pd product} {ergonomic}
     bool UseParallelGC                            = true                                      {product} {command line}

Logging:
Log output configuration:
 #0: stdout all=off uptime,level,tags
 #1: stderr all=off uptime,level,tags

Environment Variables:
PATH=C:\Program Files\Common Files\Oracle\Java\javapath;C:\Program Files (x86)\Common Files\Intel\Shared Libraries\redist\intel64\compiler;C:\Program Files (x86)\Common Files\Oracle\Java\javapath;C:\Windows\system32;C:\Windows;C:\Windows\System32\Wbem;C:\Windows\System32\WindowsPowerShell\v1.0\;C:\Windows\System32\OpenSSH\;C:\Program Files (x86)\NVIDIA Corporation\PhysX\Common;C:\Program Files\dotnet\;C:\WINDOWS\system32;C:\WINDOWS;C:\WINDOWS\System32\Wbem;C:\WINDOWS\System32\WindowsPowerShell\v1.0\;C:\WINDOWS\System32\OpenSSH\;C:\msys64\mingw64\bin;C:\Program Files (x86)\Microsoft SQL Server\160\Tools\Binn\;C:\Program Files\Microsoft SQL Server\160\Tools\Binn\;C:\Program Files\Microsoft SQL Server\Client SDK\ODBC\170\Tools\Binn\;C:\Program Files\Microsoft SQL Server\160\DTS\Binn\;C:\Program Files (x86)\Microsoft SQL Server\160\DTS\Binn\;C:\Program Files\Azure Data Studio\bin;C:\Program Files\Cloudflare\Cloudflare WARP\;C:\Program Files\Git\cmd;C:\Program Files\NVIDIA Corporation\NVIDIA app\NvDLISR;C:\Program Files\nodejs\;C:\Program Files\Docker\Docker\resources\bin;C:\Users\PC\AppData\Local\Programs\Python\Launcher\;C:\Users\PC\AppData\Local\Microsoft\WindowsApps;C:\Users\PC\AppData\Local\Programs\Microsoft VS Code\bin;C:\Users\PC\AppData\Local\GitHubDesktop\bin;C:\Program Files\Azure Data Studio\bin;;C:\Program Files\Azure Data Studio\bin;C:\Program Files\Azure Data Studio\bin;C:\Users\PC\AppData\Roaming\npm
USERNAME=PC
OS=Windows_NT
PROCESSOR_IDENTIFIER=Intel64 Family 6 Model 154 Stepping 3, GenuineIntel
TMP=C:\Users\PC\AppData\Local\Temp
TEMP=C:\Users\PC\AppData\Local\Temp



Periodic native trim disabled


---------------  S Y S T E M  ---------------

OS:
 Windows 11 , 64 bit Build 22621 (10.0.22621.3958)
OS uptime: 0 days 0:35 hours
Hyper-V role detected

CPU: total 20 (initial active 20) (10 cores per cpu, 2 threads per core) family 6 model 154 stepping 3 microcode 0x429, cx8, cmov, fxsr, ht, mmx, 3dnowpref, sse, sse2, sse3, ssse3, sse4.1, sse4.2, popcnt, lzcnt, tsc, tscinvbit, avx, avx2, aes, erms, clmul, bmi1, bmi2, adx, sha, fma, vzeroupper, clflush, clflushopt, clwb, hv
Processor Information for all 20 processors :
  Max Mhz: 2300, Current Mhz: 2300, Mhz Limit: 2300

Memory: 4k page, system-wide physical 16004M (5872M free)
TotalPageFile size 16004M (AvailPageFile size 6M)
current process WorkingSet (physical memory assigned to process): 241M, peak: 242M
current process commit charge ("private bytes"): 357M, peak: 360M

vm_info: OpenJDK 64-Bit Server VM (17.0.12+7) for windows-amd64 JRE (17.0.12+7), built on Jul 16 2024 22:08:24 by "admin" with MS VC++ 16.10 / 16.11 (VS2019)

END.
