#
# There is insufficient memory for the Java Runtime Environment to continue.
# Native memory allocation (malloc) failed to allocate 1066928 bytes. Error detail: Chunk::new
# Possible reasons:
#   The system is out of physical RAM or swap space
#   This process is running with CompressedOops enabled, and the Java Heap may be blocking the growth of the native heap
# Possible solutions:
#   Reduce memory load on the system
#   Increase physical memory or swap space
#   Check if swap backing store is full
#   Decrease Java heap size (-Xmx/-Xms)
#   Decrease number of Java threads
#   Decrease Java thread stack sizes (-Xss)
#   Set larger code cache with -XX:ReservedCodeCacheSize=
#   JVM is running with Unscaled Compressed Oops mode in which the Java heap is
#     placed in the first 4GB address space. The Java Heap base address is the
#     maximum limit for the native heap growth. Please use -XX:HeapBaseMinAddress
#     to set the Java Heap base and to place the Java Heap above 4GB virtual address.
# This output file may be truncated or incomplete.
#
#  Out of Memory Error (arena.cpp:191), pid=24184, tid=9724
#
# JRE version: OpenJDK Runtime Environment Temurin-17.0.12+7 (17.0.12+7) (build 17.0.12+7)
# Java VM: OpenJDK 64-Bit Server VM Temurin-17.0.12+7 (17.0.12+7, mixed mode, tiered, compressed oops, compressed class ptrs, parallel gc, windows-amd64)
# No core dump will be written. Minidumps are not enabled by default on client versions of Windows
#

---------------  S U M M A R Y ------------

Command Line: --add-modules=ALL-SYSTEM --add-opens=java.base/java.util=ALL-UNNAMED --add-opens=java.base/java.lang=ALL-UNNAMED --add-opens=java.base/sun.nio.fs=ALL-UNNAMED -Declipse.application=org.eclipse.jdt.ls.core.id1 -Dosgi.bundles.defaultStartLevel=4 -Declipse.product=org.eclipse.jdt.ls.core.product -Djava.import.generatesMetadataFilesAtProjectRoot=false -DDetectVMInstallationsJob.disabled=true -Dfile.encoding=utf8 -XX:+UseParallelGC -XX:GCTimeRatio=4 -XX:AdaptiveSizePolicyWeight=90 -Dsun.zip.disableMemoryMapping=true -Xmx1G -Xms100m -Xlog:disable -javaagent:c:\Users\PC\.vscode\extensions\redhat.java-1.35.1-win32-x64\lombok\lombok-1.18.33.jar -XX:+HeapDumpOnOutOfMemoryError -XX:HeapDumpPath=c:\Users\PC\AppData\Roaming\Code\User\workspaceStorage\3abd4cffeeb0713efb1474071e056597\redhat.java -Daether.dependencyCollector.impl=bf c:\Users\PC\.vscode\extensions\redhat.java-1.35.1-win32-x64\server\plugins\org.eclipse.equinox.launcher_1.6.900.v20240613-2009.jar -configuration c:\Users\PC\AppData\Roaming\Code\User\globalStorage\redhat.java\1.35.1\config_win -data c:\Users\PC\AppData\Roaming\Code\User\workspaceStorage\3abd4cffeeb0713efb1474071e056597\redhat.java\jdt_ws --pipe=\\.\pipe\lsp-82a652f1c2e956d2a5dfe27400374a5b-sock

Host: 12th Gen Intel(R) Core(TM) i7-12700H, 20 cores, 15G,  Windows 11 , 64 bit Build 22621 (10.0.22621.3958)
Time: Thu Oct  3 22:16:57 2024 SE Asia Standard Time elapsed time: 7.435670 seconds (0d 0h 0m 7s)

---------------  T H R E A D  ---------------

Current thread (0x0000020710a0e2a0):  JavaThread "C2 CompilerThread2" daemon [_thread_in_native, id=9724, stack(0x0000006e02c00000,0x0000006e02d00000)]


Current CompileTask:
C2:   7435 8010       4       org.eclipse.jdt.internal.core.search.indexing.AddJrtToIndex$JrtTraverser::visitFile (14 bytes)

Stack: [0x0000006e02c00000,0x0000006e02d00000]
Native frames: (J=compiled Java code, j=interpreted, Vv=VM code, C=native code)
V  [jvm.dll+0x67f929]
V  [jvm.dll+0x8371ba]
V  [jvm.dll+0x838c7e]
V  [jvm.dll+0x8392e3]
V  [jvm.dll+0x24834f]
V  [jvm.dll+0xac9d4]
V  [jvm.dll+0xad01c]
V  [jvm.dll+0x3674a7]
V  [jvm.dll+0x33197a]
V  [jvm.dll+0x330e1a]
V  [jvm.dll+0x21a8b1]
V  [jvm.dll+0x219cf1]
V  [jvm.dll+0x1a58bd]
V  [jvm.dll+0x229a2d]
V  [jvm.dll+0x227bdc]
V  [jvm.dll+0x7ec1f7]
V  [jvm.dll+0x7e65dc]
V  [jvm.dll+0x67e7f7]
C  [ucrtbase.dll+0x29333]
C  [KERNEL32.DLL+0x1257d]
C  [ntdll.dll+0x5af08]


---------------  P R O C E S S  ---------------

Threads class SMR info:
_java_thread_list=0x00000207147e1cb0, length=80, elements={
0x0000020773bdfec0, 0x0000020778a68030, 0x0000020778a690a0, 0x0000020773c89f40,
0x0000020773c8b0b0, 0x0000020773c8bb80, 0x000002077dbeef10, 0x000002077dbf9d90,
0x000002077dbfbf00, 0x000002077dc05780, 0x000002077dc82f00, 0x000002077dd53220,
0x000002077dd53f90, 0x000002070f3a4a80, 0x000002070f45b650, 0x000002070fb2def0,
0x000002070fbac4b0, 0x000002070fd73c70, 0x00000207104c12e0, 0x000002071042f8c0,
0x0000020710431210, 0x00000207104302e0, 0x0000020710430d00, 0x0000020710431720,
0x00000207102de1e0, 0x0000020710a0e2a0, 0x0000020710848680, 0x0000020710432140,
0x0000020710432b60, 0x0000020710431c30, 0x0000020710432650, 0x00000207104307f0,
0x000002071011b100, 0x00000207101192a0, 0x000002071011b610, 0x00000207101197b0,
0x0000020710119cc0, 0x0000020710117440, 0x000002071011a1d0, 0x000002071011abf0,
0x000002071011bb20, 0x0000020710117950, 0x0000020710116510, 0x0000020710115af0,
0x0000020710117e60, 0x0000020710118370, 0x00000207101150d0, 0x0000020710118880,
0x0000020710116a20, 0x0000020710116f30, 0x000002071011a6e0, 0x00000207101146b0,
0x0000020710116000, 0x0000020713744c90, 0x0000020712f9a890, 0x0000020712f9ade0,
0x000002071011c030, 0x0000020712f9bdd0, 0x00000207101155e0, 0x0000020714e25060,
0x0000020714e278e0, 0x0000020714e27df0, 0x0000020714e26ec0, 0x0000020714e273d0,
0x0000020714e28300, 0x0000020714e25a80, 0x0000020714e25570, 0x0000020714e264a0,
0x0000020714e28810, 0x0000020714e25f90, 0x00000207156cdcf0, 0x00000207156c9100,
0x00000207156c9b20, 0x00000207156c72a0, 0x00000207156cb470, 0x00000207156c7cc0,
0x00000207156cb980, 0x00000207156ce200, 0x00000207156c6d90, 0x00000207156ca540
}

Java Threads: ( => current thread )
  0x0000020773bdfec0 JavaThread "main" [_thread_blocked, id=22040, stack(0x0000006e00100000,0x0000006e00200000)]
  0x0000020778a68030 JavaThread "Reference Handler" daemon [_thread_blocked, id=21832, stack(0x0000006e00400000,0x0000006e00500000)]
  0x0000020778a690a0 JavaThread "Finalizer" daemon [_thread_blocked, id=12748, stack(0x0000006e00500000,0x0000006e00600000)]
  0x0000020773c89f40 JavaThread "Signal Dispatcher" daemon [_thread_blocked, id=5428, stack(0x0000006e00600000,0x0000006e00700000)]
  0x0000020773c8b0b0 JavaThread "Attach Listener" daemon [_thread_blocked, id=2836, stack(0x0000006e00700000,0x0000006e00800000)]
  0x0000020773c8bb80 JavaThread "Service Thread" daemon [_thread_blocked, id=15720, stack(0x0000006e00800000,0x0000006e00900000)]
  0x000002077dbeef10 JavaThread "Monitor Deflation Thread" daemon [_thread_blocked, id=19264, stack(0x0000006e00900000,0x0000006e00a00000)]
  0x000002077dbf9d90 JavaThread "C2 CompilerThread0" daemon [_thread_in_native, id=12316, stack(0x0000006e00a00000,0x0000006e00b00000)]
  0x000002077dbfbf00 JavaThread "C1 CompilerThread0" daemon [_thread_blocked, id=15188, stack(0x0000006e00b00000,0x0000006e00c00000)]
  0x000002077dc05780 JavaThread "Sweeper thread" daemon [_thread_blocked, id=26292, stack(0x0000006e00c00000,0x0000006e00d00000)]
  0x000002077dc82f00 JavaThread "Common-Cleaner" daemon [_thread_blocked, id=3872, stack(0x0000006e00d00000,0x0000006e00e00000)]
  0x000002077dd53220 JavaThread "C1 CompilerThread1" daemon [_thread_blocked, id=9644, stack(0x0000006e00e00000,0x0000006e00f00000)]
  0x000002077dd53f90 JavaThread "C1 CompilerThread2" daemon [_thread_blocked, id=23048, stack(0x0000006e00f00000,0x0000006e01000000)]
  0x000002070f3a4a80 JavaThread "C1 CompilerThread3" daemon [_thread_blocked, id=26092, stack(0x0000006e01100000,0x0000006e01200000)]
  0x000002070f45b650 JavaThread "Notification Thread" daemon [_thread_blocked, id=21712, stack(0x0000006e01200000,0x0000006e01300000)]
  0x000002070fb2def0 JavaThread "Active Thread: Equinox Container: 8d30341f-becc-4900-b850-dbff3ce12ae1" [_thread_blocked, id=25380, stack(0x0000006e01c00000,0x0000006e01d00000)]
  0x000002070fbac4b0 JavaThread "Framework Event Dispatcher: Equinox Container: 8d30341f-becc-4900-b850-dbff3ce12ae1" daemon [_thread_blocked, id=16024, stack(0x0000006e01d00000,0x0000006e01e00000)]
  0x000002070fd73c70 JavaThread "Start Level: Equinox Container: 8d30341f-becc-4900-b850-dbff3ce12ae1" daemon [_thread_blocked, id=16436, stack(0x0000006e01e00000,0x0000006e01f00000)]
  0x00000207104c12e0 JavaThread "Bundle File Closer" daemon [_thread_blocked, id=8188, stack(0x0000006e02100000,0x0000006e02200000)]
  0x000002071042f8c0 JavaThread "SCR Component Actor" daemon [_thread_blocked, id=25416, stack(0x0000006e02300000,0x0000006e02400000)]
  0x0000020710431210 JavaThread "Worker-JM" [_thread_blocked, id=24744, stack(0x0000006e02700000,0x0000006e02800000)]
  0x00000207104302e0 JavaThread "JNA Cleaner" daemon [_thread_blocked, id=11120, stack(0x0000006e01000000,0x0000006e01100000)]
  0x0000020710430d00 JavaThread "Worker-0" [_thread_blocked, id=23960, stack(0x0000006e01400000,0x0000006e01500000)]
  0x0000020710431720 JavaThread "Worker-1" [_thread_blocked, id=19344, stack(0x0000006e01a00000,0x0000006e01b00000)]
  0x00000207102de1e0 JavaThread "C2 CompilerThread1" daemon [_thread_in_native, id=25348, stack(0x0000006e02900000,0x0000006e02a00000)]
=>0x0000020710a0e2a0 JavaThread "C2 CompilerThread2" daemon [_thread_in_native, id=9724, stack(0x0000006e02c00000,0x0000006e02d00000)]
  0x0000020710848680 JavaThread "C2 CompilerThread3" daemon [_thread_in_native, id=17076, stack(0x0000006e02d00000,0x0000006e02e00000)]
  0x0000020710432140 JavaThread "Java indexing" daemon [_thread_in_Java, id=26196, stack(0x0000006e02e00000,0x0000006e02f00000)]
  0x0000020710432b60 JavaThread "Thread-2" daemon [_thread_in_native, id=9720, stack(0x0000006e03100000,0x0000006e03200000)]
  0x0000020710431c30 JavaThread "Thread-3" daemon [_thread_in_native, id=15936, stack(0x0000006e03200000,0x0000006e03300000)]
  0x0000020710432650 JavaThread "Thread-4" daemon [_thread_in_native, id=19228, stack(0x0000006e03300000,0x0000006e03400000)]
  0x00000207104307f0 JavaThread "Thread-5" daemon [_thread_in_native, id=8676, stack(0x0000006e03400000,0x0000006e03500000)]
  0x000002071011b100 JavaThread "Thread-6" daemon [_thread_in_native, id=15352, stack(0x0000006e03500000,0x0000006e03600000)]
  0x00000207101192a0 JavaThread "Thread-7" daemon [_thread_in_native, id=2032, stack(0x0000006e03600000,0x0000006e03700000)]
  0x000002071011b610 JavaThread "Thread-8" daemon [_thread_in_native, id=24932, stack(0x0000006e03700000,0x0000006e03800000)]
  0x00000207101197b0 JavaThread "Thread-9" daemon [_thread_in_native, id=5204, stack(0x0000006e03800000,0x0000006e03900000)]
  0x0000020710119cc0 JavaThread "Thread-10" daemon [_thread_in_native, id=13092, stack(0x0000006e03900000,0x0000006e03a00000)]
  0x0000020710117440 JavaThread "Thread-11" daemon [_thread_in_native, id=18632, stack(0x0000006e03a00000,0x0000006e03b00000)]
  0x000002071011a1d0 JavaThread "Thread-12" daemon [_thread_in_native, id=5956, stack(0x0000006e03b00000,0x0000006e03c00000)]
  0x000002071011abf0 JavaThread "Thread-13" daemon [_thread_in_native, id=14492, stack(0x0000006e03c00000,0x0000006e03d00000)]
  0x000002071011bb20 JavaThread "Thread-14" daemon [_thread_in_native, id=15292, stack(0x0000006e03d00000,0x0000006e03e00000)]
  0x0000020710117950 JavaThread "Thread-15" daemon [_thread_in_native, id=15884, stack(0x0000006e03e00000,0x0000006e03f00000)]
  0x0000020710116510 JavaThread "Thread-16" daemon [_thread_in_native, id=15764, stack(0x0000006e03f00000,0x0000006e04000000)]
  0x0000020710115af0 JavaThread "Thread-17" daemon [_thread_in_native, id=11568, stack(0x0000006e04000000,0x0000006e04100000)]
  0x0000020710117e60 JavaThread "Thread-18" daemon [_thread_in_native, id=25804, stack(0x0000006e04100000,0x0000006e04200000)]
  0x0000020710118370 JavaThread "Thread-19" daemon [_thread_in_native, id=4024, stack(0x0000006e04200000,0x0000006e04300000)]
  0x00000207101150d0 JavaThread "Thread-20" daemon [_thread_in_native, id=21060, stack(0x0000006e04300000,0x0000006e04400000)]
  0x0000020710118880 JavaThread "Thread-21" daemon [_thread_in_native, id=2040, stack(0x0000006e04400000,0x0000006e04500000)]
  0x0000020710116a20 JavaThread "Thread-22" daemon [_thread_in_native, id=8936, stack(0x0000006e04500000,0x0000006e04600000)]
  0x0000020710116f30 JavaThread "pool-2-thread-1" [_thread_blocked, id=10600, stack(0x0000006e04600000,0x0000006e04700000)]
  0x000002071011a6e0 JavaThread "WorkspaceEventsHandler" [_thread_blocked, id=25540, stack(0x0000006e04700000,0x0000006e04800000)]
  0x00000207101146b0 JavaThread "pool-1-thread-1" [_thread_blocked, id=19356, stack(0x0000006e04800000,0x0000006e04900000)]
  0x0000020710116000 JavaThread "Worker-2" [_thread_blocked, id=3156, stack(0x0000006e04900000,0x0000006e04a00000)]
  0x0000020713744c90 JavaThread "C2 CompilerThread4" daemon [_thread_in_native, id=2416, stack(0x0000006e04a00000,0x0000006e04b00000)]
  0x0000020712f9a890 JavaThread "C2 CompilerThread5" daemon [_thread_in_native, id=12940, stack(0x0000006e04b00000,0x0000006e04c00000)]
  0x0000020712f9ade0 JavaThread "C2 CompilerThread6" daemon [_thread_in_native, id=26028, stack(0x0000006e04c00000,0x0000006e04d00000)]
  0x000002071011c030 JavaThread "ForkJoinPool.commonPool-worker-1" daemon [_thread_blocked, id=10584, stack(0x0000006e04e00000,0x0000006e04f00000)]
  0x0000020712f9bdd0 JavaThread "C2 CompilerThread7" daemon [_thread_in_native, id=15008, stack(0x0000006e04d00000,0x0000006e04e00000)]
  0x00000207101155e0 JavaThread "Worker-3: Java indexing... " [_thread_blocked, id=24976, stack(0x0000006e04f00000,0x0000006e05000000)]
  0x0000020714e25060 JavaThread "Worker-4" [_thread_blocked, id=6484, stack(0x0000006e05000000,0x0000006e05100000)]
  0x0000020714e278e0 JavaThread "Compiler Source File Reader" daemon [_thread_blocked, id=16832, stack(0x0000006e05100000,0x0000006e05200000)]
  0x0000020714e27df0 JavaThread "Compiler Source File Reader" daemon [_thread_blocked, id=15500, stack(0x0000006e05200000,0x0000006e05300000)]
  0x0000020714e26ec0 JavaThread "Compiler Source File Reader" daemon [_thread_blocked, id=25360, stack(0x0000006e05300000,0x0000006e05400000)]
  0x0000020714e273d0 JavaThread "Compiler Source File Reader" daemon [_thread_blocked, id=18064, stack(0x0000006e05400000,0x0000006e05500000)]
  0x0000020714e28300 JavaThread "Compiler Source File Reader" daemon [_thread_blocked, id=14604, stack(0x0000006e05500000,0x0000006e05600000)]
  0x0000020714e25a80 JavaThread "Compiler Source File Reader" daemon [_thread_blocked, id=15244, stack(0x0000006e05600000,0x0000006e05700000)]
  0x0000020714e25570 JavaThread "Compiler Source File Reader" daemon [_thread_blocked, id=10784, stack(0x0000006e05700000,0x0000006e05800000)]
  0x0000020714e264a0 JavaThread "Compiler Source File Reader" daemon [_thread_blocked, id=25692, stack(0x0000006e05800000,0x0000006e05900000)]
  0x0000020714e28810 JavaThread "Compiler Source File Reader" daemon [_thread_blocked, id=25620, stack(0x0000006e05900000,0x0000006e05a00000)]
  0x0000020714e25f90 JavaThread "Compiler Source File Reader" daemon [_thread_blocked, id=16372, stack(0x0000006e05a00000,0x0000006e05b00000)]
  0x00000207156cdcf0 JavaThread "Compiler Source File Reader" daemon [_thread_blocked, id=6008, stack(0x0000006e05b00000,0x0000006e05c00000)]
  0x00000207156c9100 JavaThread "Compiler Source File Reader" daemon [_thread_blocked, id=25956, stack(0x0000006e05c00000,0x0000006e05d00000)]
  0x00000207156c9b20 JavaThread "Compiler Source File Reader" daemon [_thread_blocked, id=9752, stack(0x0000006e05d00000,0x0000006e05e00000)]
  0x00000207156c72a0 JavaThread "Compiler Source File Reader" daemon [_thread_blocked, id=14736, stack(0x0000006e05e00000,0x0000006e05f00000)]
  0x00000207156cb470 JavaThread "Compiler Processing Task" daemon [_thread_blocked, id=1508, stack(0x0000006e05f00000,0x0000006e06000000)]
  0x00000207156c7cc0 JavaThread "Worker-5" [_thread_blocked, id=7784, stack(0x0000006e06000000,0x0000006e06100000)]
  0x00000207156cb980 JavaThread "ForkJoinPool.commonPool-worker-2" daemon [_thread_blocked, id=22068, stack(0x0000006e06100000,0x0000006e06200000)]
  0x00000207156ce200 JavaThread "ForkJoinPool.commonPool-worker-3" daemon [_thread_blocked, id=14824, stack(0x0000006e06200000,0x0000006e06300000)]
  0x00000207156c6d90 JavaThread "ForkJoinPool.commonPool-worker-4" daemon [_thread_blocked, id=12444, stack(0x0000006e06300000,0x0000006e06400000)]
  0x00000207156ca540 JavaThread "ForkJoinPool.commonPool-worker-5" daemon [_thread_blocked, id=7760, stack(0x0000006e06400000,0x0000006e06500000)]

Other Threads:
  0x0000020773c89810 VMThread "VM Thread" [stack: 0x0000006e00300000,0x0000006e00400000] [id=11284]
  0x000002070f45bb30 WatcherThread [stack: 0x0000006e01300000,0x0000006e01400000] [id=1204]
  0x0000020773bf32b0 GCTaskThread "GC Thread#0" [stack: 0x0000006e00200000,0x0000006e00300000] [id=20252]
  0x000002070f9f7010 GCTaskThread "GC Thread#1" [stack: 0x0000006e01500000,0x0000006e01600000] [id=20288]
  0x000002070f9f76e0 GCTaskThread "GC Thread#2" [stack: 0x0000006e01600000,0x0000006e01700000] [id=18908]
  0x000002070fa3f6b0 GCTaskThread "GC Thread#3" [stack: 0x0000006e01700000,0x0000006e01800000] [id=21736]
  0x000002070fa3f970 GCTaskThread "GC Thread#4" [stack: 0x0000006e01800000,0x0000006e01900000] [id=24748]
  0x000002070fa3fc30 GCTaskThread "GC Thread#5" [stack: 0x0000006e01900000,0x0000006e01a00000] [id=19244]
  0x000002070fc44650 GCTaskThread "GC Thread#6" [stack: 0x0000006e01f00000,0x0000006e02000000] [id=22036]
  0x000002070f881ad0 GCTaskThread "GC Thread#7" [stack: 0x0000006e02000000,0x0000006e02100000] [id=10808]
  0x00000207102c0880 GCTaskThread "GC Thread#8" [stack: 0x0000006e02200000,0x0000006e02300000] [id=12696]
  0x00000207103bbb40 GCTaskThread "GC Thread#9" [stack: 0x0000006e02500000,0x0000006e02600000] [id=25988]
  0x000002071019b820 GCTaskThread "GC Thread#10" [stack: 0x0000006e02600000,0x0000006e02700000] [id=9828]
  0x0000020710607860 GCTaskThread "GC Thread#11" [stack: 0x0000006e02800000,0x0000006e02900000] [id=25128]
  0x00000207107070f0 GCTaskThread "GC Thread#12" [stack: 0x0000006e01b00000,0x0000006e01c00000] [id=3828]
  0x00000207107073b0 GCTaskThread "GC Thread#13" [stack: 0x0000006e02a00000,0x0000006e02b00000] [id=24176]
  0x0000020710707bf0 GCTaskThread "GC Thread#14" [stack: 0x0000006e02b00000,0x0000006e02c00000] [id=20216]

Threads with active compile tasks:
C2 CompilerThread0     7458 8063       4       jdk.internal.jrtfs.JrtFileSystemProvider::newByteChannel (10 bytes)
C2 CompilerThread1     7458 8038       4       java.nio.file.Files::newByteChannel (36 bytes)
C2 CompilerThread2     7458 8010       4       org.eclipse.jdt.internal.core.search.indexing.AddJrtToIndex$JrtTraverser::visitFile (14 bytes)
C2 CompilerThread3     7458 8881       4       org.eclipse.jdt.internal.compiler.parser.Scanner::getNextToken (182 bytes)
C2 CompilerThread4     7458 8055   !   4       org.eclipse.jdt.internal.core.search.indexing.AddJrtToIndex$JrtIndexer::visitFile (133 bytes)
C2 CompilerThread5     7458 8507       4       org.eclipse.jdt.internal.compiler.lookup.BinaryTypeBinding::createMethod (1724 bytes)
C2 CompilerThread6     7458 8852 % !   4       org.eclipse.jdt.internal.core.search.indexing.BinaryIndexer::indexDocument @ 988 (1157 bytes)
C2 CompilerThread7     7459 7994   !   4       java.nio.file.Files::readAllBytes (127 bytes)

VM state: not at safepoint (normal execution)

VM Mutex/Monitor currently owned by a thread: None

Heap address: 0x00000000c0000000, size: 1024 MB, Compressed Oops mode: 32-bit

CDS archive(s) not mapped
Compressed class space mapped at: 0x0000000100000000-0x0000000140000000, reserved size: 1073741824
Narrow klass base: 0x0000000000000000, Narrow klass shift: 3, Narrow klass range: 0x140000000

GC Precious Log:
 CPUs: 20 total, 20 available
 Memory: 16004M
 Large Page Support: Disabled
 NUMA Support: Disabled
 Compressed Oops: Enabled (32-bit)
 Alignments: Space 512K, Generation 512K, Heap 2M
 Heap Min Capacity: 100M
 Heap Initial Capacity: 100M
 Heap Max Capacity: 1G
 Pre-touch: Disabled
 Parallel Workers: 15

Heap:
 PSYoungGen      total 6144K, used 4337K [0x00000000eab00000, 0x00000000eb400000, 0x0000000100000000)
  eden space 3584K, 49% used [0x00000000eab00000,0x00000000eacbe450,0x00000000eae80000)
  from space 2560K, 99% used [0x00000000eb180000,0x00000000eb3fe190,0x00000000eb400000)
  to   space 3072K, 0% used [0x00000000eae80000,0x00000000eae80000,0x00000000eb180000)
 ParOldGen       total 176640K, used 174517K [0x00000000c0000000, 0x00000000cac80000, 0x00000000eab00000)
  object space 176640K, 98% used [0x00000000c0000000,0x00000000caa6d598,0x00000000cac80000)
 Metaspace       used 67052K, committed 68352K, reserved 1114112K
  class space    used 7078K, committed 7680K, reserved 1048576K

Card table byte_map: [0x0000020773570000,0x0000020773780000] _byte_map_base: 0x0000020772f70000

Marking Bits: (ParMarkBitMap*) 0x00007ffb14e158b0
 Begin Bits: [0x0000020776870000, 0x0000020777870000)
 End Bits:   [0x0000020777870000, 0x0000020778870000)

Polling page: 0x0000020771bb0000

Metaspace:

Usage:
  Non-class:     58.57 MB used.
      Class:      6.91 MB used.
       Both:     65.48 MB used.

Virtual space:
  Non-class space:       64.00 MB reserved,      59.25 MB ( 93%) committed,  1 nodes.
      Class space:        1.00 GB reserved,       7.50 MB ( <1%) committed,  1 nodes.
             Both:        1.06 GB reserved,      66.75 MB (  6%) committed. 

Chunk freelists:
   Non-Class:  4.32 MB
       Class:  8.56 MB
        Both:  12.87 MB

MaxMetaspaceSize: unlimited
CompressedClassSpaceSize: 1.00 GB
Initial GC threshold: 21.00 MB
Current GC threshold: 108.44 MB
CDS: off
MetaspaceReclaimPolicy: balanced
 - commit_granule_bytes: 65536.
 - commit_granule_words: 8192.
 - virtual_space_node_default_size: 8388608.
 - enlarge_chunks_in_place: 1.
 - new_chunks_are_fully_committed: 0.
 - uncommit_free_chunks: 1.
 - use_allocation_guard: 0.
 - handle_deallocations: 1.


Internal statistics:

num_allocs_failed_limit: 11.
num_arena_births: 842.
num_arena_deaths: 16.
num_vsnodes_births: 2.
num_vsnodes_deaths: 0.
num_space_committed: 1068.
num_space_uncommitted: 0.
num_chunks_returned_to_freelist: 28.
num_chunks_taken_from_freelist: 3577.
num_chunk_merges: 16.
num_chunk_splits: 2233.
num_chunks_enlarged: 1308.
num_inconsistent_stats: 0.

CodeHeap 'non-profiled nmethods': size=119168Kb used=5465Kb max_used=5465Kb free=113702Kb
 bounds [0x0000020707ba0000, 0x0000020708100000, 0x000002070f000000]
CodeHeap 'profiled nmethods': size=119104Kb used=15981Kb max_used=16012Kb free=103122Kb
 bounds [0x0000020700000000, 0x0000020700fb0000, 0x0000020707450000]
CodeHeap 'non-nmethods': size=7488Kb used=3058Kb max_used=3158Kb free=4429Kb
 bounds [0x0000020707450000, 0x0000020707780000, 0x0000020707ba0000]
 total_blobs=8382 nmethods=7662 adapters=631
 compilation: enabled
              stopped_count=0, restarted_count=0
 full_count=0

Compilation events (20 events):
Event: 7.409 Thread 0x000002070f3a4a80 nmethod 9057 0x0000020700f9be90 code [0x0000020700f9c020, 0x0000020700f9c1b8]
Event: 7.417 Thread 0x000002077dbfbf00 9060       3       java.lang.invoke.MethodHandles::identity (87 bytes)
Event: 7.418 Thread 0x000002077dbfbf00 nmethod 9060 0x0000020700f9c290 code [0x0000020700f9c480, 0x0000020700f9c8b8]
Event: 7.420 Thread 0x0000020710848680 nmethod 8305 0x00000207080ec410 code [0x00000207080ec620, 0x00000207080edd28]
Event: 7.420 Thread 0x000002077dbfbf00 9061       3       org.eclipse.jdt.internal.compiler.classfmt.MethodInfo::createMethod (710 bytes)
Event: 7.423 Thread 0x0000020710848680 9058       4       java.util.HashMap::get (19 bytes)
Event: 7.423 Thread 0x000002077dd53220 9062       3       org.eclipse.jdt.internal.compiler.classfmt.FieldInfo::createField (450 bytes)
Event: 7.423 Thread 0x000002077dd53f90 9063       3       java.util.LinkedHashMap::<init> (10 bytes)
Event: 7.423 Thread 0x000002070f3a4a80 9064       3       org.eclipse.lsp4j.jsonrpc.json.adapters.TypeUtils::isTwoTuple (39 bytes)
Event: 7.424 Thread 0x000002077dd53f90 nmethod 9063 0x0000020700f9ca90 code [0x0000020700f9cc40, 0x0000020700f9ce78]
Event: 7.424 Thread 0x000002070f3a4a80 nmethod 9064 0x0000020700f9cf90 code [0x0000020700f9d180, 0x0000020700f9d848]
Event: 7.426 Thread 0x000002077dbfbf00 nmethod 9061 0x0000020700f9d990 code [0x0000020700f9de60, 0x0000020700fa0ab8]
Event: 7.426 Thread 0x000002077dd53220 nmethod 9062 0x0000020700fa1b90 code [0x0000020700fa1f40, 0x0000020700fa3ca8]
Event: 7.427 Thread 0x000002077dd53220 9065       3       java.lang.Class::isRecord (33 bytes)
Event: 7.428 Thread 0x000002077dd53220 nmethod 9065 0x0000020700fa4810 code [0x0000020700fa49c0, 0x0000020700fa4c38]
Event: 7.431 Thread 0x00000207102de1e0 nmethod 8951 0x00000207080eea10 code [0x00000207080eecc0, 0x00000207080f1260]
Event: 7.432 Thread 0x00000207102de1e0 8897       4       org.eclipse.jdt.internal.core.search.indexing.BinaryContainer::isIdentifier (44 bytes)
Event: 7.433 Thread 0x00000207102de1e0 nmethod 8897 0x0000020707ee3390 code [0x0000020707ee3520, 0x0000020707ee35e8]
Event: 7.433 Thread 0x00000207102de1e0 8054       4       org.eclipse.jdt.internal.compiler.classfmt.ClassFileReader::isAnonymous (30 bytes)
Event: 7.434 Thread 0x0000020710848680 nmethod 9058 0x0000020707ee0310 code [0x0000020707ee04a0, 0x0000020707ee0768]

GC Heap History (20 events):
Event: 7.296 GC heap before
{Heap before GC invocations=96 (full 7):
 PSYoungGen      total 6144K, used 6142K [0x00000000eab00000, 0x00000000eb600000, 0x0000000100000000)
  eden space 4096K, 100% used [0x00000000eab00000,0x00000000eaf00000,0x00000000eaf00000)
  from space 2048K, 99% used [0x00000000eb200000,0x00000000eb3ff828,0x00000000eb400000)
  to   space 3072K, 0% used [0x00000000eaf00000,0x00000000eaf00000,0x00000000eb200000)
 ParOldGen       total 176640K, used 161126K [0x00000000c0000000, 0x00000000cac80000, 0x00000000eab00000)
  object space 176640K, 91% used [0x00000000c0000000,0x00000000c9d598a0,0x00000000cac80000)
 Metaspace       used 66457K, committed 67776K, reserved 1114112K
  class space    used 7006K, committed 7616K, reserved 1048576K
}
Event: 7.297 GC heap after
{Heap after GC invocations=96 (full 7):
 PSYoungGen      total 5632K, used 1130K [0x00000000eab00000, 0x00000000eb300000, 0x0000000100000000)
  eden space 4096K, 0% used [0x00000000eab00000,0x00000000eab00000,0x00000000eaf00000)
  from space 1536K, 73% used [0x00000000eaf00000,0x00000000eb01a938,0x00000000eb080000)
  to   space 2048K, 0% used [0x00000000eb100000,0x00000000eb100000,0x00000000eb300000)
 ParOldGen       total 176640K, used 163136K [0x00000000c0000000, 0x00000000cac80000, 0x00000000eab00000)
  object space 176640K, 92% used [0x00000000c0000000,0x00000000c9f502c8,0x00000000cac80000)
 Metaspace       used 66457K, committed 67776K, reserved 1114112K
  class space    used 7006K, committed 7616K, reserved 1048576K
}
Event: 7.310 GC heap before
{Heap before GC invocations=97 (full 7):
 PSYoungGen      total 5632K, used 5226K [0x00000000eab00000, 0x00000000eb300000, 0x0000000100000000)
  eden space 4096K, 100% used [0x00000000eab00000,0x00000000eaf00000,0x00000000eaf00000)
  from space 1536K, 73% used [0x00000000eaf00000,0x00000000eb01a938,0x00000000eb080000)
  to   space 2048K, 0% used [0x00000000eb100000,0x00000000eb100000,0x00000000eb300000)
 ParOldGen       total 176640K, used 163136K [0x00000000c0000000, 0x00000000cac80000, 0x00000000eab00000)
  object space 176640K, 92% used [0x00000000c0000000,0x00000000c9f502c8,0x00000000cac80000)
 Metaspace       used 66482K, committed 67776K, reserved 1114112K
  class space    used 7012K, committed 7616K, reserved 1048576K
}
Event: 7.311 GC heap after
{Heap after GC invocations=97 (full 7):
 PSYoungGen      total 5632K, used 1960K [0x00000000eab00000, 0x00000000eb400000, 0x0000000100000000)
  eden space 3584K, 0% used [0x00000000eab00000,0x00000000eab00000,0x00000000eae80000)
  from space 2048K, 95% used [0x00000000eb100000,0x00000000eb2ea340,0x00000000eb300000)
  to   space 2560K, 0% used [0x00000000eae80000,0x00000000eae80000,0x00000000eb100000)
 ParOldGen       total 176640K, used 163136K [0x00000000c0000000, 0x00000000cac80000, 0x00000000eab00000)
  object space 176640K, 92% used [0x00000000c0000000,0x00000000c9f502c8,0x00000000cac80000)
 Metaspace       used 66482K, committed 67776K, reserved 1114112K
  class space    used 7012K, committed 7616K, reserved 1048576K
}
Event: 7.322 GC heap before
{Heap before GC invocations=98 (full 7):
 PSYoungGen      total 5632K, used 5543K [0x00000000eab00000, 0x00000000eb400000, 0x0000000100000000)
  eden space 3584K, 99% used [0x00000000eab00000,0x00000000eae7fac8,0x00000000eae80000)
  from space 2048K, 95% used [0x00000000eb100000,0x00000000eb2ea340,0x00000000eb300000)
  to   space 2560K, 0% used [0x00000000eae80000,0x00000000eae80000,0x00000000eb100000)
 ParOldGen       total 176640K, used 163136K [0x00000000c0000000, 0x00000000cac80000, 0x00000000eab00000)
  object space 176640K, 92% used [0x00000000c0000000,0x00000000c9f502c8,0x00000000cac80000)
 Metaspace       used 66553K, committed 67840K, reserved 1114112K
  class space    used 7018K, committed 7616K, reserved 1048576K
}
Event: 7.323 GC heap after
{Heap after GC invocations=98 (full 7):
 PSYoungGen      total 6144K, used 2557K [0x00000000eab00000, 0x00000000eb480000, 0x0000000100000000)
  eden space 3584K, 0% used [0x00000000eab00000,0x00000000eab00000,0x00000000eae80000)
  from space 2560K, 99% used [0x00000000eae80000,0x00000000eb0ff4f0,0x00000000eb100000)
  to   space 3072K, 0% used [0x00000000eb180000,0x00000000eb180000,0x00000000eb480000)
 ParOldGen       total 176640K, used 163262K [0x00000000c0000000, 0x00000000cac80000, 0x00000000eab00000)
  object space 176640K, 92% used [0x00000000c0000000,0x00000000c9f6fa50,0x00000000cac80000)
 Metaspace       used 66553K, committed 67840K, reserved 1114112K
  class space    used 7018K, committed 7616K, reserved 1048576K
}
Event: 7.329 GC heap before
{Heap before GC invocations=99 (full 7):
 PSYoungGen      total 6144K, used 6141K [0x00000000eab00000, 0x00000000eb480000, 0x0000000100000000)
  eden space 3584K, 100% used [0x00000000eab00000,0x00000000eae80000,0x00000000eae80000)
  from space 2560K, 99% used [0x00000000eae80000,0x00000000eb0ff4f0,0x00000000eb100000)
  to   space 3072K, 0% used [0x00000000eb180000,0x00000000eb180000,0x00000000eb480000)
 ParOldGen       total 176640K, used 163262K [0x00000000c0000000, 0x00000000cac80000, 0x00000000eab00000)
  object space 176640K, 92% used [0x00000000c0000000,0x00000000c9f6fa50,0x00000000cac80000)
 Metaspace       used 66620K, committed 67904K, reserved 1114112K
  class space    used 7027K, committed 7616K, reserved 1048576K
}
Event: 7.331 GC heap after
{Heap after GC invocations=99 (full 7):
 PSYoungGen      total 6656K, used 1792K [0x00000000eab00000, 0x00000000eb400000, 0x0000000100000000)
  eden space 4096K, 0% used [0x00000000eab00000,0x00000000eab00000,0x00000000eaf00000)
  from space 2560K, 70% used [0x00000000eb180000,0x00000000eb340308,0x00000000eb400000)
  to   space 2560K, 0% used [0x00000000eaf00000,0x00000000eaf00000,0x00000000eb180000)
 ParOldGen       total 176640K, used 164970K [0x00000000c0000000, 0x00000000cac80000, 0x00000000eab00000)
  object space 176640K, 93% used [0x00000000c0000000,0x00000000ca11aa68,0x00000000cac80000)
 Metaspace       used 66620K, committed 67904K, reserved 1114112K
  class space    used 7027K, committed 7616K, reserved 1048576K
}
Event: 7.357 GC heap before
{Heap before GC invocations=100 (full 7):
 PSYoungGen      total 6656K, used 5887K [0x00000000eab00000, 0x00000000eb400000, 0x0000000100000000)
  eden space 4096K, 99% used [0x00000000eab00000,0x00000000eaeffb28,0x00000000eaf00000)
  from space 2560K, 70% used [0x00000000eb180000,0x00000000eb340308,0x00000000eb400000)
  to   space 2560K, 0% used [0x00000000eaf00000,0x00000000eaf00000,0x00000000eb180000)
 ParOldGen       total 176640K, used 168426K [0x00000000c0000000, 0x00000000cac80000, 0x00000000eab00000)
  object space 176640K, 95% used [0x00000000c0000000,0x00000000ca47aa70,0x00000000cac80000)
 Metaspace       used 66771K, committed 68032K, reserved 1114112K
  class space    used 7046K, committed 7616K, reserved 1048576K
}
Event: 7.359 GC heap after
{Heap after GC invocations=100 (full 7):
 PSYoungGen      total 6656K, used 1750K [0x00000000eab00000, 0x00000000eb380000, 0x0000000100000000)
  eden space 4096K, 0% used [0x00000000eab00000,0x00000000eab00000,0x00000000eaf00000)
  from space 2560K, 68% used [0x00000000eaf00000,0x00000000eb0b58a0,0x00000000eb180000)
  to   space 2048K, 0% used [0x00000000eb180000,0x00000000eb180000,0x00000000eb380000)
 ParOldGen       total 176640K, used 169169K [0x00000000c0000000, 0x00000000cac80000, 0x00000000eab00000)
  object space 176640K, 95% used [0x00000000c0000000,0x00000000ca5347d8,0x00000000cac80000)
 Metaspace       used 66771K, committed 68032K, reserved 1114112K
  class space    used 7046K, committed 7616K, reserved 1048576K
}
Event: 7.385 GC heap before
{Heap before GC invocations=101 (full 7):
 PSYoungGen      total 6656K, used 5846K [0x00000000eab00000, 0x00000000eb380000, 0x0000000100000000)
  eden space 4096K, 100% used [0x00000000eab00000,0x00000000eaf00000,0x00000000eaf00000)
  from space 2560K, 68% used [0x00000000eaf00000,0x00000000eb0b58a0,0x00000000eb180000)
  to   space 2048K, 0% used [0x00000000eb180000,0x00000000eb180000,0x00000000eb380000)
 ParOldGen       total 176640K, used 169169K [0x00000000c0000000, 0x00000000cac80000, 0x00000000eab00000)
  object space 176640K, 95% used [0x00000000c0000000,0x00000000ca5347d8,0x00000000cac80000)
 Metaspace       used 66971K, committed 68288K, reserved 1114112K
  class space    used 7065K, committed 7680K, reserved 1048576K
}
Event: 7.387 GC heap after
{Heap after GC invocations=101 (full 7):
 PSYoungGen      total 6144K, used 2047K [0x00000000eab00000, 0x00000000eb480000, 0x0000000100000000)
  eden space 4096K, 0% used [0x00000000eab00000,0x00000000eab00000,0x00000000eaf00000)
  from space 2048K, 99% used [0x00000000eb180000,0x00000000eb37fd08,0x00000000eb380000)
  to   space 2560K, 0% used [0x00000000eaf00000,0x00000000eaf00000,0x00000000eb180000)
 ParOldGen       total 176640K, used 169548K [0x00000000c0000000, 0x00000000cac80000, 0x00000000eab00000)
  object space 176640K, 95% used [0x00000000c0000000,0x00000000ca593148,0x00000000cac80000)
 Metaspace       used 66971K, committed 68288K, reserved 1114112K
  class space    used 7065K, committed 7680K, reserved 1048576K
}
Event: 7.398 GC heap before
{Heap before GC invocations=102 (full 7):
 PSYoungGen      total 6144K, used 6143K [0x00000000eab00000, 0x00000000eb480000, 0x0000000100000000)
  eden space 4096K, 100% used [0x00000000eab00000,0x00000000eaf00000,0x00000000eaf00000)
  from space 2048K, 99% used [0x00000000eb180000,0x00000000eb37fd08,0x00000000eb380000)
  to   space 2560K, 0% used [0x00000000eaf00000,0x00000000eaf00000,0x00000000eb180000)
 ParOldGen       total 176640K, used 169548K [0x00000000c0000000, 0x00000000cac80000, 0x00000000eab00000)
  object space 176640K, 95% used [0x00000000c0000000,0x00000000ca593148,0x00000000cac80000)
 Metaspace       used 66994K, committed 68288K, reserved 1114112K
  class space    used 7068K, committed 7680K, reserved 1048576K
}
Event: 7.399 GC heap after
{Heap after GC invocations=102 (full 7):
 PSYoungGen      total 6656K, used 1737K [0x00000000eab00000, 0x00000000eb380000, 0x0000000100000000)
  eden space 4096K, 0% used [0x00000000eab00000,0x00000000eab00000,0x00000000eaf00000)
  from space 2560K, 67% used [0x00000000eaf00000,0x00000000eb0b2780,0x00000000eb180000)
  to   space 2048K, 0% used [0x00000000eb180000,0x00000000eb180000,0x00000000eb380000)
 ParOldGen       total 176640K, used 170965K [0x00000000c0000000, 0x00000000cac80000, 0x00000000eab00000)
  object space 176640K, 96% used [0x00000000c0000000,0x00000000ca6f5648,0x00000000cac80000)
 Metaspace       used 66994K, committed 68288K, reserved 1114112K
  class space    used 7068K, committed 7680K, reserved 1048576K
}
Event: 7.407 GC heap before
{Heap before GC invocations=103 (full 7):
 PSYoungGen      total 6656K, used 5833K [0x00000000eab00000, 0x00000000eb380000, 0x0000000100000000)
  eden space 4096K, 100% used [0x00000000eab00000,0x00000000eaf00000,0x00000000eaf00000)
  from space 2560K, 67% used [0x00000000eaf00000,0x00000000eb0b2780,0x00000000eb180000)
  to   space 2048K, 0% used [0x00000000eb180000,0x00000000eb180000,0x00000000eb380000)
 ParOldGen       total 176640K, used 170965K [0x00000000c0000000, 0x00000000cac80000, 0x00000000eab00000)
  object space 176640K, 96% used [0x00000000c0000000,0x00000000ca6f5648,0x00000000cac80000)
 Metaspace       used 67004K, committed 68352K, reserved 1114112K
  class space    used 7069K, committed 7680K, reserved 1048576K
}
Event: 7.408 GC heap after
{Heap after GC invocations=103 (full 7):
 PSYoungGen      total 6144K, used 2024K [0x00000000eab00000, 0x00000000eb480000, 0x0000000100000000)
  eden space 4096K, 0% used [0x00000000eab00000,0x00000000eab00000,0x00000000eaf00000)
  from space 2048K, 98% used [0x00000000eb180000,0x00000000eb37a168,0x00000000eb380000)
  to   space 2560K, 0% used [0x00000000eaf00000,0x00000000eaf00000,0x00000000eb180000)
 ParOldGen       total 176640K, used 171254K [0x00000000c0000000, 0x00000000cac80000, 0x00000000eab00000)
  object space 176640K, 96% used [0x00000000c0000000,0x00000000ca73d8d8,0x00000000cac80000)
 Metaspace       used 67004K, committed 68352K, reserved 1114112K
  class space    used 7069K, committed 7680K, reserved 1048576K
}
Event: 7.415 GC heap before
{Heap before GC invocations=104 (full 7):
 PSYoungGen      total 6144K, used 6091K [0x00000000eab00000, 0x00000000eb480000, 0x0000000100000000)
  eden space 4096K, 99% used [0x00000000eab00000,0x00000000eaef8d78,0x00000000eaf00000)
  from space 2048K, 98% used [0x00000000eb180000,0x00000000eb37a168,0x00000000eb380000)
  to   space 2560K, 0% used [0x00000000eaf00000,0x00000000eaf00000,0x00000000eb180000)
 ParOldGen       total 176640K, used 171254K [0x00000000c0000000, 0x00000000cac80000, 0x00000000eab00000)
  object space 176640K, 96% used [0x00000000c0000000,0x00000000ca73d8d8,0x00000000cac80000)
 Metaspace       used 67022K, committed 68352K, reserved 1114112K
  class space    used 7072K, committed 7680K, reserved 1048576K
}
Event: 7.416 GC heap after
{Heap after GC invocations=104 (full 7):
 PSYoungGen      total 6656K, used 1758K [0x00000000eab00000, 0x00000000eb380000, 0x0000000100000000)
  eden space 4096K, 0% used [0x00000000eab00000,0x00000000eab00000,0x00000000eaf00000)
  from space 2560K, 68% used [0x00000000eaf00000,0x00000000eb0b7ab0,0x00000000eb180000)
  to   space 2048K, 0% used [0x00000000eb180000,0x00000000eb180000,0x00000000eb380000)
 ParOldGen       total 176640K, used 172641K [0x00000000c0000000, 0x00000000cac80000, 0x00000000eab00000)
  object space 176640K, 97% used [0x00000000c0000000,0x00000000ca898430,0x00000000cac80000)
 Metaspace       used 67022K, committed 68352K, reserved 1114112K
  class space    used 7072K, committed 7680K, reserved 1048576K
}
Event: 7.426 GC heap before
{Heap before GC invocations=105 (full 7):
 PSYoungGen      total 6656K, used 5854K [0x00000000eab00000, 0x00000000eb380000, 0x0000000100000000)
  eden space 4096K, 100% used [0x00000000eab00000,0x00000000eaf00000,0x00000000eaf00000)
  from space 2560K, 68% used [0x00000000eaf00000,0x00000000eb0b7ab0,0x00000000eb180000)
  to   space 2048K, 0% used [0x00000000eb180000,0x00000000eb180000,0x00000000eb380000)
 ParOldGen       total 176640K, used 172641K [0x00000000c0000000, 0x00000000cac80000, 0x00000000eab00000)
  object space 176640K, 97% used [0x00000000c0000000,0x00000000ca898430,0x00000000cac80000)
 Metaspace       used 67044K, committed 68352K, reserved 1114112K
  class space    used 7077K, committed 7680K, reserved 1048576K
}
Event: 7.427 GC heap after
{Heap after GC invocations=105 (full 7):
 PSYoungGen      total 5632K, used 2043K [0x00000000eab00000, 0x00000000eb580000, 0x0000000100000000)
  eden space 3584K, 0% used [0x00000000eab00000,0x00000000eab00000,0x00000000eae80000)
  from space 2048K, 99% used [0x00000000eb180000,0x00000000eb37edc0,0x00000000eb380000)
  to   space 3072K, 0% used [0x00000000eae80000,0x00000000eae80000,0x00000000eb180000)
 ParOldGen       total 176640K, used 173162K [0x00000000c0000000, 0x00000000cac80000, 0x00000000eab00000)
  object space 176640K, 98% used [0x00000000c0000000,0x00000000ca91a8b0,0x00000000cac80000)
 Metaspace       used 67044K, committed 68352K, reserved 1114112K
  class space    used 7077K, committed 7680K, reserved 1048576K
}

Dll operation events (10 events):
Event: 0.007 Loaded shared library c:\Users\PC\.vscode\extensions\redhat.java-1.35.1-win32-x64\jre\17.0.12-win32-x86_64\bin\java.dll
Event: 0.158 Loaded shared library c:\Users\PC\.vscode\extensions\redhat.java-1.35.1-win32-x64\jre\17.0.12-win32-x86_64\bin\zip.dll
Event: 0.162 Loaded shared library C:\Users\PC\.vscode\extensions\redhat.java-1.35.1-win32-x64\jre\17.0.12-win32-x86_64\bin\instrument.dll
Event: 0.177 Loaded shared library C:\Users\PC\.vscode\extensions\redhat.java-1.35.1-win32-x64\jre\17.0.12-win32-x86_64\bin\net.dll
Event: 0.179 Loaded shared library C:\Users\PC\.vscode\extensions\redhat.java-1.35.1-win32-x64\jre\17.0.12-win32-x86_64\bin\nio.dll
Event: 0.188 Loaded shared library C:\Users\PC\.vscode\extensions\redhat.java-1.35.1-win32-x64\jre\17.0.12-win32-x86_64\bin\zip.dll
Event: 0.205 Loaded shared library C:\Users\PC\.vscode\extensions\redhat.java-1.35.1-win32-x64\jre\17.0.12-win32-x86_64\bin\jimage.dll
Event: 0.268 Loaded shared library c:\Users\PC\.vscode\extensions\redhat.java-1.35.1-win32-x64\jre\17.0.12-win32-x86_64\bin\verify.dll
Event: 1.057 Loaded shared library C:\Users\PC\AppData\Roaming\Code\User\globalStorage\redhat.java\1.35.1\config_win\org.eclipse.equinox.launcher\org.eclipse.equinox.launcher.win32.win32.x86_64_1.2.1100.v20240722-2106\eclipse_11904.dll
Event: 1.972 Loaded shared library C:\Users\PC\AppData\Local\Temp\jna-2547\jna197348582836342984.dll

Deoptimization events (20 events):
Event: 7.391 Thread 0x00000207156c6d90 Uncommon trap: trap_request=0xffffff45 fr.pc=0x0000020707c4199c relative=0x000000000000017c
Event: 7.391 Thread 0x00000207156c6d90 Uncommon trap: reason=unstable_if action=reinterpret pc=0x0000020707c4199c method=java.util.concurrent.ConcurrentHashMap.get(Ljava/lang/Object;)Ljava/lang/Object; @ 76 c2
Event: 7.391 Thread 0x00000207156c6d90 DEOPT PACKING pc=0x0000020707c4199c sp=0x0000006e063fe670
Event: 7.392 Thread 0x00000207156c6d90 DEOPT UNPACKING pc=0x00000207074a66a3 sp=0x0000006e063fe5d8 mode 2
Event: 7.406 Thread 0x0000020710431720 Uncommon trap: trap_request=0xffffffc6 fr.pc=0x0000020707d0ac80 relative=0x00000000000001e0
Event: 7.406 Thread 0x0000020710431720 Uncommon trap: reason=bimorphic_or_optimized_type_check action=maybe_recompile pc=0x0000020707d0ac80 method=java.util.Collections.eq(Ljava/lang/Object;Ljava/lang/Object;)Z @ 18 c2
Event: 7.406 Thread 0x0000020710431720 DEOPT PACKING pc=0x0000020707d0ac80 sp=0x0000006e01afe950
Event: 7.406 Thread 0x0000020710431720 DEOPT UNPACKING pc=0x00000207074a66a3 sp=0x0000006e01afe890 mode 2
Event: 7.408 Thread 0x0000020710431720 Uncommon trap: trap_request=0xffffffc6 fr.pc=0x0000020707d0ac80 relative=0x00000000000001e0
Event: 7.408 Thread 0x0000020710431720 Uncommon trap: reason=bimorphic_or_optimized_type_check action=maybe_recompile pc=0x0000020707d0ac80 method=java.util.Collections.eq(Ljava/lang/Object;Ljava/lang/Object;)Z @ 18 c2
Event: 7.408 Thread 0x0000020710431720 DEOPT PACKING pc=0x0000020707d0ac80 sp=0x0000006e01afeac0
Event: 7.408 Thread 0x0000020710431720 DEOPT UNPACKING pc=0x00000207074a66a3 sp=0x0000006e01afea00 mode 2
Event: 7.420 Thread 0x0000020710432140 Uncommon trap: trap_request=0xffffff45 fr.pc=0x000002070802b640 relative=0x0000000000001520
Event: 7.420 Thread 0x0000020710432140 Uncommon trap: reason=unstable_if action=reinterpret pc=0x000002070802b640 method=org.eclipse.jdt.internal.compiler.classfmt.MethodInfo.createMethod([B[IIJ)Lorg/eclipse/jdt/internal/compiler/classfmt/MethodInfo; @ 217 c2
Event: 7.420 Thread 0x0000020710432140 DEOPT PACKING pc=0x000002070802b640 sp=0x0000006e02efe790
Event: 7.420 Thread 0x0000020710432140 DEOPT UNPACKING pc=0x00000207074a66a3 sp=0x0000006e02efe6e0 mode 2
Event: 7.422 Thread 0x0000020710432140 Uncommon trap: trap_request=0xffffff45 fr.pc=0x0000020707fe1494 relative=0x0000000000000d34
Event: 7.423 Thread 0x0000020710432140 Uncommon trap: reason=unstable_if action=reinterpret pc=0x0000020707fe1494 method=org.eclipse.jdt.internal.compiler.classfmt.FieldInfo.createField([B[IIJ)Lorg/eclipse/jdt/internal/compiler/classfmt/FieldInfo; @ 167 c2
Event: 7.423 Thread 0x0000020710432140 DEOPT PACKING pc=0x0000020707fe1494 sp=0x0000006e02efe7a0
Event: 7.423 Thread 0x0000020710432140 DEOPT UNPACKING pc=0x00000207074a66a3 sp=0x0000006e02efe708 mode 2

Classes loaded (20 events):
Event: 7.323 Loading class java/util/stream/ReduceOps$CountingSink done
Event: 7.323 Loading class java/util/stream/ReduceOps$CountingSink$OfRef done
Event: 7.326 Loading class java/util/stream/ReduceOps$1
Event: 7.326 Loading class java/util/stream/ReduceOps$1 done
Event: 7.326 Loading class java/util/stream/ReduceOps$1ReducingSink
Event: 7.327 Loading class java/util/stream/ReduceOps$1ReducingSink done
Event: 7.341 Loading class java/util/Hashtable$KeySet
Event: 7.341 Loading class java/util/Hashtable$KeySet done
Event: 7.373 Loading class org/xml/sax/SAXNotRecognizedException
Event: 7.373 Loading class org/xml/sax/SAXNotRecognizedException done
Event: 7.373 Loading class org/xml/sax/SAXNotSupportedException
Event: 7.373 Loading class org/xml/sax/SAXNotSupportedException done
Event: 7.375 Loading class com/sun/org/apache/xerces/internal/util/URI
Event: 7.375 Loading class com/sun/org/apache/xerces/internal/util/URI done
Event: 7.376 Loading class com/sun/org/apache/xerces/internal/util/EncodingMap
Event: 7.376 Loading class com/sun/org/apache/xerces/internal/util/EncodingMap done
Event: 7.378 Loading class com/sun/org/apache/xerces/internal/xni/XNIException
Event: 7.379 Loading class com/sun/org/apache/xerces/internal/xni/XNIException done
Event: 7.379 Loading class com/sun/org/apache/xerces/internal/xni/parser/XMLParseException
Event: 7.379 Loading class com/sun/org/apache/xerces/internal/xni/parser/XMLParseException done

Classes unloaded (8 events):
Event: 1.740 Thread 0x0000020773c89810 Unloading class 0x000000010024b800 'java/lang/invoke/LambdaForm$MH+0x000000010024b800'
Event: 1.740 Thread 0x0000020773c89810 Unloading class 0x000000010024b400 'java/lang/invoke/LambdaForm$MH+0x000000010024b400'
Event: 1.740 Thread 0x0000020773c89810 Unloading class 0x000000010024b000 'java/lang/invoke/LambdaForm$MH+0x000000010024b000'
Event: 1.740 Thread 0x0000020773c89810 Unloading class 0x000000010024ac00 'java/lang/invoke/LambdaForm$MH+0x000000010024ac00'
Event: 1.740 Thread 0x0000020773c89810 Unloading class 0x000000010024a800 'java/lang/invoke/LambdaForm$BMH+0x000000010024a800'
Event: 1.740 Thread 0x0000020773c89810 Unloading class 0x000000010024a400 'java/lang/invoke/LambdaForm$DMH+0x000000010024a400'
Event: 1.740 Thread 0x0000020773c89810 Unloading class 0x0000000100238800 'java/lang/invoke/LambdaForm$DMH+0x0000000100238800'
Event: 5.417 Thread 0x0000020773c89810 Unloading class 0x000000010060c000 'java/lang/invoke/LambdaForm$DMH+0x000000010060c000'

Classes redefined (0 events):
No events

Internal exceptions (20 events):
Event: 7.274 Thread 0x00000207101146b0 Exception <a 'sun/nio/fs/WindowsException'{0x00000000eaf53878}> (0x00000000eaf53878) 
thrown [s\src\hotspot\share\prims\jni.cpp, line 516]
Event: 7.274 Thread 0x00000207101146b0 Exception <a 'sun/nio/fs/WindowsException'{0x00000000eaf6dde8}> (0x00000000eaf6dde8) 
thrown [s\src\hotspot\share\prims\jni.cpp, line 516]
Event: 7.274 Thread 0x00000207101146b0 Exception <a 'sun/nio/fs/WindowsException'{0x00000000eafdd8c8}> (0x00000000eafdd8c8) 
thrown [s\src\hotspot\share\prims\jni.cpp, line 516]
Event: 7.274 Thread 0x00000207101146b0 Exception <a 'sun/nio/fs/WindowsException'{0x00000000eafddf20}> (0x00000000eafddf20) 
thrown [s\src\hotspot\share\prims\jni.cpp, line 516]
Event: 7.277 Thread 0x00000207101146b0 Exception <a 'sun/nio/fs/WindowsException'{0x00000000eab175b0}> (0x00000000eab175b0) 
thrown [s\src\hotspot\share\prims\jni.cpp, line 516]
Event: 7.277 Thread 0x00000207101146b0 Exception <a 'sun/nio/fs/WindowsException'{0x00000000eab17c08}> (0x00000000eab17c08) 
thrown [s\src\hotspot\share\prims\jni.cpp, line 516]
Event: 7.277 Thread 0x00000207101146b0 Exception <a 'sun/nio/fs/WindowsException'{0x00000000eab18920}> (0x00000000eab18920) 
thrown [s\src\hotspot\share\prims\jni.cpp, line 516]
Event: 7.277 Thread 0x00000207101146b0 Exception <a 'sun/nio/fs/WindowsException'{0x00000000eab18f58}> (0x00000000eab18f58) 
thrown [s\src\hotspot\share\prims\jni.cpp, line 516]
Event: 7.277 Thread 0x00000207101146b0 Exception <a 'sun/nio/fs/WindowsException'{0x00000000eab47cf0}> (0x00000000eab47cf0) 
thrown [s\src\hotspot\share\prims\jni.cpp, line 516]
Event: 7.277 Thread 0x00000207101146b0 Exception <a 'sun/nio/fs/WindowsException'{0x00000000eab48328}> (0x00000000eab48328) 
thrown [s\src\hotspot\share\prims\jni.cpp, line 516]
Event: 7.367 Thread 0x00000207156c6d90 Exception <a 'sun/nio/fs/WindowsException'{0x00000000eab76840}> (0x00000000eab76840) 
thrown [s\src\hotspot\share\prims\jni.cpp, line 516]
Event: 7.367 Thread 0x00000207156c6d90 Exception <a 'sun/nio/fs/WindowsException'{0x00000000eab77140}> (0x00000000eab77140) 
thrown [s\src\hotspot\share\prims\jni.cpp, line 516]
Event: 7.367 Thread 0x00000207156c6d90 Exception <a 'sun/nio/fs/WindowsException'{0x00000000eab782b0}> (0x00000000eab782b0) 
thrown [s\src\hotspot\share\prims\jni.cpp, line 516]
Event: 7.367 Thread 0x00000207156c6d90 Exception <a 'sun/nio/fs/WindowsException'{0x00000000eab78b90}> (0x00000000eab78b90) 
thrown [s\src\hotspot\share\prims\jni.cpp, line 516]
Event: 7.374 Thread 0x00000207156c6d90 Exception <a 'java/io/FileNotFoundException'{0x00000000eab90280}> (0x00000000eab90280) 
thrown [s\src\hotspot\share\prims\jni.cpp, line 516]
Event: 7.375 Thread 0x00000207156c6d90 Exception <a 'java/io/FileNotFoundException'{0x00000000eabbc8d0}> (0x00000000eabbc8d0) 
thrown [s\src\hotspot\share\prims\jni.cpp, line 516]
Event: 7.384 Thread 0x00000207156c6d90 Exception <a 'sun/nio/fs/WindowsException'{0x00000000eac0ef70}> (0x00000000eac0ef70) 
thrown [s\src\hotspot\share\prims\jni.cpp, line 516]
Event: 7.384 Thread 0x00000207156c6d90 Exception <a 'sun/nio/fs/WindowsException'{0x00000000eae048f0}> (0x00000000eae048f0) 
thrown [s\src\hotspot\share\prims\jni.cpp, line 516]
Event: 7.413 Thread 0x0000020710431720 Exception <a 'java/lang/NoSuchMethodError'{0x00000000eabfc590}: 'java.lang.Object java.lang.invoke.DirectMethodHandle$Holder.invokeStatic(java.lang.Object, java.lang.Object, int, java.lang.Object)'> (0x00000000eabfc590) 
thrown [s\src\hotspot\share\interpreter\linkResolver.cpp, line 759]
Event: 7.414 Thread 0x0000020710431720 Exception <a 'java/lang/NoSuchMethodError'{0x00000000eae5fec8}: 'java.lang.Object java.lang.invoke.DirectMethodHandle$Holder.newInvokeSpecial(java.lang.Object, java.lang.Object, int)'> (0x00000000eae5fec8) 
thrown [s\src\hotspot\share\interpreter\linkResolver.cpp, line 759]

VM Operations (20 events):
Event: 7.357 Executing VM operation: ParallelGCFailedAllocation
Event: 7.359 Executing VM operation: ParallelGCFailedAllocation done
Event: 7.378 Executing VM operation: HandshakeAllThreads
Event: 7.378 Executing VM operation: HandshakeAllThreads done
Event: 7.385 Executing VM operation: ParallelGCFailedAllocation
Event: 7.388 Executing VM operation: ParallelGCFailedAllocation done
Event: 7.391 Executing VM operation: HandshakeAllThreads
Event: 7.391 Executing VM operation: HandshakeAllThreads done
Event: 7.392 Executing VM operation: HandshakeAllThreads
Event: 7.392 Executing VM operation: HandshakeAllThreads done
Event: 7.398 Executing VM operation: ParallelGCFailedAllocation
Event: 7.399 Executing VM operation: ParallelGCFailedAllocation done
Event: 7.407 Executing VM operation: ParallelGCFailedAllocation
Event: 7.408 Executing VM operation: ParallelGCFailedAllocation done
Event: 7.415 Executing VM operation: ParallelGCFailedAllocation
Event: 7.416 Executing VM operation: ParallelGCFailedAllocation done
Event: 7.426 Executing VM operation: ParallelGCFailedAllocation
Event: 7.427 Executing VM operation: ParallelGCFailedAllocation done
Event: 7.427 Executing VM operation: HandshakeAllThreads
Event: 7.427 Executing VM operation: HandshakeAllThreads done

Events (20 events):
Event: 6.505 Thread 0x000002077dc05780 flushing nmethod 0x0000020700dc4610
Event: 6.505 Thread 0x000002077dc05780 flushing nmethod 0x0000020700de0590
Event: 6.506 Thread 0x000002077dc05780 flushing nmethod 0x0000020700e21c90
Event: 6.506 Thread 0x000002077dc05780 flushing nmethod 0x0000020700e34a90
Event: 6.506 Thread 0x000002077dc05780 flushing nmethod 0x0000020700e53190
Event: 6.506 Thread 0x000002077dc05780 flushing nmethod 0x0000020700e66310
Event: 6.506 Thread 0x000002077dc05780 flushing nmethod 0x0000020700e6c410
Event: 6.506 Thread 0x000002077dc05780 flushing nmethod 0x0000020700e73390
Event: 6.506 Thread 0x000002077dc05780 flushing nmethod 0x0000020700e77e10
Event: 6.506 Thread 0x000002077dc05780 flushing nmethod 0x0000020700e7b790
Event: 6.506 Thread 0x000002077dc05780 flushing nmethod 0x0000020700e9e510
Event: 6.506 Thread 0x000002077dc05780 flushing nmethod 0x0000020700eb1710
Event: 6.550 Thread 0x00000207156cb470 Thread added: 0x00000207156cb470
Event: 6.915 Thread 0x00000207156c7cc0 Thread added: 0x00000207156c7cc0
Event: 7.305 Thread 0x00000207156cb980 Thread added: 0x00000207156cb980
Event: 7.306 Thread 0x00000207156ce200 Thread added: 0x00000207156ce200
Event: 7.307 Thread 0x00000207156c6d90 Thread added: 0x00000207156c6d90
Event: 7.307 Thread 0x00000207156ca540 Thread added: 0x00000207156ca540
Event: 7.430 Thread 0x000002077dc05780 flushing nmethod 0x0000020707edfe10
Event: 7.430 Thread 0x000002077dc05780 flushing nmethod 0x0000020707ee3390


Dynamic libraries:
0x00007ff75d090000 - 0x00007ff75d09e000 	c:\Users\PC\.vscode\extensions\redhat.java-1.35.1-win32-x64\jre\17.0.12-win32-x86_64\bin\java.exe
0x00007ffb62a90000 - 0x00007ffb62ca7000 	C:\WINDOWS\SYSTEM32\ntdll.dll
0x00007ffb61500000 - 0x00007ffb615c4000 	C:\WINDOWS\System32\KERNEL32.DLL
0x00007ffb60100000 - 0x00007ffb604b7000 	C:\WINDOWS\System32\KERNELBASE.dll
0x00007ffb5ffe0000 - 0x00007ffb600f1000 	C:\WINDOWS\System32\ucrtbase.dll
0x00007ffb56a40000 - 0x00007ffb56a57000 	c:\Users\PC\.vscode\extensions\redhat.java-1.35.1-win32-x64\jre\17.0.12-win32-x86_64\bin\jli.dll
0x00007ffb56990000 - 0x00007ffb569ab000 	c:\Users\PC\.vscode\extensions\redhat.java-1.35.1-win32-x64\jre\17.0.12-win32-x86_64\bin\VCRUNTIME140.dll
0x00007ffb607c0000 - 0x00007ffb6096f000 	C:\WINDOWS\System32\USER32.dll
0x00007ffb5fe60000 - 0x00007ffb5fe86000 	C:\WINDOWS\System32\win32u.dll
0x00007ffb57940000 - 0x00007ffb57bd3000 	C:\WINDOWS\WinSxS\amd64_microsoft.windows.common-controls_6595b64144ccf1df_6.0.22621.3672_none_2713b9d173822955\COMCTL32.dll
0x00007ffb615d0000 - 0x00007ffb615f9000 	C:\WINDOWS\System32\GDI32.dll
0x00007ffb62510000 - 0x00007ffb625b7000 	C:\WINDOWS\System32\msvcrt.dll
0x00007ffb5fec0000 - 0x00007ffb5ffd8000 	C:\WINDOWS\System32\gdi32full.dll
0x00007ffb606a0000 - 0x00007ffb6073a000 	C:\WINDOWS\System32\msvcp_win.dll
0x00007ffb61440000 - 0x00007ffb61471000 	C:\WINDOWS\System32\IMM32.DLL
0x00007ffb5a810000 - 0x00007ffb5a81c000 	c:\Users\PC\.vscode\extensions\redhat.java-1.35.1-win32-x64\jre\17.0.12-win32-x86_64\bin\vcruntime140_1.dll
0x00007ffb4c190000 - 0x00007ffb4c21d000 	c:\Users\PC\.vscode\extensions\redhat.java-1.35.1-win32-x64\jre\17.0.12-win32-x86_64\bin\msvcp140.dll
0x00007ffb14270000 - 0x00007ffb14eda000 	c:\Users\PC\.vscode\extensions\redhat.java-1.35.1-win32-x64\jre\17.0.12-win32-x86_64\bin\server\jvm.dll
0x00007ffb61680000 - 0x00007ffb61732000 	C:\WINDOWS\System32\ADVAPI32.dll
0x00007ffb60970000 - 0x00007ffb60a18000 	C:\WINDOWS\System32\sechost.dll
0x00007ffb5fe90000 - 0x00007ffb5feb8000 	C:\WINDOWS\System32\bcrypt.dll
0x00007ffb62340000 - 0x00007ffb62454000 	C:\WINDOWS\System32\RPCRT4.dll
0x00007ffb61350000 - 0x00007ffb613c1000 	C:\WINDOWS\System32\WS2_32.dll
0x00007ffb57800000 - 0x00007ffb57834000 	C:\WINDOWS\SYSTEM32\WINMM.dll
0x00007ffb56ed0000 - 0x00007ffb56eda000 	C:\WINDOWS\SYSTEM32\VERSION.dll
0x00007ffb5f5e0000 - 0x00007ffb5f62d000 	C:\WINDOWS\SYSTEM32\POWRPROF.dll
0x00007ffb5f560000 - 0x00007ffb5f573000 	C:\WINDOWS\SYSTEM32\UMPDC.dll
0x00007ffb5edb0000 - 0x00007ffb5edc8000 	C:\WINDOWS\SYSTEM32\kernel.appcore.dll
0x00007ffb595c0000 - 0x00007ffb595ca000 	c:\Users\PC\.vscode\extensions\redhat.java-1.35.1-win32-x64\jre\17.0.12-win32-x86_64\bin\jimage.dll
0x00007ffb5ccf0000 - 0x00007ffb5cf22000 	C:\WINDOWS\SYSTEM32\DBGHELP.DLL
0x00007ffb61fb0000 - 0x00007ffb6233e000 	C:\WINDOWS\System32\combase.dll
0x00007ffb625c0000 - 0x00007ffb62697000 	C:\WINDOWS\System32\OLEAUT32.dll
0x00007ffb550c0000 - 0x00007ffb550f2000 	C:\WINDOWS\SYSTEM32\dbgcore.DLL
0x00007ffb60740000 - 0x00007ffb607bb000 	C:\WINDOWS\System32\bcryptPrimitives.dll
0x00007ffb57850000 - 0x00007ffb5785e000 	c:\Users\PC\.vscode\extensions\redhat.java-1.35.1-win32-x64\jre\17.0.12-win32-x86_64\bin\instrument.dll
0x00007ffb4cd40000 - 0x00007ffb4cd65000 	c:\Users\PC\.vscode\extensions\redhat.java-1.35.1-win32-x64\jre\17.0.12-win32-x86_64\bin\java.dll
0x00007ffb56970000 - 0x00007ffb56988000 	c:\Users\PC\.vscode\extensions\redhat.java-1.35.1-win32-x64\jre\17.0.12-win32-x86_64\bin\zip.dll
0x00007ffb61740000 - 0x00007ffb61fa9000 	C:\WINDOWS\System32\SHELL32.dll
0x00007ffb5dcc0000 - 0x00007ffb5e5bf000 	C:\WINDOWS\SYSTEM32\windows.storage.dll
0x00007ffb5db80000 - 0x00007ffb5dcbf000 	C:\WINDOWS\SYSTEM32\wintypes.dll
0x00007ffb61000000 - 0x00007ffb610f9000 	C:\WINDOWS\System32\SHCORE.dll
0x00007ffb626d0000 - 0x00007ffb6272e000 	C:\WINDOWS\System32\shlwapi.dll
0x00007ffb5fcd0000 - 0x00007ffb5fcf7000 	C:\WINDOWS\SYSTEM32\profapi.dll
0x00007ffb546c0000 - 0x00007ffb546d9000 	C:\Users\PC\.vscode\extensions\redhat.java-1.35.1-win32-x64\jre\17.0.12-win32-x86_64\bin\net.dll
0x00007ffb595f0000 - 0x00007ffb59726000 	C:\WINDOWS\SYSTEM32\WINHTTP.dll
0x00007ffb5f210000 - 0x00007ffb5f279000 	C:\WINDOWS\system32\mswsock.dll
0x00007ffb53980000 - 0x00007ffb53996000 	C:\Users\PC\.vscode\extensions\redhat.java-1.35.1-win32-x64\jre\17.0.12-win32-x86_64\bin\nio.dll
0x00007ffb54830000 - 0x00007ffb54840000 	c:\Users\PC\.vscode\extensions\redhat.java-1.35.1-win32-x64\jre\17.0.12-win32-x86_64\bin\verify.dll
0x00007ffb1b000000 - 0x00007ffb1b045000 	C:\Users\PC\AppData\Roaming\Code\User\globalStorage\redhat.java\1.35.1\config_win\org.eclipse.equinox.launcher\org.eclipse.equinox.launcher.win32.win32.x86_64_1.2.1100.v20240722-2106\eclipse_11904.dll
0x00007ffb61100000 - 0x00007ffb612a5000 	C:\WINDOWS\System32\ole32.dll
0x00007ffb5f650000 - 0x00007ffb5f66b000 	C:\WINDOWS\SYSTEM32\CRYPTSP.dll
0x00007ffb5ed10000 - 0x00007ffb5ed45000 	C:\WINDOWS\system32\rsaenh.dll
0x00007ffb5f2b0000 - 0x00007ffb5f2d8000 	C:\WINDOWS\SYSTEM32\USERENV.dll
0x00007ffb5f630000 - 0x00007ffb5f63c000 	C:\WINDOWS\SYSTEM32\CRYPTBASE.dll
0x00007ffb5e820000 - 0x00007ffb5e84d000 	C:\WINDOWS\SYSTEM32\IPHLPAPI.DLL
0x00007ffb61670000 - 0x00007ffb61679000 	C:\WINDOWS\System32\NSI.dll
0x00007ffb59330000 - 0x00007ffb59349000 	C:\WINDOWS\SYSTEM32\dhcpcsvc6.DLL
0x00007ffb59310000 - 0x00007ffb5932f000 	C:\WINDOWS\SYSTEM32\dhcpcsvc.DLL
0x00007ffb5e850000 - 0x00007ffb5e952000 	C:\WINDOWS\SYSTEM32\DNSAPI.dll
0x00007ffb2ff80000 - 0x00007ffb2ffc9000 	C:\Users\PC\AppData\Local\Temp\jna-2547\jna197348582836342984.dll
0x00007ffb61660000 - 0x00007ffb61668000 	C:\WINDOWS\System32\PSAPI.DLL

dbghelp: loaded successfully - version: 4.0.5 - missing functions: none
symbol engine: initialized successfully - sym options: 0x614 - pdb path: .;c:\Users\PC\.vscode\extensions\redhat.java-1.35.1-win32-x64\jre\17.0.12-win32-x86_64\bin;C:\WINDOWS\SYSTEM32;C:\WINDOWS\WinSxS\amd64_microsoft.windows.common-controls_6595b64144ccf1df_6.0.22621.3672_none_2713b9d173822955;c:\Users\PC\.vscode\extensions\redhat.java-1.35.1-win32-x64\jre\17.0.12-win32-x86_64\bin\server;C:\Users\PC\AppData\Roaming\Code\User\globalStorage\redhat.java\1.35.1\config_win\org.eclipse.equinox.launcher\org.eclipse.equinox.launcher.win32.win32.x86_64_1.2.1100.v20240722-2106;C:\Users\PC\AppData\Local\Temp\jna-2547

VM Arguments:
jvm_args: --add-modules=ALL-SYSTEM --add-opens=java.base/java.util=ALL-UNNAMED --add-opens=java.base/java.lang=ALL-UNNAMED --add-opens=java.base/sun.nio.fs=ALL-UNNAMED -Declipse.application=org.eclipse.jdt.ls.core.id1 -Dosgi.bundles.defaultStartLevel=4 -Declipse.product=org.eclipse.jdt.ls.core.product -Djava.import.generatesMetadataFilesAtProjectRoot=false -DDetectVMInstallationsJob.disabled=true -Dfile.encoding=utf8 -XX:+UseParallelGC -XX:GCTimeRatio=4 -XX:AdaptiveSizePolicyWeight=90 -Dsun.zip.disableMemoryMapping=true -Xmx1G -Xms100m -Xlog:disable -javaagent:c:\Users\PC\.vscode\extensions\redhat.java-1.35.1-win32-x64\lombok\lombok-1.18.33.jar -XX:+HeapDumpOnOutOfMemoryError -XX:HeapDumpPath=c:\Users\PC\AppData\Roaming\Code\User\workspaceStorage\3abd4cffeeb0713efb1474071e056597\redhat.java -Daether.dependencyCollector.impl=bf 
java_command: c:\Users\PC\.vscode\extensions\redhat.java-1.35.1-win32-x64\server\plugins\org.eclipse.equinox.launcher_1.6.900.v20240613-2009.jar -configuration c:\Users\PC\AppData\Roaming\Code\User\globalStorage\redhat.java\1.35.1\config_win -data c:\Users\PC\AppData\Roaming\Code\User\workspaceStorage\3abd4cffeeb0713efb1474071e056597\redhat.java\jdt_ws --pipe=\\.\pipe\lsp-82a652f1c2e956d2a5dfe27400374a5b-sock
java_class_path (initial): c:\Users\PC\.vscode\extensions\redhat.java-1.35.1-win32-x64\server\plugins\org.eclipse.equinox.launcher_1.6.900.v20240613-2009.jar
Launcher Type: SUN_STANDARD

[Global flags]
    uintx AdaptiveSizePolicyWeight                 = 90                                        {product} {command line}
     intx CICompilerCount                          = 12                                        {product} {ergonomic}
    uintx GCTimeRatio                              = 4                                         {product} {command line}
     bool HeapDumpOnOutOfMemoryError               = true                                   {manageable} {command line}
    ccstr HeapDumpPath                             = c:\Users\PC\AppData\Roaming\Code\User\workspaceStorage\3abd4cffeeb0713efb1474071e056597\redhat.java         {manageable} {command line}
   size_t InitialHeapSize                          = 104857600                                 {product} {command line}
   size_t MaxHeapSize                              = 1073741824                                {product} {command line}
   size_t MaxNewSize                               = 357564416                                 {product} {ergonomic}
   size_t MinHeapDeltaBytes                        = 524288                                    {product} {ergonomic}
   size_t MinHeapSize                              = 104857600                                 {product} {command line}
   size_t NewSize                                  = 34603008                                  {product} {ergonomic}
    uintx NonNMethodCodeHeapSize                   = 7602480                                {pd product} {ergonomic}
    uintx NonProfiledCodeHeapSize                  = 122027880                              {pd product} {ergonomic}
   size_t OldSize                                  = 70254592                                  {product} {ergonomic}
    uintx ProfiledCodeHeapSize                     = 122027880                              {pd product} {ergonomic}
    uintx ReservedCodeCacheSize                    = 251658240                              {pd product} {ergonomic}
     bool SegmentedCodeCache                       = true                                      {product} {ergonomic}
   size_t SoftMaxHeapSize                          = 1073741824                             {manageable} {ergonomic}
     bool UseCompressedClassPointers               = true                           {product lp64_product} {ergonomic}
     bool UseCompressedOops                        = true                           {product lp64_product} {ergonomic}
     bool UseLargePagesIndividualAllocation        = false                                  {pd product} {ergonomic}
     bool UseParallelGC                            = true                                      {product} {command line}

Logging:
Log output configuration:
 #0: stdout all=off uptime,level,tags
 #1: stderr all=off uptime,level,tags

Environment Variables:
PATH=C:\Program Files\Common Files\Oracle\Java\javapath;C:\Program Files (x86)\Common Files\Intel\Shared Libraries\redist\intel64\compiler;C:\Program Files (x86)\Common Files\Oracle\Java\javapath;C:\Windows\system32;C:\Windows;C:\Windows\System32\Wbem;C:\Windows\System32\WindowsPowerShell\v1.0\;C:\Windows\System32\OpenSSH\;C:\Program Files (x86)\NVIDIA Corporation\PhysX\Common;C:\Program Files\dotnet\;C:\WINDOWS\system32;C:\WINDOWS;C:\WINDOWS\System32\Wbem;C:\WINDOWS\System32\WindowsPowerShell\v1.0\;C:\WINDOWS\System32\OpenSSH\;C:\msys64\mingw64\bin;C:\Program Files (x86)\Microsoft SQL Server\160\Tools\Binn\;C:\Program Files\Microsoft SQL Server\160\Tools\Binn\;C:\Program Files\Microsoft SQL Server\Client SDK\ODBC\170\Tools\Binn\;C:\Program Files\Microsoft SQL Server\160\DTS\Binn\;C:\Program Files (x86)\Microsoft SQL Server\160\DTS\Binn\;C:\Program Files\Azure Data Studio\bin;C:\Program Files\Cloudflare\Cloudflare WARP\;C:\Program Files\Git\cmd;C:\Program Files\NVIDIA Corporation\NVIDIA app\NvDLISR;C:\Program Files\nodejs\;C:\Program Files\Docker\Docker\resources\bin;C:\Users\PC\AppData\Local\Programs\Python\Launcher\;C:\Users\PC\AppData\Local\Microsoft\WindowsApps;C:\Users\PC\AppData\Local\Programs\Microsoft VS Code\bin;C:\Users\PC\AppData\Local\GitHubDesktop\bin;C:\Program Files\Azure Data Studio\bin;;C:\Program Files\Azure Data Studio\bin;C:\Program Files\Azure Data Studio\bin;C:\Users\PC\AppData\Roaming\npm
USERNAME=PC
OS=Windows_NT
PROCESSOR_IDENTIFIER=Intel64 Family 6 Model 154 Stepping 3, GenuineIntel
TMP=C:\Users\PC\AppData\Local\Temp
TEMP=C:\Users\PC\AppData\Local\Temp



Periodic native trim disabled


---------------  S Y S T E M  ---------------

OS:
 Windows 11 , 64 bit Build 22621 (10.0.22621.3958)
OS uptime: 0 days 0:24 hours
Hyper-V role detected

CPU: total 20 (initial active 20) (10 cores per cpu, 2 threads per core) family 6 model 154 stepping 3 microcode 0x429, cx8, cmov, fxsr, ht, mmx, 3dnowpref, sse, sse2, sse3, ssse3, sse4.1, sse4.2, popcnt, lzcnt, tsc, tscinvbit, avx, avx2, aes, erms, clmul, bmi1, bmi2, adx, sha, fma, vzeroupper, clflush, clflushopt, clwb, hv
Processor Information for all 20 processors :
  Max Mhz: 2300, Current Mhz: 2300, Mhz Limit: 2300

Memory: 4k page, system-wide physical 16004M (4995M free)
TotalPageFile size 16004M (AvailPageFile size 5M)
current process WorkingSet (physical memory assigned to process): 497M, peak: 497M
current process commit charge ("private bytes"): 500M, peak: 502M

vm_info: OpenJDK 64-Bit Server VM (17.0.12+7) for windows-amd64 JRE (17.0.12+7), built on Jul 16 2024 22:08:24 by "admin" with MS VC++ 16.10 / 16.11 (VS2019)

END.
